,number,value,datetime_start,datetime_complete,duration,params_colsample_bytree,params_max_depth,params_min_child_samples,params_num_leaves,params_reg_alpha,params_reg_lambda,params_subsample,user_attrs_mean_fit_time,user_attrs_mean_score_time,user_attrs_mean_test_score,user_attrs_mean_train_score,user_attrs_split0_test_score,user_attrs_split0_train_score,user_attrs_split1_test_score,user_attrs_split1_train_score,user_attrs_split2_test_score,user_attrs_split2_train_score,user_attrs_split3_test_score,user_attrs_split3_train_score,user_attrs_split4_test_score,user_attrs_split4_train_score,user_attrs_split5_test_score,user_attrs_split5_train_score,user_attrs_split6_test_score,user_attrs_split6_train_score,user_attrs_split7_test_score,user_attrs_split7_train_score,user_attrs_split8_test_score,user_attrs_split8_train_score,user_attrs_split9_test_score,user_attrs_split9_train_score,user_attrs_std_fit_time,user_attrs_std_score_time,user_attrs_std_test_score,user_attrs_std_train_score,state
363,363,0.732479564152705,2022-09-13 16:43:35.270502,2022-09-13 16:43:37.787425,0 days 00:00:02.516923,0.9014386049740835,11,49,64,3.2149641826504296,9.227509022418289,0.5283847744984655,0.1537351131439209,0.03631923198699951,0.732479564152705,0.7985173238937983,0.7339023659778376,0.7943857845596174,0.7165318957771788,0.7970610881632265,0.7199398119970244,0.7997982230772465,0.7784878609589504,0.7953812619465044,0.7389122315592904,0.7962158235371813,0.7629551820728291,0.7985501832650905,0.6944444444444444,0.8021232333905692,0.7321428571428572,0.7983772371549334,0.7242063492063492,0.8022189935279356,0.7232726423902894,0.8010614103156782,0.014508306698228692,0.003375705506589883,0.022584288665096364,0.0026298431902622484,COMPLETE
364,364,0.7263378561000379,2022-09-13 16:43:37.791543,2022-09-13 16:43:39.917096,0 days 00:00:02.125553,0.4216810504825479,10,47,66,3.812206488084561,13.599967794259088,0.5129634598432606,0.11512584686279297,0.03732728958129883,0.7263378561000379,0.7733891933819764,0.7150344414495358,0.7795939979068226,0.7123390236597784,0.7730638625521489,0.7305065260025698,0.7685642187202496,0.7746162169473185,0.7659832792211807,0.7474323062558357,0.7713914525822216,0.7201213818860878,0.7741212356359795,0.7109010270774977,0.7773799696209219,0.6991129785247432,0.7708038898428213,0.7373949579831933,0.7713829910183595,0.7159197012138188,0.7816070367190595,0.005625404198263191,0.004482877895450224,0.020894544524552243,0.004641423542017491,COMPLETE
365,365,0.7384855423199914,2022-09-13 16:43:39.921134,2022-09-13 16:43:42.319048,0 days 00:00:02.397914,0.8816871724181576,13,49,54,3.539182254038231,13.827419937470841,0.9926293849151322,0.14118714332580568,0.03544173240661621,0.7384855423199914,0.7924088201573991,0.7382449835280024,0.7959284191143836,0.7244684037136867,0.7911200975990389,0.7248596740380064,0.7958650979500025,0.7925204571583148,0.7851974207502178,0.7510504201680672,0.7938628896446969,0.7518674136321195,0.7912581726324132,0.6954948646125116,0.7969988277638357,0.7279411764705883,0.7905022041341963,0.7457983193277311,0.7896983555672963,0.7326097105508871,0.7936567164179105,0.005377806765321651,0.003810450116599448,0.023845983128974246,0.003391814350740568,COMPLETE
366,366,0.7310832164068711,2022-09-13 16:43:42.323052,2022-09-13 16:43:44.840324,0 days 00:00:02.517272,0.9229697277436493,13,47,54,2.055812628054714,14.494271918260601,0.9899811086182295,0.1536320924758911,0.035273170471191405,0.7310832164068711,0.7977656556781632,0.7345013477088949,0.7973075628933739,0.7123390236597784,0.7953597106708695,0.7087306417799418,0.8014310665575357,0.794616893217015,0.7911975641700894,0.7542016806722689,0.7965656369700171,0.7439309056956116,0.8013216549993396,0.6802054154995332,0.7991540499933959,0.723155929038282,0.797259072447497,0.7289915966386555,0.7978837835160482,0.7301587301587302,0.8001764545634659,0.007931120514022425,0.0032395460473592682,0.02873211205798399,0.002909790889709804,COMPLETE
367,367,0.731321871414421,2022-09-13 16:43:44.844480,2022-09-13 16:43:47.705242,0 days 00:00:02.860762,0.8862637502401305,13,13,54,3.488601816574431,14.114984365550072,0.9919776436011303,0.19033415317535402,0.03342158794403076,0.731321871414421,0.8148763551950676,0.7307577118897873,0.8200699377207487,0.7165318957771788,0.8109943418154495,0.7139717319266923,0.8178136959383328,0.784777169135051,0.8110467919694763,0.746265172735761,0.8122469786025625,0.7470821661998133,0.8156995030379077,0.6917600373482726,0.8179899039096552,0.723155929038282,0.8135921608770308,0.7221055088702147,0.8123095116232995,0.736811391223156,0.8170007264562145,0.012617403549281403,0.0007107586154853613,0.023656171482113787,0.003088252352537422,COMPLETE
368,368,0.7324674239750679,2022-09-13 16:43:47.709943,2022-09-13 16:43:50.037642,0 days 00:00:02.327699,0.9138106930672253,11,55,48,3.1994645229103815,13.859779483667285,0.910396115028078,0.13926162719726562,0.03344383239746094,0.7324674239750679,0.7898172261612545,0.7439353099730459,0.7865582508138413,0.7234201856843365,0.7900704125045672,0.7076824237505916,0.7905820538879561,0.7784878609589504,0.7842147061417499,0.75,0.7901107020208691,0.7397292250233427,0.7951478090740985,0.6912931839402428,0.7922929599788667,0.7279411764705883,0.7910165021133272,0.7309757236227825,0.7847113987584203,0.7312091503267975,0.7934674663188482,0.013821498567459942,0.0010303518080063718,0.022417136624095366,0.00343686929270492,COMPLETE
369,369,0.7332999460689125,2022-09-13 16:43:50.041704,2022-09-13 16:43:52.376537,0 days 00:00:02.334833,0.8585031211561011,10,43,70,3.6209040469569613,14.691805636414893,0.8643936023906483,0.13988211154937744,0.033650660514831544,0.7332999460689125,0.7916810033637787,0.7481281820904462,0.7892131180704786,0.7303084755914945,0.7924920164068774,0.7259078920673565,0.7921155749859259,0.7925204571583148,0.7889319011128229,0.7352941176470589,0.7884450122176727,0.7226890756302521,0.792834293686435,0.6854575163398693,0.7978837835160482,0.7289915966386555,0.7913871598864086,0.736811391223156,0.7860419280808347,0.7268907563025211,0.7974652456742835,0.007862726702664835,0.0007271391628318718,0.025035918366724922,0.0036071288815882683,COMPLETE
370,370,0.7321689560384916,2022-09-13 16:43:52.380366,2022-09-13 16:43:54.881497,0 days 00:00:02.501131,0.8912532160189095,11,27,56,4.892461714058249,14.21526255340284,0.8872042763962796,0.15256543159484864,0.033572840690612796,0.7321689560384916,0.7962530696027863,0.7386942198262954,0.7996955190728917,0.7202755315962863,0.7948727476152434,0.7350206262257388,0.7965821973078276,0.8030026374518158,0.7918281170536943,0.7351774042950514,0.7971007792893938,0.7427637721755369,0.7936505250297186,0.6764705882352942,0.8031726736890767,0.7076330532212884,0.793950188218201,0.7299253034547153,0.7910497292299564,0.7327264239028946,0.8006282195218597,0.0060799136337009885,0.0015497487544319686,0.030067489749073216,0.0037461580112350345,COMPLETE
371,371,0.7316405493014816,2022-09-13 16:43:54.885290,2022-09-13 16:43:57.295204,0 days 00:00:02.409914,0.9034957677899625,11,51,72,3.435196784130534,14.996734929517215,0.49595160051128906,0.1439547061920166,0.03503172397613526,0.7316405493014816,0.7888616151448665,0.7249176400119797,0.7845069782899938,0.7244684037136867,0.7887874640557686,0.7167951579089742,0.789398427821477,0.7763914249002501,0.784698542145248,0.75,0.7872913502179368,0.7466153127917834,0.7891384476951526,0.6902427637721755,0.7922929599788667,0.73109243697479,0.7917369733192445,0.7357609710550888,0.7891632132479196,0.7201213818860878,0.7916017946770572,0.0065692026278008795,0.0014643139685587515,0.021782384701558636,0.002584016847053818,COMPLETE
372,372,0.7327445666844543,2022-09-13 16:43:57.306184,2022-09-13 16:43:59.796517,0 days 00:00:02.490333,0.9346111370758006,13,45,52,2.937030169797495,14.455094998523581,0.9655664861091545,0.15088706016540526,0.0348243236541748,0.7327445666844543,0.7959362299893927,0.7064989517819706,0.7967244045075563,0.7187780772686433,0.7927865888021204,0.7339724081963888,0.7979817774337898,0.7907452492053831,0.7941306653940214,0.7510504201680672,0.7927926050059437,0.7439309056956116,0.7972466896711135,0.6944444444444444,0.7982335969488839,0.7300420168067228,0.797259072447497,0.7267740429505136,0.7922157740060758,0.7312091503267975,0.7999911256769251,0.006817529553430391,0.0010972643222960435,0.024943793104918347,0.0025864502319792523,COMPLETE
373,373,0.7316438809242504,2022-09-13 16:43:59.807334,2022-09-13 16:44:02.026792,0 days 00:00:02.219458,0.699820530051646,10,47,44,5.14767607856434,13.843752723621384,0.9271452511906092,0.12560319900512695,0.035257816314697266,0.7316438809242504,0.7810816128025575,0.7407906558849955,0.7805895989315299,0.7192273135669363,0.782290976423887,0.7126022857915737,0.779815054305852,0.7834077229999323,0.7772988185994143,0.7347105508870215,0.7775089568749174,0.7343604108309991,0.7783877212389381,0.69234360410831,0.7888427057191917,0.7378618113912232,0.7818712026152423,0.7288748832866481,0.7777815843349624,0.7322595704948647,0.7864295089816404,0.00524836386698414,0.003969709911654626,0.022108634437284985,0.0037146663285246052,COMPLETE
374,374,0.7320158789829586,2022-09-13 16:44:02.030849,2022-09-13 16:44:04.323705,0 days 00:00:02.292856,0.8756344332170366,11,49,68,5.367269779630116,13.117119652559648,0.5201003147549004,0.13386013507843017,0.03504579067230225,0.7320158789829586,0.7856436646673386,0.737047020065888,0.7850901366758114,0.7213237496256364,0.7867842891970167,0.7227632379793061,0.7862817244343776,0.8009062013931156,0.7783116184108254,0.7352941176470589,0.7847407046625281,0.7337768440709618,0.7842596338000264,0.6933940242763772,0.7925261689340906,0.7182539682539683,0.7841199148064985,0.7326097105508871,0.7828936071853123,0.7247899159663866,0.7914288485669,0.007291499286819277,0.002318352029259819,0.02592021367625042,0.003862980272632689,COMPLETE
375,375,0.728537515635185,2022-09-13 16:44:04.330424,2022-09-13 16:44:06.620266,0 days 00:00:02.289842,0.8956256158755865,10,53,70,3.248902915813804,14.178689264218914,0.5426286056599087,0.1363377094268799,0.03392989635467529,0.728537515635185,0.788998578585174,0.7297094938604373,0.7892816520825463,0.7202755315962863,0.7873674475828343,0.7167951579089742,0.7914654461141045,0.7763914249002501,0.7838821204051034,0.7289915966386555,0.7880557802800159,0.7243230625583567,0.7887322926297715,0.6933940242763772,0.7923138043191125,0.7337768440709618,0.7881013901730287,0.7336601307189543,0.7888342441553295,0.7280578898225958,0.791951608109893,0.008352213551078234,0.0016394278444031704,0.01950504572666897,0.0023771229125187205,COMPLETE
376,376,0.7344952385498731,2022-09-13 16:44:06.629736,2022-09-13 16:44:08.920623,0 days 00:00:02.290887,0.7177068577520017,12,49,68,3.648059691734239,14.533934167825723,0.9764838038987814,0.13338298797607423,0.036614489555358884,0.7344952385498731,0.7876317013385954,0.7271638215034442,0.786797500572837,0.7202755315962863,0.7909553682567796,0.7276831000202881,0.7903984517247888,0.7774396429296002,0.7809813710774871,0.7547852474323062,0.7855005943732665,0.7566526610644257,0.786785513802668,0.6802054154995332,0.790929203539823,0.7369281045751634,0.7890759146744155,0.7305088702147525,0.7840596519614318,0.7333099906629319,0.7908334434024568,0.005387372379298455,0.007134543484618373,0.024535305872474746,0.003238086860299241,COMPLETE
377,377,0.7325859558674351,2022-09-13 16:44:08.924885,2022-09-13 16:44:11.296457,0 days 00:00:02.371572,0.8432226067052049,11,45,64,3.4529275359602614,13.92852830164073,0.6344940598253761,0.14103446006774903,0.03442428112030029,0.7325859558674351,0.7928638083866814,0.7180293501048218,0.7964370570834649,0.7234201856843365,0.7930066407806271,0.7136505038209238,0.7957484662728389,0.7928416852640834,0.7890116475069258,0.75,0.789321506406023,0.7327264239028946,0.7925323603222825,0.6854575163398693,0.7959285431250825,0.7369281045751634,0.7937400937788932,0.7426470588235294,0.7831059718002906,0.7301587301587302,0.7998057967903844,0.0059076446379491615,0.0018537512508078281,0.026335414052303878,0.004496373160629641,COMPLETE
378,378,0.7315627072496679,2022-09-13 16:44:11.303722,2022-09-13 16:44:13.776459,0 days 00:00:02.472737,0.8632259291612462,11,47,74,3.110201236326047,14.762572637660151,0.8994551242199191,0.14728143215179443,0.03655588626861572,0.7315627072496679,0.7928268985598763,0.7259658580413297,0.7976923442141399,0.7223719676549865,0.7932399041349542,0.7350206262257388,0.7930486284032341,0.794616893217015,0.7898476452352869,0.7489495798319328,0.787572439241844,0.7126517273576096,0.792950898164047,0.6865079365079365,0.794831222757892,0.7279411764705883,0.7924844802535993,0.7267740429505136,0.791701476026945,0.734827264239029,0.7948999471668208,0.008564394510294171,0.003778953083260284,0.026153674647281036,0.002647482584143864,COMPLETE
379,379,0.730825594591661,2022-09-13 16:44:13.792565,2022-09-13 16:44:16.217787,0 days 00:00:02.425222,0.9112561245329145,13,31,32,4.823505076217568,13.375728460495512,0.4899000078260012,0.14549744129180908,0.03566644191741943,0.730825594591661,0.7933437600789754,0.7428870919436957,0.792265978023702,0.7213237496256364,0.7938915965328396,0.7146987218502738,0.7925647923997359,0.7967133292757151,0.792264558559405,0.7378618113912232,0.7909353949280148,0.73062558356676,0.7890342259939243,0.6775210084033614,0.7992351571787082,0.7256069094304389,0.7948142996301677,0.733076563958917,0.7874265288601241,0.7279411764705883,0.8010050686831329,0.008847179593489305,0.00455181278219216,0.027872177970357032,0.003977258269441665,COMPLETE
380,380,0.7274168756567346,2022-09-13 16:44:16.221657,2022-09-13 16:44:18.546837,0 days 00:00:02.325180,0.8840746470647747,9,49,68,2.6234076876106096,12.515643348449215,0.9503808927479187,0.1326737880706787,0.041023421287536624,0.7274168756567346,0.7929271081683823,0.7439353099730459,0.7925882117370688,0.7192273135669363,0.7949617179742833,0.7248596740380064,0.7929319967260706,0.7774396429296002,0.7885646967864881,0.7436974789915967,0.791889075089156,0.7253734827264239,0.7943231161669528,0.6854575163398693,0.7973007611279883,0.6968954248366013,0.7897625396248844,0.7341269841269842,0.7912953209615639,0.723155929038282,0.7956536454893672,0.005104206788689308,0.009941931704947872,0.024234903839440474,0.0025603039927041783,COMPLETE
381,381,0.7357275837906678,2022-09-13 16:44:18.550941,2022-09-13 16:44:21.254147,0 days 00:00:02.703206,0.9479442216382743,11,43,70,4.998972635101288,14.313969511695749,0.5058885084567472,0.15026779174804689,0.05977494716644287,0.7357275837906678,0.7899157201930744,0.7407906558849955,0.7886984936967287,0.7234201856843365,0.7906535708903848,0.7248596740380064,0.790098217884458,0.7998579833637656,0.788944677020922,0.7606209150326797,0.7848364647998943,0.7247899159663866,0.788478239334302,0.6933940242763772,0.7925053245938449,0.7300420168067228,0.7929030180953639,0.7326097105508871,0.786879003764364,0.7268907563025211,0.795160191850482,0.011437770785045757,0.06802971995120947,0.026569726124688626,0.002884850258786794,COMPLETE
382,382,0.7298841802900913,2022-09-13 16:44:21.258315,2022-09-13 16:44:25.500887,0 days 00:00:04.242572,0.8773210319529773,12,51,64,2.7846092534123765,12.925238596267716,0.4776005635791057,0.3035657167434692,0.041875386238098146,0.7298841802900913,0.7955421500912347,0.7234201856843365,0.7974650672644814,0.7198262952979935,0.7940899735978911,0.7350206262257388,0.7990314625282615,0.7784878609589504,0.7914977980104202,0.7489495798319328,0.7938837339849425,0.732843137254902,0.7958953160084533,0.6823062558356676,0.7952976406683396,0.7200046685340803,0.7970822051248183,0.7267740429505136,0.7948706412627129,0.7312091503267975,0.7963076624620262,0.3894056795378547,0.013573706675676337,0.022970812266862945,0.002016979669392528,COMPLETE
383,383,0.733809961395798,2022-09-13 16:44:25.506260,2022-09-13 16:44:27.814829,0 days 00:00:02.308569,0.8575743902200365,10,47,72,3.7276018233284005,13.80881319403187,0.9352403095028613,0.13564903736114503,0.03544783592224121,0.733809961395798,0.7902196578512634,0.747529200359389,0.7920471646116785,0.7223719676549865,0.7865305894957176,0.7248596740380064,0.7919989433087624,0.8030026374518158,0.782611947864404,0.7489495798319328,0.7895755597014926,0.7285247432306255,0.7918535777968565,0.688608776844071,0.7925470132743363,0.719421101774043,0.7895130266807555,0.7246732026143792,0.7911663337075683,0.7301587301587302,0.7943524220710607,0.008406262525952609,0.0022666209851438606,0.02791221789154432,0.0032398845232448027,COMPLETE
384,384,0.73567476087615,2022-09-13 16:44:27.829158,2022-09-13 16:44:30.266282,0 days 00:00:02.437124,0.9029439140796344,11,49,66,3.0669714339031198,14.123643862679625,0.5004411188009322,0.14409193992614747,0.035916495323181155,0.73567476087615,0.7923002950559024,0.7261156034740941,0.790687218613177,0.7234201856843365,0.7908868342447118,0.7329241901670387,0.7972819873708088,0.7935686751876648,0.7867806030393474,0.7478991596638656,0.7892944706775855,0.7466153127917834,0.7927948751816141,0.6865079365079365,0.7971362765816933,0.7337768440709618,0.790852017567032,0.7357609710550888,0.7928675208030642,0.7301587301587302,0.7944211464799894,0.008070878527147439,0.0041527501517513235,0.025142329630661403,0.003153850279590856,COMPLETE
385,385,0.7273985694906894,2022-09-13 16:44:30.270519,2022-09-13 16:44:32.366244,0 days 00:00:02.095725,0.47152744646341294,10,51,68,3.362850063036535,14.459387505057759,0.8059661346039296,0.11567177772521972,0.03433430194854736,0.7273985694906894,0.7777759461241043,0.7271638215034442,0.7813434730642754,0.7192273135669363,0.7787234920969137,0.7192973557854873,0.7742663949931627,0.7623588287008859,0.7734326639581741,0.740546218487395,0.7767969472328622,0.7301587301587302,0.7801576327433628,0.7071661998132586,0.7809676726984547,0.7162698412698413,0.7776734414212125,0.73062558356676,0.7762139248448026,0.721171802054155,0.778183818187822,0.0054580614960090795,0.002796381279841853,0.014551758332648363,0.0025345789940600574,COMPLETE
386,386,0.7311900201346516,2022-09-13 16:44:32.376980,2022-09-13 16:44:34.800698,0 days 00:00:02.423718,0.9252400791802025,13,41,56,3.468995241398707,14.792059224145742,0.5164421035255955,0.1482759475708008,0.03432891368865967,0.7311900201346516,0.7955800993803521,0.734052111410602,0.7929717544913517,0.7202755315962863,0.7976646828960161,0.7167951579089742,0.798914830851098,0.7865523770879828,0.7933812141398806,0.7420634920634921,0.7932590229163915,0.7418300653594772,0.7958953160084533,0.6854575163398693,0.7988166193369436,0.73109243697479,0.7916203688416326,0.7336601307189543,0.7924489829612997,0.7201213818860878,0.8008282013604544,0.008177310447052735,0.0029156803941240263,0.0241889454739412,0.003099874691702536,COMPLETE
387,387,0.734582414828378,2022-09-13 16:44:34.810454,2022-09-13 16:44:37.110582,0 days 00:00:02.300128,0.8868579968222569,12,45,66,5.117435298764751,13.470372203388525,0.46554188026456683,0.13847339153289795,0.03333969116210937,0.734582414828378,0.7893729178277595,0.7418388739143456,0.7897481787912004,0.7223719676549865,0.7898852468153359,0.715746939879624,0.7902991293424694,0.7886488131466829,0.7896143818809598,0.7510504201680672,0.7856171988508784,0.7518674136321195,0.7912581726324132,0.6944444444444444,0.7929447067758553,0.7224556489262371,0.7887570581825386,0.7246732026143792,0.7829414872539955,0.7327264239028946,0.7926636177519482,0.005674000406202631,0.0016161762676183153,0.02430929956337085,0.0029035848491388953,COMPLETE
388,388,0.7333813967867527,2022-09-13 16:44:37.119876,2022-09-13 16:44:39.439751,0 days 00:00:02.319875,0.870632276294602,11,47,42,5.510333005400523,14.022854477452576,0.48394462129089233,0.14058330059051513,0.03356528282165527,0.7333813967867527,0.7847736847463811,0.7418388739143456,0.7870933115345632,0.7202755315962863,0.7845478509839379,0.7248596740380064,0.7817977928176317,0.789697031176033,0.7789120860914871,0.7478991596638656,0.7826125181614054,0.7375116713352008,0.7826542068418967,0.6844070961718021,0.7885407723550389,0.7357609710550888,0.7888612798837671,0.7257236227824464,0.7821731359793951,0.7258403361344539,0.7905438928146876,0.01701647094576136,0.0014235647650132606,0.024969664108102085,0.0035884022430948607,COMPLETE
389,389,0.7352476809348207,2022-09-13 16:44:39.443795,2022-09-13 16:44:41.866998,0 days 00:00:02.423203,0.896310075365385,11,49,64,3.626805221442937,13.718296600641452,0.5584753013798314,0.14445803165435792,0.03621861934661865,0.7352476809348207,0.7912645448643582,0.7328541479484876,0.7899814421455275,0.7244684037136867,0.790118510169663,0.7178433759383243,0.7953812619465044,0.7855041590586326,0.7843809990100732,0.7478991596638656,0.7911122622506934,0.7508169934640523,0.7927740308413684,0.6944444444444444,0.7934590047549861,0.7337768440709618,0.7889176215163123,0.7336601307189543,0.7906311913881918,0.7312091503267975,0.7958891246202615,0.007138137730819712,0.0035318411903169323,0.022447508022898303,0.003189100610483623,COMPLETE
390,390,0.7367679025353293,2022-09-13 16:44:41.870877,2022-09-13 16:44:44.200885,0 days 00:00:02.330008,0.8316943383598284,12,47,68,3.269953732035424,12.718085066177604,0.8256034526853536,0.13740007877349852,0.033854126930236816,0.7367679025353293,0.7939252417727914,0.7349505840071877,0.7972053811585138,0.7244684037136867,0.795009815639379,0.7329241901670387,0.7955648641096716,0.794616893217015,0.789331457335473,0.7420634920634921,0.7899732532030115,0.7508169934640523,0.7943586134592524,0.6965452847805789,0.7984189258354246,0.7390289449112979,0.7926010847312112,0.7268907563025211,0.7917369733192445,0.7253734827264239,0.7950520489367323,0.00890615234762357,0.0015960120717493046,0.02364665410176899,0.0028202421515770857,COMPLETE
