,number,value,datetime_start,datetime_complete,duration,params_colsample_bytree,params_max_depth,params_min_child_samples,params_num_leaves,params_reg_alpha,params_reg_lambda,params_subsample,user_attrs_mean_fit_time,user_attrs_mean_score_time,user_attrs_mean_test_score,user_attrs_mean_train_score,user_attrs_split0_test_score,user_attrs_split0_train_score,user_attrs_split1_test_score,user_attrs_split1_train_score,user_attrs_split2_test_score,user_attrs_split2_train_score,user_attrs_split3_test_score,user_attrs_split3_train_score,user_attrs_split4_test_score,user_attrs_split4_train_score,user_attrs_split5_test_score,user_attrs_split5_train_score,user_attrs_split6_test_score,user_attrs_split6_train_score,user_attrs_split7_test_score,user_attrs_split7_train_score,user_attrs_split8_test_score,user_attrs_split8_train_score,user_attrs_split9_test_score,user_attrs_split9_train_score,user_attrs_std_fit_time,user_attrs_std_score_time,user_attrs_std_test_score,user_attrs_std_train_score,state
503,503,0.7315948016455518,2022-09-13 16:49:04.522258,2022-09-13 16:49:06.785319,0 days 00:00:02.263061,0.8637812422327583,11,45,68,5.52151691338229,12.487303251805939,0.8317636541822173,0.13415663242340087,0.03241121768951416,0.7315948016455518,0.7870501672235657,0.7439353099730459,0.7852067683529749,0.7213237496256364,0.7855975360784095,0.7269561100967066,0.7911652122737738,0.7886488131466829,0.7862644151395335,0.7300420168067228,0.7862650244353453,0.7274743230625583,0.7837036471404042,0.69234360410831,0.7908249818385946,0.7358776844070962,0.7878473368775591,0.7288748832866481,0.7804156072513538,0.7204715219421102,0.7932111428477083,0.005252624798235161,0.0017306938670433444,0.02289972647792699,0.003629526361784876,COMPLETE
504,504,0.7342435340945062,2022-09-13 16:49:06.798078,2022-09-13 16:49:09.012970,0 days 00:00:02.214892,0.8847616462383051,13,51,70,5.802917795091752,13.904457748968873,0.5380474794651855,0.13028879165649415,0.03361046314239502,0.7342435340945062,0.7845139410992981,0.7285115303983228,0.787272490819126,0.7202755315962863,0.7833815342123027,0.7238114560086563,0.7839490908911072,0.7876005951173328,0.7797977450110078,0.7447478991596639,0.7855422830537577,0.7524509803921569,0.7855986246863029,0.6839402427637722,0.7867584780742306,0.736811391223156,0.7818233225465592,0.7394957983193278,0.781892046955488,0.7247899159663866,0.7891237947430987,0.006714785540659462,0.004146492480734745,0.02505911040836785,0.002721947516418778,COMPLETE
505,505,0.7359423491449735,2022-09-13 16:49:09.017236,2022-09-13 16:49:11.273545,0 days 00:00:02.256309,0.9113868098929994,11,47,68,3.815063324203274,14.220462337886481,0.48810247933707196,0.1357365369796753,0.033004474639892575,0.7359423491449735,0.7898185468692437,0.7238694219826296,0.7898648104683639,0.7234201856843365,0.788650396031633,0.7287313180496382,0.7922148973682454,0.8016331913166971,0.782197349040282,0.7431139122315593,0.7902751865671642,0.7566526610644257,0.7911207238145556,0.6833566760037348,0.7937130580504557,0.734827264239029,0.7900357862237485,0.7357609710550888,0.7864604659225994,0.7280578898225958,0.793652795205389,0.00902258777885352,0.0014882253239831564,0.028246925904385812,0.003290723804849734,COMPLETE
506,506,0.7329500262267618,2022-09-13 16:49:11.277610,2022-09-13 16:49:13.559354,0 days 00:00:02.281744,0.8670092133558664,12,53,40,4.417130541280297,8.054984262237486,0.46779233742439164,0.1339770793914795,0.03446316719055176,0.7329500262267618,0.7927953965752185,0.7328541479484876,0.7925882117370688,0.7202755315962863,0.7917236923318285,0.7441333603841211,0.7933985234347246,0.7826807330763508,0.7904285369277321,0.7447478991596639,0.7897608885880333,0.7376283846872083,0.7924929418174613,0.6823062558356676,0.7957640585787875,0.7210550887021475,0.7935547648923524,0.7336601307189543,0.7929841252806762,0.7301587301587302,0.7952582221635187,0.007378769715914594,0.004030879249708482,0.023737134657140134,0.0017873920242058993,COMPLETE
507,507,0.7336996626607633,2022-09-13 16:49:13.564671,2022-09-13 16:49:15.787779,0 days 00:00:02.223108,0.850422386074231,12,49,60,4.69479584001405,13.283060197513324,0.9109952760946266,0.1302490234375,0.032357215881347656,0.7336996626607633,0.7880143777799394,0.7359988020365379,0.7868600481802361,0.7202755315962863,0.7888355617208642,0.7297795360789883,0.790348790533629,0.794616893217015,0.7798647154970118,0.7510504201680672,0.7886427238805971,0.73062558356676,0.7869894168537842,0.6818394024276377,0.7943524220710607,0.734827264239029,0.7848156204596486,0.7357609710550888,0.7853423012151631,0.7222222222222222,0.7940921773873992,0.007213718879950788,0.0013510470525627694,0.026549966410907563,0.004120693593426936,COMPLETE
508,508,0.7336125929373576,2022-09-13 16:49:15.798986,2022-09-13 16:49:18.145580,0 days 00:00:02.346594,0.9018911897960789,11,51,50,3.310256277998786,11.258192944328625,0.5076616203150418,0.1390479564666748,0.036683297157287596,0.7336125929373576,0.7933190592790366,0.7418388739143456,0.7916347219727886,0.7313566936208445,0.7916551583197606,0.7332454182728072,0.7939621058323257,0.7753432068709001,0.788398403918165,0.75,0.791928493593977,0.7317927170868347,0.7958474359397701,0.6823062558356676,0.7967656188086119,0.73109243697479,0.7940420271430458,0.7279411764705883,0.7945084450534936,0.7312091503267975,0.7944481822084268,0.01297071851965682,0.0056144624300970974,0.021823912823508592,0.002316231644506417,COMPLETE
509,509,0.7288216483590799,2022-09-13 16:49:18.156467,2022-09-13 16:49:20.510928,0 days 00:00:02.354461,0.8763991298465025,15,47,72,3.5673284113981225,9.71959072173842,0.7949319250384406,0.1416998863220215,0.033014345169067386,0.7288216483590799,0.7978760282112394,0.7123390236597784,0.8017527780014078,0.726564839772387,0.7968759224739952,0.715746939879624,0.797681543593459,0.7883275850409144,0.7939666392190705,0.7351774042950514,0.7956806812178048,0.7370448179271709,0.8021170420023775,0.688608776844071,0.7975339700832123,0.7379785247432307,0.7967447744683662,0.723155929038282,0.7969988277638357,0.7232726423902894,0.7994081032888654,0.007287053941236154,0.0024844060273017895,0.02420848202325877,0.0024221842795339073,COMPLETE
510,510,0.7343743979636894,2022-09-13 16:49:20.515045,2022-09-13 16:49:22.867433,0 days 00:00:02.352388,0.8924108013166975,13,49,70,5.248772594985669,12.88510317251384,0.9865586411602604,0.14003090858459472,0.03295879364013672,0.7343743979636894,0.7868743511373333,0.7238694219826296,0.7860917241051872,0.7255166217430369,0.7874840792599977,0.7318759721376885,0.7890485327899863,0.8019544194224657,0.7800784028631222,0.7478991596638656,0.7869894168537842,0.7587535014005602,0.7877662296922467,0.6802054154995332,0.7897546971998415,0.715219421101774,0.7858295634658565,0.7336601307189543,0.7857608390569277,0.7247899159663866,0.7899400260863823,0.008386626485684435,0.0018763301779965358,0.029888024839361312,0.0026968720121657136,COMPLETE
