,number,value,datetime_start,datetime_complete,duration,params_colsample_bytree,params_max_depth,params_min_child_samples,params_num_leaves,params_reg_alpha,params_reg_lambda,params_subsample,user_attrs_mean_fit_time,user_attrs_mean_score_time,user_attrs_mean_test_score,user_attrs_mean_train_score,user_attrs_split0_test_score,user_attrs_split0_train_score,user_attrs_split1_test_score,user_attrs_split1_train_score,user_attrs_split2_test_score,user_attrs_split2_train_score,user_attrs_split3_test_score,user_attrs_split3_train_score,user_attrs_split4_test_score,user_attrs_split4_train_score,user_attrs_split5_test_score,user_attrs_split5_train_score,user_attrs_split6_test_score,user_attrs_split6_train_score,user_attrs_split7_test_score,user_attrs_split7_train_score,user_attrs_split8_test_score,user_attrs_split8_train_score,user_attrs_split9_test_score,user_attrs_split9_train_score,user_attrs_std_fit_time,user_attrs_std_score_time,user_attrs_std_test_score,user_attrs_std_train_score,state
223,223,0.7339907285697806,2022-09-13 16:38:03.964651,2022-09-13 16:38:06.367065,0 days 00:00:02.402414,0.888530991464224,14,45,64,4.33580557159845,11.739573305790245,0.7954703454840059,0.1499455451965332,0.03334169387817383,0.7339907285697806,0.7933897553700291,0.7202755315962863,0.7969781042088553,0.7234201856843365,0.7895353517838454,0.7280043281260566,0.7949817057238541,0.7855041590586326,0.7924978219137322,0.7457983193277311,0.789563176925109,0.7497665732959851,0.7940088000264166,0.6812558356676004,0.7964513026680755,0.7400793650793651,0.7919014578655396,0.7389122315592904,0.7878805639941884,0.7268907563025211,0.8000992685906749,0.011887264058808121,0.0026489702440191136,0.025040529575213827,0.0036475375678562834,COMPLETE
224,224,0.7330229454329917,2022-09-13 16:38:06.376476,2022-09-13 16:38:08.707902,0 days 00:00:02.331426,0.9036727210215628,14,51,60,4.623528320599143,12.08541707905049,0.41478557397447324,0.13981900215148926,0.03469979763031006,0.7330229454329917,0.7894763976345838,0.7318059299191375,0.7866953188379769,0.7202755315962863,0.7874840792599977,0.7318759721376885,0.7918476930419107,0.7956651112463651,0.7827978167209437,0.7468487394957983,0.7900628219521859,0.732843137254902,0.7933778975696737,0.6770541549953315,0.7917454348831066,0.7279411764705883,0.7882179946506406,0.7357609710550888,0.7888821242240127,0.7301587301587302,0.793652795205389,0.007342874060062735,0.004051050320757742,0.027303020852187915,0.0031941098539718157,COMPLETE
225,225,0.7303437382256617,2022-09-13 16:38:08.714673,2022-09-13 16:38:11.055682,0 days 00:00:02.341009,0.8842197333905792,10,43,66,5.08805601607964,12.826026476718065,0.759414933417529,0.14145665168762206,0.03331255912780762,0.7303437382256617,0.789260842531683,0.7401916741539383,0.7885614256725932,0.7192273135669363,0.7876007109371613,0.7178433759383243,0.7922322066630895,0.7928416852640834,0.7833313139156015,0.7510504201680672,0.7900898576806235,0.7247899159663866,0.7900836662924317,0.6912931839402428,0.7928759823669265,0.7114845938375349,0.7893006620657773,0.7288748832866481,0.784655057125875,0.7258403361344539,0.7938775425967508,0.009386063584271642,0.001160836802257619,0.025778813164305678,0.0032279380514731388,COMPLETE
226,226,0.7372069805808306,2022-09-13 16:38:11.062244,2022-09-13 16:38:13.591734,0 days 00:00:02.529490,0.91559274421161,12,29,64,3.7607613341871593,14.036283553132728,0.8054444859035865,0.15483977794647216,0.03414511680603027,0.7372069805808306,0.8020371012182619,0.7391434561245882,0.8039832298098182,0.7255166217430369,0.8010470015337581,0.7381652803137891,0.8015476982346992,0.7917934672347333,0.7974806321354477,0.7452147525676938,0.803041416259411,0.7418300653594772,0.8014861395456347,0.6833566760037348,0.8069935857218333,0.7369281045751634,0.801567246730947,0.7357609710550888,0.7955702681283846,0.7343604108309991,0.8076537940826839,0.006369804917825207,0.002777138532245266,0.024731845045828454,0.003538863065288705,COMPLETE
227,227,0.7324827323909885,2022-09-13 16:38:13.600085,2022-09-13 16:38:16.037050,0 days 00:00:02.436965,0.9391117010680227,12,49,64,3.705764090723273,13.947765536892176,0.8166053757293965,0.15129609107971193,0.034478616714477536,0.7324827323909885,0.7915282339587043,0.7259658580413297,0.7922178803586062,0.726564839772387,0.791353360953366,0.7248596740380064,0.7930982895943938,0.7967133292757151,0.7862644151395335,0.7447478991596639,0.7883971321489895,0.7497665732959851,0.7921431283846255,0.6770541549953315,0.7982003698322546,0.7158029878618113,0.7923199957073042,0.7321428571428572,0.7894527638356887,0.7312091503267975,0.791835003632281,0.014814061437167238,0.0018321509941195309,0.028394745583596788,0.0030067743069402183,COMPLETE
228,228,0.7334186129310721,2022-09-13 16:38:16.044027,2022-09-13 16:38:18.452376,0 days 00:00:02.408349,0.954653862835769,12,47,64,3.884091948611164,14.121071726116405,0.9230069223939454,0.14643688201904298,0.03530652523040771,0.7334186129310721,0.7924968420127136,0.7371967654986522,0.7952767267164984,0.7223719676549865,0.7917236923318285,0.7280043281260566,0.7923488383402529,0.7865523770879828,0.78614778346237,0.7510504201680672,0.7895755597014926,0.7466153127917834,0.7939400756174878,0.6844070961718021,0.7962304764892352,0.7189542483660131,0.7926698091401401,0.7378618113912232,0.7891153331792367,0.721171802054155,0.7979401251485934,0.007776633086715823,0.002928815666026169,0.025009839468285798,0.003380956371466817,COMPLETE
229,229,0.7327374630111733,2022-09-13 16:38:18.462204,2022-09-13 16:38:21.022571,0 days 00:00:02.560367,0.9203200554723536,13,29,62,4.176799347660699,13.602587223072605,0.8042435387402549,0.16043658256530763,0.03504745960235596,0.7327374630111733,0.8011773046844697,0.7318059299191375,0.8011636332109217,0.726564839772387,0.8034686054360682,0.7269561100967066,0.8013814053663759,0.7795360789883006,0.795964420332322,0.7372782446311859,0.8006676380266807,0.7428804855275444,0.8014174151367058,0.6722689075630253,0.8076808298111213,0.7431139122315593,0.7995556647074362,0.7378618113912232,0.7958243214238542,0.729108309990663,0.804649113393211,0.009705555104448078,0.0029792997847949477,0.024878805695429725,0.0034411759664196967,COMPLETE
230,230,0.737720462500277,2022-09-13 16:38:21.031533,2022-09-13 16:38:23.345099,0 days 00:00:02.313566,0.8648539990136352,11,49,66,3.6123495587720726,14.566291979347492,0.5062224528436274,0.13852910995483397,0.03513731956481934,0.737720462500277,0.7896305996140386,0.7598083258460617,0.7885133280074974,0.7223719676549865,0.7890688250751913,0.7178433759383243,0.7919816340139183,0.7917934672347333,0.7853614469251686,0.7521008403361344,0.7901107020208691,0.7566526610644257,0.7887677899220711,0.6854575163398693,0.793294520208691,0.7316760037348272,0.7890342259939243,0.7347105508870215,0.7862959813763043,0.7247899159663866,0.7938775425967508,0.008651366414606515,0.003181103808479407,0.027480668562270927,0.002631122040113416,COMPLETE
231,231,0.7368134868067738,2022-09-13 16:38:23.348891,2022-09-13 16:38:25.644865,0 days 00:00:02.295974,0.8624797089633169,11,49,66,3.5949366115700006,14.505990062240283,0.4832606703377805,0.13694157600402831,0.03429572582244873,0.7368134868067738,0.7905761111058942,0.7418388739143456,0.7907978638856721,0.7234201856843365,0.7892539907644226,0.7350206262257388,0.791882311631599,0.7998579833637656,0.7860785462829938,0.7531512605042017,0.7880597014925373,0.7418300653594772,0.7894882611279883,0.6912931839402428,0.7957161785101043,0.7289915966386555,0.7894319194954431,0.7279411764705883,0.7915246087042662,0.7247899159663866,0.7935277291639149,0.006439063630381591,0.004155020645085469,0.026136394014490263,0.002618937280169975,COMPLETE
232,232,0.7327035500749296,2022-09-13 16:38:25.652523,2022-09-13 16:38:27.989239,0 days 00:00:02.336716,0.865960828874034,11,51,66,3.464111993494027,14.904519157767407,0.4612957022360486,0.1415180444717407,0.03385360240936279,0.7327035500749296,0.790323023188861,0.7359988020365379,0.7899814421455275,0.7223719676549865,0.7897205174730767,0.7259078920673565,0.7925647923997359,0.7753432068709001,0.7865819582747084,0.7378618113912232,0.7865314605071985,0.7476657329598506,0.7919099194294017,0.6854575163398693,0.7963679253070929,0.7358776844070962,0.7894048837670057,0.7288748832866481,0.7882512217672699,0.7316760037348272,0.7919161108175934,0.01955603540590172,0.002379626294205761,0.02119050148067158,0.002839173908392399,COMPLETE
233,233,0.7399297617200664,2022-09-13 16:38:27.993137,2022-09-13 16:38:30.272154,0 days 00:00:02.279017,0.8804078598339824,11,49,66,3.2625487850532333,14.533646051076555,0.5024650516130235,0.13506848812103273,0.03395035266876221,0.7399297617200664,0.7915189009246629,0.7349505840071877,0.7895834494489411,0.727613057801737,0.790372209870962,0.7339724081963888,0.7938650501433786,0.8089707175221479,0.7869942904054579,0.7399626517273576,0.7893423507462687,0.7497665732959851,0.7930280841368379,0.6865079365079365,0.7960181118742571,0.7369281045751634,0.7907354130894202,0.7457983193277311,0.7894651466120723,0.734827264239029,0.7957849029190331,0.0065121023502393025,0.0026050572223423074,0.028282110586838008,0.002851768330191775,COMPLETE
234,234,0.7290610208376311,2022-09-13 16:38:30.276000,2022-09-13 16:38:32.901013,0 days 00:00:02.625013,0.8783599838342807,11,51,66,2.913423608831851,14.717537343054973,0.5056465467933318,0.1384815216064453,0.037181663513183597,0.7290610208376311,0.79132591861202,0.7090446241389639,0.7951745449816383,0.7244684037136867,0.7919088580210598,0.7374382903902077,0.7931456840921811,0.7834077229999323,0.7852817005310656,0.7510504201680672,0.7862897899881125,0.7216386554621849,0.7939524583938713,0.69234360410831,0.7966011342623167,0.7289915966386555,0.7889863459252411,0.7210550887021475,0.7902689951789723,0.721171802054155,0.7916496747457403,0.004767505202502417,0.004825600817732689,0.023363699137691214,0.0034897072991004158,COMPLETE
235,235,0.7373842527475588,2022-09-13 16:38:32.904965,2022-09-13 16:38:35.261787,0 days 00:00:02.356822,0.889384274484084,11,47,66,3.210557692409469,14.389720992589076,0.4915863060913532,0.14004769325256347,0.03742694854736328,0.7373842527475588,0.7915614192013267,0.7397424378556454,0.7900499761575952,0.7234201856843365,0.7874840792599977,0.7353418543315074,0.7967785753790941,0.7935686751876648,0.7874480412060127,0.7510504201680672,0.7895276796328095,0.7476657329598506,0.7901191635847311,0.6865079365079365,0.7952976406683396,0.7337768440709618,0.7933902803460573,0.7336601307189543,0.7894651466120723,0.729108309990663,0.7960536091665567,0.003737601191725405,0.0065118345947485145,0.025174715796534543,0.0033337991762064836,COMPLETE
236,236,0.7336159245601264,2022-09-13 16:38:35.265622,2022-09-13 16:38:37.613016,0 days 00:00:02.347394,0.8920154438827882,11,49,66,3.1614900376481954,14.621640684875937,0.47869430884517783,0.14291186332702638,0.034090733528137206,0.7336159245601264,0.7912753118599325,0.7202755315962863,0.7903854212467823,0.7165318957771788,0.79035177352399,0.7188915939676743,0.7922148973682454,0.7998579833637656,0.7870115997003019,0.7420634920634921,0.7902960309074099,0.7518674136321195,0.7917245905428609,0.6933940242763772,0.7953663650772684,0.7327264239028946,0.7899191817461366,0.7288748832866481,0.7895130266807555,0.7316760037348272,0.7959702318055739,0.01057830396756813,0.0018113078712503317,0.026690743487052217,0.002561082990634947,COMPLETE
237,237,0.7386699181600009,2022-09-13 16:38:37.616913,2022-09-13 16:38:39.964654,0 days 00:00:02.347741,0.8703359361476436,11,49,68,3.3176748419552724,14.446776211702364,0.4889520273603124,0.13990321159362792,0.03395552635192871,0.7386699181600009,0.7910253132301522,0.7339023659778376,0.7905850368783169,0.726564839772387,0.7887189300437007,0.742036924325421,0.7936987572750553,0.7998579833637656,0.7871282313774655,0.7452147525676938,0.7915786801611412,0.7619047619047619,0.7911415681548013,0.6844070961718021,0.7953663650772684,0.7337768440709618,0.7888010170387003,0.7288748832866481,0.7893964222031435,0.7301587301587302,0.7938381240919297,0.008503200604540028,0.0014070318240636014,0.027647875877312152,0.002500498799699338,COMPLETE
238,238,0.7324213992758798,2022-09-13 16:38:39.968514,2022-09-13 16:38:42.259848,0 days 00:00:02.291334,0.895319805947181,11,53,68,3.026250597634415,14.510417954300799,0.49636146549298904,0.13485395908355713,0.03379757404327392,0.7324213992758798,0.7908181609806533,0.7307577118897873,0.7909349319098076,0.7286612758310871,0.7914699926305294,0.7066342057212416,0.7931652600803976,0.7763914249002501,0.784698542145248,0.7489495798319328,0.7909956577730815,0.7466153127917834,0.7916767104741778,0.6854575163398693,0.791593333113195,0.7369281045751634,0.7914350399550918,0.7347105508870215,0.7877431151763308,0.729108309990663,0.7944690265486726,0.005306158011377391,0.0020572307984382575,0.023091189425956,0.0026063748534525914,COMPLETE
239,239,0.7357859404666716,2022-09-13 16:38:42.263559,2022-09-13 16:38:44.635324,0 days 00:00:02.371765,0.8547057001268643,11,49,66,3.354076700080583,14.991519191823606,0.5185225901724637,0.1432806968688965,0.03456571102142334,0.7357859404666716,0.7899109970091532,0.7428870919436957,0.7932880018000499,0.726564839772387,0.7895353517838454,0.7269561100967066,0.7913984756281007,0.7925204571583148,0.7853313617222254,0.746265172735761,0.7895276796328095,0.73062558356676,0.7872434701492538,0.69234360410831,0.7935277291639149,0.7427637721755369,0.7886365324924052,0.736811391223156,0.7859461679434685,0.7201213818860878,0.794675199775459,0.010531390917306007,0.0029086541566838604,0.02398129812917402,0.003084089221435378,COMPLETE
240,240,0.7374322877862851,2022-09-13 16:38:44.639588,2022-09-13 16:38:46.986101,0 days 00:00:02.346513,0.8630196615515725,10,49,68,3.6029780410863346,14.404205382269266,0.5024937450472662,0.14278244972229004,0.033375787734985354,0.7374322877862851,0.7894480481687237,0.7497753818508535,0.7862287921293228,0.7234201856843365,0.7912090679580787,0.7308277541083383,0.791348814436941,0.8030026374518158,0.786028885091834,0.7489495798319328,0.7883407905164443,0.7354108309990663,0.7874975234447232,0.6944444444444444,0.793246640140008,0.7369281045751634,0.7881013901730287,0.7336601307189543,0.7894651466120723,0.7179038281979458,0.7930134311847841,0.017447194177105933,0.001510562275492003,0.02659382386776987,0.002505074690215788,COMPLETE
241,241,0.7368020641001379,2022-09-13 16:38:46.990062,2022-09-13 16:38:49.299104,0 days 00:00:02.309042,0.8627307543059053,10,49,68,3.541322236055495,14.371807151758304,0.4883926438583739,0.13520901203155516,0.035697102546691895,0.7368020641001379,0.7886818493270268,0.7418388739143456,0.7879987036337477,0.7244684037136867,0.7895353517838454,0.7434063704605397,0.7910959750943976,0.8026814093460473,0.7873314095288493,0.7568860877684407,0.789898337405891,0.7295751633986928,0.7854256785761458,0.6954948646125116,0.790241959450535,0.7130018674136321,0.7838264430062079,0.7315592903828197,0.7879284440628715,0.729108309990663,0.793536190727777,0.007433230299318322,0.004284830644697897,0.02715916851635382,0.0026659051112324712,COMPLETE
242,242,0.7333850054527796,2022-09-13 16:38:49.303342,2022-09-13 16:38:51.608858,0 days 00:00:02.305516,0.8574015976336964,10,49,68,3.5280279717171585,14.344939977240008,0.5059317163289017,0.1378401041030884,0.03534080982208252,0.7333850054527796,0.7895799956451529,0.7418388739143456,0.7879987036337477,0.7244684037136867,0.7891854567523549,0.7308277541083383,0.7899492343109789,0.8026814093460473,0.7873314095288493,0.736811391223156,0.7904210969488839,0.7316760037348272,0.7902002707700435,0.6865079365079365,0.7935485735041605,0.7268907563025211,0.7883345991282525,0.7299253034547153,0.7859253236032229,0.7222222222222222,0.7929052882710341,0.008920739607127349,0.005145191786361621,0.02711158007953246,0.002250680701495721,COMPLETE
243,243,0.731023815490895,2022-09-13 16:38:51.612982,2022-09-13 16:38:53.882465,0 days 00:00:02.269483,0.865511003932123,10,53,68,3.2271579943345374,14.569233273824375,0.48702433508990434,0.13279635906219484,0.03579492568969726,0.731023815490895,0.788634672142676,0.7169811320754718,0.7883966963303339,0.7234201856843365,0.7876692449492291,0.7402617163724894,0.7883291667387887,0.7855041590586326,0.7828820965017915,0.7510504201680672,0.7897608885880333,0.7226890756302521,0.7886635682208427,0.6865079365079365,0.7925948933430194,0.7289915966386555,0.7876349722625808,0.7246732026143792,0.7898149600449083,0.7301587301587302,0.7906002344472329,0.00956718983488585,0.0037782973507508645,0.024095359774791287,0.002395466701611552,COMPLETE
244,244,0.7380264248121646,2022-09-13 16:38:53.886648,2022-09-13 16:38:56.203123,0 days 00:00:02.316475,0.8721938192328054,11,49,68,3.6009209754682674,14.198991925969365,0.4889618654849903,0.13731205463409424,0.035679745674133304,0.7380264248121646,0.790626955236146,0.7418388739143456,0.7880468012988433,0.717580113806529,0.7901870441817307,0.7350206262257388,0.7902818200476254,0.8019544194224657,0.786244839151317,0.7531512605042017,0.7911809866596222,0.7428804855275444,0.7924929418174613,0.6965452847805789,0.7937609381191388,0.7327264239028946,0.7907354130894202,0.7252567693744164,0.7895214882446177,0.7333099906629319,0.793817279751684,0.007562668861057948,0.004332044522200679,0.02591296224115183,0.0022626416440905055,COMPLETE
245,245,0.7313274335905999,2022-09-13 16:38:56.207161,2022-09-13 16:38:58.525029,0 days 00:00:02.317868,0.876501096065207,11,51,68,3.301698396135261,14.336292169957895,0.48986987284792216,0.13574063777923584,0.03692188262939453,0.7313274335905999,0.789842248120628,0.7349505840071877,0.7896315471140369,0.7282120395327942,0.7864343941655261,0.7318759721376885,0.7959817296271661,0.7672786907418678,0.7820310561719588,0.7441643323996265,0.7884095149253731,0.7322595704948647,0.7893153150178311,0.6902427637721755,0.7923138043191125,0.7279411764705883,0.7926219290714569,0.7326097105508871,0.7885323107911768,0.7237394957983193,0.7931508800026417,0.008836559381169227,0.004950771654644156,0.01799977611007018,0.003730876521591186,COMPLETE
246,246,0.7353444684832748,2022-09-13 16:38:58.528954,2022-09-13 16:39:00.810065,0 days 00:00:02.281111,0.910546088122498,10,49,68,3.634240389404195,14.142864287135541,0.5064599666993683,0.13592197895050048,0.033046722412109375,0.7353444684832748,0.7892134979796688,0.7238694219826296,0.7885818620195653,0.7223719676549865,0.7894187201066818,0.7430851423547711,0.7901651883704618,0.8009062013931156,0.7825946385695599,0.7478991596638656,0.7909477777043984,0.7343604108309991,0.7867291721701228,0.69234360410831,0.794831222757892,0.734827264239029,0.7912705554087966,0.7267740429505136,0.788696795337472,0.7270074696545286,0.7888990473517369,0.007976916823917575,0.001308938201720596,0.026094270529502438,0.0030081867172478413,COMPLETE
247,247,0.7341495596006713,2022-09-13 16:39:00.814008,2022-09-13 16:39:03.138772,0 days 00:00:02.324764,0.8701063723060672,11,49,66,3.449703570083636,14.68888237848313,0.4796127852021801,0.13710384368896483,0.03611421585083008,0.7341495596006713,0.7908063879845513,0.72806229410003,0.7898648104683639,0.7223719676549865,0.7893225247764903,0.7423581524311895,0.791661824185371,0.805099073510516,0.7863118096373207,0.7531512605042017,0.7905292398626338,0.7418300653594772,0.787347691850482,0.6902427637721755,0.7956682984414212,0.7125350140056022,0.790000288931449,0.7268907563025211,0.7928759823669265,0.7189542483660131,0.7944814093250561,0.006218823654943866,0.003972475552092029,0.0289406613773753,0.002795313678576321,COMPLETE
248,248,0.7263721242199456,2022-09-13 16:39:03.142597,2022-09-13 16:39:05.791804,0 days 00:00:02.649207,0.8965012468928681,10,17,66,3.031818352578454,14.379590111529266,0.4933062837595969,0.17064893245697021,0.036244559288024905,0.7263721242199456,0.8090618711053713,0.7163821503444145,0.8084837675540995,0.7213237496256364,0.8069398944328501,0.7209880300263745,0.8096645211383582,0.7767126530060188,0.8074635618737229,0.7377450980392157,0.8099543075551446,0.7316760037348272,0.8077681283846255,0.6779878618113913,0.8143728949280148,0.7125350140056022,0.8052152126535463,0.7303921568627451,0.8092693336415269,0.7379785247432307,0.8114870888918241,0.00893903777960159,0.005411095321919291,0.023514443024845327,0.002432148402680923,COMPLETE
249,249,0.7299019891990068,2022-09-13 16:39:05.795759,2022-09-13 16:39:08.159220,0 days 00:00:02.363461,0.8850198544800092,12,51,68,2.782233186081497,14.053234617040895,0.4678857248178409,0.13887376785278321,0.035859203338623045,0.7299019891990068,0.7941782308319958,0.7180293501048218,0.7952226426467339,0.7244684037136867,0.7903036758588943,0.7329241901670387,0.796214992981493,0.7704233448299181,0.7862644151395335,0.736811391223156,0.7922388885219918,0.7307422969187675,0.7959640404173821,0.6802054154995332,0.7989895654471008,0.7369281045751634,0.7957432142385418,0.7357609710550888,0.7942876188746533,0.7327264239028946,0.7965532541936335,0.006125797661164575,0.0034848308723608784,0.021051043107344874,0.0034796670985934833,COMPLETE
250,250,0.7298736952683285,2022-09-13 16:39:08.167100,2022-09-13 16:39:10.472487,0 days 00:00:02.305387,0.9228916235263945,9,47,66,3.6632654239503553,14.655052826113465,0.5131250083333382,0.13728907108306884,0.035294318199157716,0.7298736952683285,0.7870011133425885,0.7397424378556454,0.7879301696216798,0.7223719676549865,0.7850829117046597,0.7297795360789883,0.7923488383402529,0.7995367552579968,0.782981418884111,0.7468487394957983,0.7856380431911241,0.7195378151260504,0.7827916556597543,0.6854575163398693,0.7882388389908863,0.6964285714285714,0.7865539558842953,0.7299253034547153,0.7844218481706511,0.729108309990663,0.7940234529784704,0.0070454827536435135,0.0030475436940228806,0.029143718144132583,0.0035577242848037864,COMPLETE
