,number,value,datetime_start,datetime_complete,duration,params_learning_rate,params_n_estimators,user_attrs_mean_fit_time,user_attrs_mean_score_time,user_attrs_mean_test_score,user_attrs_mean_train_score,user_attrs_split0_test_score,user_attrs_split0_train_score,user_attrs_split1_test_score,user_attrs_split1_train_score,user_attrs_split2_test_score,user_attrs_split2_train_score,user_attrs_split3_test_score,user_attrs_split3_train_score,user_attrs_split4_test_score,user_attrs_split4_train_score,user_attrs_split5_test_score,user_attrs_split5_train_score,user_attrs_split6_test_score,user_attrs_split6_train_score,user_attrs_split7_test_score,user_attrs_split7_train_score,user_attrs_split8_test_score,user_attrs_split8_train_score,user_attrs_split9_test_score,user_attrs_split9_train_score,user_attrs_std_fit_time,user_attrs_std_score_time,user_attrs_std_test_score,user_attrs_std_train_score,state
90,90,0.6987384657656935,2022-09-13 16:19:58.299677,2022-09-13 16:20:00.636337,0 days 00:00:02.336660,0.460527714654452,90,0.19395906925201417,0.036765456199645996,0.6987384657656935,,0.6680143755615453,,0.7115902964959568,,0.7156624061675796,,0.7229999323730303,,0.7148692810457516,,0.6708683473389356,,0.6624649859943977,,0.7103174603174602,,0.6849906629318394,,0.7256069094304389,,0.0166738127008818,0.005816674209224372,0.023198875603466052,,COMPLETE
91,91,0.7356617682577189,2022-09-13 16:20:00.639937,2022-09-13 16:20:02.635792,0 days 00:00:01.995855,0.05420654579423209,70,0.16177728176116943,0.034967660903930664,0.7356617682577189,,0.7487271638215034,,0.7160826594788858,,0.7297795360789883,,0.7956651112463651,,0.7468487394957983,,0.7364612511671336,,0.6912931839402428,,0.7358776844070962,,0.7267740429505136,,0.729108309990663,,0.0038096077337392777,0.0036883169246473765,0.025308877406847074,,COMPLETE
92,92,0.7301931119374103,2022-09-13 16:20:02.639237,2022-09-13 16:20:04.837352,0 days 00:00:02.198115,0.06475770901032966,80,0.1813209056854248,0.03558492660522461,0.7301931119374103,,0.7339023659778376,,0.7244684037136867,,0.7146987218502738,,0.7917934672347333,,0.7436974789915967,,0.7295751633986928,,0.6823062558356676,,0.7135854341736694,,0.7457983193277311,,0.7221055088702147,,0.007431850369584572,0.0033923903616777723,0.026724255472741196,,COMPLETE
93,93,0.7243769297128467,2022-09-13 16:20:04.841219,2022-09-13 16:20:06.891931,0 days 00:00:02.050712,0.11773742556878183,70,0.16860628128051758,0.03354921340942383,0.7243769297128467,,0.7048517520215634,,0.7207247678945792,,0.7097788598092919,,0.7623588287008859,,0.7410130718954249,,0.7491830065359477,,0.676937441643324,,0.7279411764705883,,0.7267740429505136,,0.7242063492063492,,0.004600903186005493,0.0013334903787782276,0.022828460202944222,,COMPLETE
94,94,0.7247911520055373,2022-09-13 16:20:06.895266,2022-09-13 16:20:11.786198,0 days 00:00:04.890932,0.04682703083383651,230,0.4427966833114624,0.0432110071182251,0.7247911520055373,,0.7069481880802635,,0.72911051212938,,0.7202610401027929,,0.7696963549063367,,0.7377450980392157,,0.7433473389355743,,0.6848739495798319,,0.7019140989729225,,0.72093837535014,,0.733076563958917,,0.01736906736155686,0.002417886173330695,0.02255304575950382,,COMPLETE
95,95,0.7276180658914001,2022-09-13 16:20:11.789554,2022-09-13 16:20:13.724630,0 days 00:00:01.935076,0.1688070462551235,60,0.15615530014038087,0.034418702125549316,0.7276180658914001,,0.7148846960167714,,0.7391434561245882,,0.7178433759383243,,0.7717927909650368,,0.7356442577030813,,0.7396125116713352,,0.676937441643324,,0.7166199813258637,,0.7341269841269842,,0.7295751633986928,,0.007709668057948031,0.004624592773294307,0.022991064563223598,,COMPLETE
96,96,0.6874459481500046,2022-09-13 16:20:13.727926,2022-09-13 16:20:15.623991,0 days 00:00:01.896065,0.9960847036648327,80,0.15145673751831054,0.0350705623626709,0.6874459481500046,,0.6838873914345612,,0.704702006588799,,0.7177588422262798,,0.6693717454520862,,0.6736694677871149,,0.6729691876750701,,0.6820728291316527,,0.6928104575163399,,0.6785714285714286,,0.6986461251167133,,0.008383414529481265,0.005301694801127206,0.014890267508630406,,COMPLETE
97,97,0.7284895090111515,2022-09-13 16:20:15.627423,2022-09-13 16:20:17.675425,0 days 00:00:02.048002,0.07927317207263543,70,0.16694912910461426,0.035019755363464355,0.7284895090111515,,0.72806229410003,,0.7234201856843365,,0.7238114560086563,,0.7662304727125178,,0.7510504201680672,,0.7327264239028946,,0.6812558356676004,,0.7104341736694677,,0.7468487394957983,,0.7210550887021475,,0.009033632276554657,0.0026045947408862378,0.022245085330808368,,COMPLETE
98,98,0.7303750370101378,2022-09-13 16:20:17.682337,2022-09-13 16:20:20.032505,0 days 00:00:02.350168,0.02537783352196442,90,0.1965099096298218,0.035852456092834474,0.7303750370101378,,0.7376460017969453,,0.7181790955375861,,0.7042165415567729,,0.7935686751876648,,0.7315592903828197,,0.7322595704948647,,0.679154995331466,,0.7316760037348272,,0.7474323062558357,,0.7280578898225958,,0.018913326206492727,0.002968590515383639,0.027938807096093372,,COMPLETE
99,99,0.7075263773596271,2022-09-13 16:20:20.035756,2022-09-13 16:20:24.520052,0 days 00:00:04.484296,0.13313493549602476,210,0.4030215501785278,0.04210214614868164,0.7075263773596271,,0.6934710991314765,,0.711141060197664,,0.7072766619327788,,0.7202610401027929,,0.7127684407096172,,0.7084500466853407,,0.6619981325863679,,0.7239729225023342,,0.7151027077497666,,0.7208216619981326,,0.011825048068963893,0.0030655747157687036,0.017258790395968716,,COMPLETE
100,100,0.6932896002791461,2022-09-13 16:20:24.523468,2022-09-13 16:20:26.271808,0 days 00:00:01.748340,0.7424337828411359,50,0.13554131984710693,0.036538887023925784,0.6932896002791461,,0.6596286313267445,,0.7142857142857143,,0.703405017921147,,0.6872759856630825,,0.6952614379084967,,0.6924603174603174,,0.6793884220354809,,0.7012138188608776,,0.6743697478991597,,0.7256069094304389,,0.008580250478160486,0.0057717262547245865,0.018372163738106725,,COMPLETE
101,101,0.7317017971725106,2022-09-13 16:20:26.275204,2022-09-13 16:20:28.440965,0 days 00:00:02.165761,0.049999812877051616,80,0.17819128036499024,0.03546426296234131,0.7317017971725106,,0.7318059299191375,,0.7192273135669363,,0.721715019949956,,0.7774396429296002,,0.7468487394957983,,0.7364612511671336,,0.69234360410831,,0.7183706816059757,,0.7426470588235294,,0.7301587301587302,,0.00939834325340974,0.0020048615692599856,0.021091130635090043,,COMPLETE
102,102,0.7305521173776877,2022-09-13 16:20:28.444750,2022-09-13 16:20:30.413769,0 days 00:00:01.969019,0.029499308536182753,70,0.1545503854751587,0.03879377841949463,0.7305521173776877,,0.7355495657382449,,0.7171308775082359,,0.7182491377561371,,0.7865523770879828,,0.7326097105508871,,0.7322595704948647,,0.6849906629318394,,0.7337768440709618,,0.7373949579831933,,0.7270074696545286,,0.007100345704894753,0.011816146030339834,0.023759797219785814,,COMPLETE
103,103,0.7305538506739682,2022-09-13 16:20:30.418959,2022-09-13 16:20:32.472062,0 days 00:00:02.053103,0.10091815472303592,70,0.16762831211090087,0.034859085083007814,0.7305538506739682,,0.72806229410003,,0.7255166217430369,,0.7301007641847569,,0.7917934672347333,,0.7441643323996265,,0.7491830065359477,,0.680672268907563,,0.6987628384687208,,0.7320261437908497,,0.7252567693744164,,0.01225120850757329,0.001998428313662006,0.028006134128335573,,COMPLETE
104,104,0.6895483868126273,2022-09-13 16:20:32.478928,2022-09-13 16:20:34.277697,0 days 00:00:01.798769,0.8417631212266095,60,0.1436173677444458,0.03373141288757324,0.6895483868126273,,0.6400119796346211,,0.704702006588799,,0.7209034963143301,,0.6896936498275512,,0.713235294117647,,0.6448412698412698,,0.6741363211951448,,0.7313258636788048,,0.6907096171802054,,0.6859243697478992,,0.009552779144086377,0.0034143846663050267,0.02867720175113698,,COMPLETE
105,105,0.7280077094745384,2022-09-13 16:20:34.284780,2022-09-13 16:20:36.451683,0 days 00:00:02.166903,0.010996226161511836,90,0.17902328968048095,0.03506526947021484,0.7280077094745384,,0.7361485474693021,,0.7070979335130279,,0.7192973557854873,,0.7683269087712179,,0.7342436974789917,,0.7380952380952381,,0.6971288515406162,,0.7316760037348272,,0.7263071895424836,,0.7217553688141923,,0.00945052527591185,0.00336018729784554,0.018315538837970755,,COMPLETE
106,106,0.7249343194368436,2022-09-13 16:20:36.455012,2022-09-13 16:20:39.030642,0 days 00:00:02.575630,0.07593252459020536,100,0.21812357902526855,0.03643813133239746,0.7249343194368436,,0.7253668763102725,,0.726564839772387,,0.7118752958679921,,0.7767126530060188,,0.7420634920634921,,0.7210550887021475,,0.6896591970121382,,0.7088001867413632,,0.719421101774043,,0.7278244631185808,,0.010623768308457186,0.0021171932287163495,0.02169384615775709,,COMPLETE
107,107,0.7345218560136573,2022-09-13 16:20:39.034294,2022-09-13 16:20:41.241754,0 days 00:00:02.207460,0.05933318506551181,80,0.18306121826171876,0.034804034233093264,0.7345218560136573,,0.7428870919436957,,0.726564839772387,,0.7248596740380064,,0.784777169135051,,0.7510504201680672,,0.7295751633986928,,0.6854575163398693,,0.7331932773109244,,0.7410130718954249,,0.7258403361344539,,0.018943787586758586,0.002335932601530328,0.023614588622191318,,COMPLETE
108,108,0.733556466814764,2022-09-13 16:20:41.245015,2022-09-13 16:20:43.358581,0 days 00:00:02.113566,0.05370038841897893,80,0.17373366355895997,0.03467733860015869,0.733556466814764,,0.7397424378556454,,0.7213237496256364,,0.7227632379793061,,0.7928416852640834,,0.7489495798319328,,0.7316760037348272,,0.6802054154995332,,0.734827264239029,,0.736811391223156,,0.7264239028944911,,0.0051684692901680825,0.004119465125398099,0.026398935956010148,,COMPLETE
109,109,0.7273475082871453,2022-09-13 16:20:43.361935,2022-09-13 16:20:45.211514,0 days 00:00:01.849579,0.10664352816166364,60,0.14908192157745362,0.033117485046386716,0.7273475082871453,,0.7144354597184785,,0.7255166217430369,,0.7269561100967066,,0.7795360789883006,,0.736811391223156,,0.7279411764705883,,0.688608776844071,,0.7125350140056022,,0.7289915966386555,,0.7321428571428572,,0.010832870110372733,0.0024360697199590445,0.02174761703751344,,COMPLETE
110,110,0.705541589733885,2022-09-13 16:20:45.214870,2022-09-13 16:20:50.506241,0 days 00:00:05.291371,0.08281334524422354,250,0.48179571628570556,0.04414653778076172,0.705541589733885,,0.6903264450434261,,0.7126385145253069,,0.7051802258740786,,0.7192128220734428,,0.7144024276377217,,0.6952614379084967,,0.68265639589169,,0.7038982259570494,,0.6987628384687208,,0.733076563958917,,0.012824939182734425,0.0026274058994132524,0.014084229240058333,,COMPLETE
111,111,0.7340475437486823,2022-09-13 16:20:50.509636,2022-09-13 16:20:52.823342,0 days 00:00:02.313706,0.034976423902664665,90,0.19344429969787597,0.03385021686553955,0.7340475437486823,,0.7318059299191375,,0.7223719676549865,,0.7115540677622236,,0.7988097653344154,,0.7415966386554622,,0.7364612511671336,,0.6902427637721755,,0.734827264239029,,0.7447478991596639,,0.7280578898225958,,0.013090229254150845,0.0024051881574081798,0.02640852287932018,,COMPLETE
112,112,0.7337927562991112,2022-09-13 16:20:52.831524,2022-09-13 16:20:54.946626,0 days 00:00:02.115102,0.03973877590046525,80,0.1756516933441162,0.03321652412414551,0.7337927562991112,,0.7376460017969453,,0.7223719676549865,,0.7164739298032055,,0.7865523770879828,,0.7436974789915967,,0.7343604108309991,,0.6902427637721755,,0.7337768440709618,,0.7436974789915967,,0.729108309990663,,0.010737330827100903,0.0015270050251963904,0.02311682652422408,,COMPLETE
113,113,0.7331801213080078,2022-09-13 16:20:54.952525,2022-09-13 16:20:56.965626,0 days 00:00:02.013101,0.06544604134992126,70,0.16570086479187013,0.032805347442626955,0.7331801213080078,,0.7285115303983228,,0.7234201856843365,,0.7308277541083383,,0.783728951105701,,0.7484827264239029,,0.7264239028944911,,0.6902427637721755,,0.73109243697479,,0.7378618113912232,,0.7312091503267975,,0.005799422619643068,0.0009532275953682924,0.021980364344299893,,COMPLETE
114,114,0.7321852234503051,2022-09-13 16:20:56.971702,2022-09-13 16:20:59.227000,0 days 00:00:02.255298,0.030073182324240604,90,0.1881114959716797,0.03472156524658203,0.7321852234503051,,0.7286612758310871,,0.7171308775082359,,0.7164739298032055,,0.7914722391289646,,0.7426470588235294,,0.7333099906629319,,0.6839402427637722,,0.7327264239028946,,0.7505835667600373,,0.7249066293183941,,0.0071978874842413285,0.0036739290014283785,0.026136008960486335,,COMPLETE
115,115,0.7271774179341042,2022-09-13 16:20:59.232963,2022-09-13 16:21:01.411962,0 days 00:00:02.178999,0.09332812292460241,80,0.18049886226654052,0.034648013114929196,0.7271774179341042,,0.709643605870021,,0.7244684037136867,,0.7283255562318253,,0.7675999188476365,,0.7452147525676938,,0.7412464985994398,,0.6785714285714286,,0.7246732026143792,,0.7288748832866481,,0.723155929038282,,0.006594905598176639,0.0028476359554744255,0.02204817827963667,,COMPLETE
116,116,0.7233088356056563,2022-09-13 16:21:01.417819,2022-09-13 16:21:03.308112,0 days 00:00:01.890293,0.1404951227178309,60,0.15219299793243407,0.03429017066955566,0.7233088356056563,,0.7148846960167714,,0.7297094938604373,,0.7153411780618111,,0.7553425306012038,,0.7383286647992531,,0.7333099906629319,,0.6642156862745099,,0.7266573295985062,,0.7221055088702147,,0.7331932773109244,,0.011222235907580338,0.0025870049776605584,0.02264852533863112,,COMPLETE
117,117,0.7115875899964367,2022-09-13 16:21:03.316561,2022-09-13 16:21:06.985588,0 days 00:00:03.669027,0.11830703577481101,160,0.32518558502197265,0.03895583152770996,0.7115875899964367,,0.6961665169212339,,0.711141060197664,,0.7072766619327788,,0.7409041725840265,,0.7133520074696544,,0.7042483660130718,,0.6937441643323996,,0.709733893557423,,0.7125350140056022,,0.7267740429505136,,0.009118650921831018,0.0024259046353011906,0.013139187083797474,,COMPLETE
118,118,0.6921966220044521,2022-09-13 16:21:06.993825,2022-09-13 16:21:08.772707,0 days 00:00:01.778882,0.9430226836858767,70,0.14190075397491456,0.033245182037353514,0.6921966220044521,,0.6945193171608266,,0.7157831686133573,,0.7005815919388652,,0.686548995739501,,0.7105508870214753,,0.6734360410831,,0.6709850606909431,,0.7023809523809523,,0.6526610644257703,,0.7145191409897291,,0.016647565312232722,0.0030051212362840465,0.019919257072628427,,COMPLETE
119,119,0.7286300622906903,2022-09-13 16:21:08.781049,2022-09-13 16:21:10.698087,0 days 00:00:01.917038,0.011693735212481113,70,0.15478827953338622,0.034383320808410646,0.7286300622906903,,0.7413896376160527,,0.7093441150044923,,0.7252654358558193,,0.7662304727125178,,0.7427637721755369,,0.7349439775910365,,0.6897759103641457,,0.7285247432306255,,0.7273576097105509,,0.7207049486461251,,0.011013689101606886,0.0019534556335834706,0.019425694730325776,,COMPLETE
120,120,0.7305791468545217,2022-09-13 16:21:10.705037,2022-09-13 16:21:13.068247,0 days 00:00:02.363210,0.057106578299269684,90,0.19715659618377684,0.03642330169677734,0.7305791468545217,,0.7270140760706798,,0.7244684037136867,,0.7259078920673565,,0.7753432068709001,,0.7468487394957983,,0.7295751633986928,,0.6912931839402428,,0.7390289449112979,,0.72093837535014,,0.7253734827264239,,0.0062214141402863535,0.006496428455665186,0.020189674620639447,,COMPLETE
121,121,0.7334648578441317,2022-09-13 16:21:13.077361,2022-09-13 16:21:15.477586,0 days 00:00:02.400225,0.04241437860707747,80,0.19936106204986573,0.038193583488464355,0.7334648578441317,,0.7328541479484876,,0.7181790955375861,,0.721715019949956,,0.7876005951173328,,0.7389122315592904,,0.738562091503268,,0.69234360410831,,0.7337768440709618,,0.7436974789915967,,0.7270074696545286,,0.07556136630369285,0.013305583230824407,0.022794471149557485,,COMPLETE
122,122,0.7299583639501652,2022-09-13 16:21:15.484352,2022-09-13 16:21:17.668755,0 days 00:00:02.184403,0.07222598852804826,80,0.18004112243652343,0.0357774019241333,0.7299583639501652,,0.7222222222222222,,0.7255166217430369,,0.7269561100967066,,0.7805842970176506,,0.7510504201680672,,0.7327264239028946,,0.6844070961718021,,0.7114845938375349,,0.7389122315592904,,0.7257236227824464,,0.01126896045519251,0.004813762708147215,0.023703197120925147,,COMPLETE
123,123,0.7314642432343195,2022-09-13 16:21:17.676379,2022-09-13 16:21:19.273627,0 days 00:00:01.597248,0.033950158892499985,50,0.12356605529785156,0.03360364437103271,0.7314642432343195,,0.7392932015573525,,0.7070979335130279,,0.717200919726787,,0.7855041590586326,,0.7342436974789917,,0.7401960784313726,,0.6939775910364145,,0.738562091503268,,0.7305088702147525,,0.7280578898225958,,0.006945226269768666,0.005475121012810957,0.02308869717777852,,COMPLETE
124,124,0.7341481814880547,2022-09-13 16:21:19.280635,2022-09-13 16:21:21.350680,0 days 00:00:02.070045,0.09215901687655187,70,0.16575174331665038,0.03870501518249512,0.7341481814880547,,0.7301587301587302,,0.726564839772387,,0.7360688442550889,,0.784777169135051,,0.7579365079365079,,0.7391456582633054,,0.6875583566760037,,0.7125350140056022,,0.7357609710550888,,0.7309757236227825,,0.01142836317180423,0.008844507098351695,0.02425215813527523,,COMPLETE
125,125,0.7289064022849959,2022-09-13 16:21:21.358093,2022-09-13 16:21:23.490745,0 days 00:00:02.132652,0.09291308075100743,70,0.17454903125762938,0.0356705904006958,0.7289064022849959,,0.7301587301587302,,0.7255166217430369,,0.7269561100967066,,0.7879218232231013,,0.7342436974789917,,0.7359943977591037,,0.6865079365079365,,0.7155695611577964,,0.7230392156862745,,0.723155929038282,,0.013541828855869235,0.0022826534808448795,0.023709495856770766,,COMPLETE
126,126,0.7318702323696773,2022-09-13 16:21:23.500316,2022-09-13 16:21:25.403661,0 days 00:00:01.903345,0.11486164137358795,60,0.1526716947555542,0.03498296737670899,0.7318702323696773,,0.7222222222222222,,0.7165318957771788,,0.7209880300263745,,0.784777169135051,,0.7494164332399627,,0.7571195144724556,,0.688608776844071,,0.7379785247432307,,0.7200046685340803,,0.7210550887021475,,0.009169468101198529,0.0034128188537270823,0.025214944128934456,,COMPLETE
127,127,0.7313525948013614,2022-09-13 16:21:25.412469,2022-09-13 16:21:27.423852,0 days 00:00:02.011383,0.07052495151332587,70,0.1624368906021118,0.03590512275695801,0.7313525948013614,,0.7407906558849955,,0.7234201856843365,,0.7318759721376885,,0.7844559410292825,,0.7363445378151261,,0.73062558356676,,0.6812558356676004,,0.7125350140056022,,0.7447478991596639,,0.7274743230625583,,0.007167377694560323,0.004944344496477287,0.02460883835025004,,COMPLETE
128,128,0.7226776742346359,2022-09-13 16:21:27.431486,2022-09-13 16:21:29.362038,0 days 00:00:01.930552,0.1934350484928856,60,0.15445971488952637,0.03596699237823486,0.7226776742346359,,0.7180293501048218,,0.7312069481880803,,0.7129235138973422,,0.7360688442550889,,0.7203548085901027,,0.7375116713352008,,0.673202614379085,,0.7225723622782446,,0.73109243697479,,0.7438141923436041,,0.007013859354042159,0.005158537371855186,0.01886695246359485,,COMPLETE
129,129,0.7150727799742336,2022-09-13 16:21:29.372494,2022-09-13 16:21:33.691758,0 days 00:00:04.319264,0.16064838497271547,90,0.386883807182312,0.04150156974792481,0.7150727799742336,,0.7132374962563641,,0.7094938604372567,,0.7121965239737607,,0.7507438966659904,,0.7013305322128851,,0.7247899159663866,,0.6842903828197946,,0.7107843137254902,,0.7155695611577964,,0.7282913165266106,,0.4279467866135113,0.011878717895192506,0.01655110131392381,,COMPLETE
130,130,0.7306776108698704,2022-09-13 16:21:33.700779,2022-09-13 16:21:35.328705,0 days 00:00:01.627926,0.05636339539447636,50,0.1264271020889282,0.033899974822998044,0.7306776108698704,,0.7238694219826296,,0.7181790955375861,,0.7133292757151553,,0.7865523770879828,,0.7378618113912232,,0.7285247432306255,,0.6870915032679739,,0.7327264239028946,,0.7484827264239029,,0.7301587301587302,,0.006503001892659254,0.0031974747229403916,0.024296098283512688,,COMPLETE
131,131,0.7310313027625334,2022-09-13 16:21:35.337155,2022-09-13 16:21:37.428128,0 days 00:00:02.090973,0.024952493341228944,80,0.17152259349822999,0.03508434295654297,0.7310313027625334,,0.7434860736747528,,0.7160826594788858,,0.7101846216271048,,0.7925204571583148,,0.7315592903828197,,0.7333099906629319,,0.6860410830999066,,0.7337768440709618,,0.7363445378151261,,0.7270074696545286,,0.009245088786808454,0.003862842791523021,0.025837248747913447,,COMPLETE
132,132,0.7315959027149103,2022-09-13 16:21:37.436661,2022-09-13 16:21:39.572822,0 days 00:00:02.136161,0.046175844427081864,80,0.1756373882293701,0.035347580909729004,0.7315959027149103,,0.7328541479484876,,0.7202755315962863,,0.721715019949956,,0.7928416852640834,,0.7410130718954249,,0.7316760037348272,,0.6912931839402428,,0.715219421101774,,0.7457983193277311,,0.7232726423902894,,0.009393083783369414,0.003176610748801054,0.02496113937680981,,COMPLETE
133,133,0.7341607336787425,2022-09-13 16:21:39.577261,2022-09-13 16:21:41.593485,0 days 00:00:02.016224,0.08056756340326779,70,0.1653582811355591,0.03308203220367432,0.7341607336787425,,0.7380952380952381,,0.7223719676549865,,0.7374382903902077,,0.7834077229999323,,0.7478991596638656,,0.7327264239028946,,0.688608776844071,,0.7167366946778712,,0.7389122315592904,,0.7354108309990663,,0.008661632915390767,0.000964016533028069,0.022768361029369546,,COMPLETE
134,134,0.7311853956433456,2022-09-13 16:21:41.596856,2022-09-13 16:21:43.611276,0 days 00:00:02.014420,0.08611893924962852,70,0.16567468643188477,0.03292996883392334,0.7311853956433456,,0.72911051212938,,0.7244684037136867,,0.7178433759383243,,0.7844559410292825,,0.7420634920634921,,0.7358776844070962,,0.688608776844071,,0.7156862745098038,,0.7436974789915967,,0.7300420168067228,,0.008248693762126518,0.0009742013858638921,0.023273128157686413,,COMPLETE
135,135,0.6906333024181472,2022-09-13 16:21:43.618090,2022-09-13 16:21:45.488990,0 days 00:00:01.870900,0.63192371706777,60,0.14975998401641846,0.03462893962860107,0.6906333024181472,,0.6606768493560946,,0.7005091344713986,,0.7205822682085616,,0.7114695340501792,,0.6795051353874884,,0.6756535947712419,,0.6730859010270775,,0.7007469654528478,,0.6823062558356676,,0.701797385620915,,0.007899339549211688,0.004066695550350819,0.018106385382220768,,COMPLETE
