,number,value,datetime_start,datetime_complete,duration,params_colsample_bytree,params_max_depth,params_min_child_samples,params_num_leaves,params_reg_alpha,params_reg_lambda,params_subsample,user_attrs_mean_fit_time,user_attrs_mean_score_time,user_attrs_mean_test_score,user_attrs_mean_train_score,user_attrs_split0_test_score,user_attrs_split0_train_score,user_attrs_split1_test_score,user_attrs_split1_train_score,user_attrs_split2_test_score,user_attrs_split2_train_score,user_attrs_split3_test_score,user_attrs_split3_train_score,user_attrs_split4_test_score,user_attrs_split4_train_score,user_attrs_split5_test_score,user_attrs_split5_train_score,user_attrs_split6_test_score,user_attrs_split6_train_score,user_attrs_split7_test_score,user_attrs_split7_train_score,user_attrs_split8_test_score,user_attrs_split8_train_score,user_attrs_split9_test_score,user_attrs_split9_train_score,user_attrs_std_fit_time,user_attrs_std_score_time,user_attrs_std_test_score,user_attrs_std_train_score,state
139,139,0.7338570303349581,2022-09-13 16:34:48.119651,2022-09-13 16:34:50.641269,0 days 00:00:02.521618,0.8571199655423265,14,27,70,4.479734807038458,12.242854419635217,0.4833903352033103,0.15988736152648925,0.033804011344909665,0.7338570303349581,0.8010311322808681,0.7529200359389039,0.8009784675216904,0.7255166217430369,0.800882272191499,0.7350206262257388,0.7982647019792766,0.7714715628592683,0.7956641864919911,0.7441643323996265,0.7995015932505614,0.7550186741363212,0.8010197216351869,0.688608776844071,0.806437599062211,0.7120681605975724,0.8009154999339585,0.7257236227824464,0.7979232020208691,0.7280578898225958,0.808724078721437,0.01648318009674274,0.001998059043905239,0.022416879560477415,0.00370007710462008,COMPLETE
140,140,0.7345348770467813,2022-09-13 16:34:50.651569,2022-09-13 16:34:52.910640,0 days 00:00:02.259071,0.8867210994778141,15,45,68,6.126786860539593,9.687118046889264,0.8548407296283907,0.13718893527984619,0.03354456424713135,0.7345348770467813,0.7885068608072281,0.7464809823300389,0.7901401850831182,0.7202755315962863,0.7872303795586988,0.7167951579089742,0.7904654222107926,0.794616893217015,0.7877979362375033,0.7489495798319328,0.7860357366926429,0.7364612511671336,0.7888488971073835,0.69234360410831,0.79040644399683,0.7320261437908497,0.7855546658301413,0.7336601307189543,0.7837098385285959,0.7237394957983193,0.7948791028265751,0.006485415949664351,0.003475113353640053,0.025270104732816684,0.003013302095330636,COMPLETE
141,141,0.7266319197591796,2022-09-13 16:34:52.922352,2022-09-13 16:34:55.301516,0 days 00:00:02.379164,0.7699106885149579,15,37,74,2.024017426300009,13.048077240653178,0.7568286355483953,0.14579474925994873,0.03313977718353271,0.7266319197591796,0.805555577196268,0.7196765498652291,0.8035984484890522,0.7150344414495358,0.8040854115446783,0.7097788598092919,0.8095305801663506,0.7655034827889362,0.8031135712289846,0.7552521008403361,0.8016691982565052,0.7533846872082166,0.8050051182142386,0.6802054154995332,0.8046074247127196,0.7284080298786181,0.8076515239070137,0.7116013071895424,0.8046553047814027,0.7274743230625583,0.8116391906617355,0.00787255060027695,0.0027929145636005487,0.02428565805023007,0.002937270108365829,COMPLETE
142,142,0.7275751526011094,2022-09-13 16:34:55.309743,2022-09-13 16:34:57.701085,0 days 00:00:02.391342,0.805997514204637,15,35,70,5.051706303183871,5.883559448212701,0.7294452145742446,0.14631619453430175,0.033922362327575686,0.7275751526011094,0.802725802069671,0.7333033842467804,0.8012393921941412,0.7165318957771788,0.8026798450140473,0.7167951579089742,0.8031308805238287,0.7725197808886184,0.8042475361043042,0.7521008403361344,0.7989664509311848,0.742296918767507,0.8039556779157311,0.6770541549953315,0.8023232152291639,0.7215219421101774,0.8042823768326509,0.7257236227824464,0.8007904338924845,0.7179038281979458,0.8056422120591731,0.010939927664106027,0.003220821145244512,0.02407324043242993,0.0018754387043944342,COMPLETE
143,143,0.730665087093876,2022-09-13 16:34:57.709019,2022-09-13 16:35:00.033316,0 days 00:00:02.324297,0.8249365149189084,15,33,66,5.1358448706327735,11.882198539602802,0.5448210030478268,0.139398455619812,0.03526310920715332,0.730665087093876,0.7945719517857033,0.7328541479484876,0.796924020139091,0.7213237496256364,0.7944747549186572,0.7196185838912559,0.7939320206293824,0.7935686751876648,0.7908476691385988,0.7510504201680672,0.7909748134328358,0.7481325863678805,0.800622028133668,0.6854575163398693,0.7929447067758553,0.6987628384687208,0.793169454167217,0.7336601307189543,0.791701476026945,0.7222222222222222,0.8001285744947827,0.0058106249481175865,0.005083328197596494,0.02834315563060897,0.003362958622118457,COMPLETE
144,144,0.7307573567061233,2022-09-13 16:35:00.037372,2022-09-13 16:35:02.351980,0 days 00:00:02.314608,0.8348959859080886,11,31,62,4.89391211861684,10.361092649164291,0.7537335792983619,0.14008212089538574,0.0349980354309082,0.7307573567061233,0.7990876678909429,0.7328541479484876,0.8020966866282297,0.7202755315962863,0.7972258175054858,0.721715019949956,0.7983813336564402,0.7977615473050652,0.792798055754063,0.7441643323996265,0.7976359216087703,0.734827264239029,0.7983293570862502,0.6854575163398693,0.8040784737815347,0.7146358543417366,0.7999263224805178,0.7336601307189543,0.7971548507462687,0.7222222222222222,0.8032498596618676,0.006550361536857733,0.00410392889979185,0.02697249476943501,0.0031926872608757603,COMPLETE
145,145,0.7361511118953566,2022-09-13 16:35:02.355903,2022-09-13 16:35:04.572533,0 days 00:00:02.216630,0.7769887371955949,14,41,64,4.599162190263854,14.095036110197736,0.7090745674183578,0.13081319332122804,0.03362226486206055,0.7361511118953566,0.7894963609150029,0.7439353099730459,0.794989379292407,0.7123390236597784,0.7864416191366779,0.7357476161493204,0.788631667272492,0.7998579833637656,0.7833117379273851,0.7478991596638656,0.7901585820895523,0.746031746031746,0.7907917547219654,0.6870915032679739,0.7907438746532822,0.7438141923436041,0.7920867867520803,0.7257236227824464,0.7836889941883503,0.7190709617180205,0.7941192131158368,0.00480088907039348,0.00321380994358406,0.027907011993722943,0.00379448816223522,COMPLETE
146,146,0.7317711929567932,2022-09-13 16:35:04.576438,2022-09-13 16:35:06.793050,0 days 00:00:02.216612,0.7519463944163596,14,41,64,4.303410539142914,14.111881775054961,0.7127569110069621,0.13221228122711182,0.03305907249450683,0.7317711929567932,0.789912698850827,0.753968253968254,0.7908183002326441,0.7144354597184785,0.7864824918306219,0.721715019949956,0.7877482750463436,0.7844559410292825,0.785931829402887,0.7389122315592904,0.7867562078985604,0.746031746031746,0.791607986065249,0.6812558356676004,0.7948791028265751,0.7247899159663866,0.7930404669132215,0.7288748832866481,0.7898628401135913,0.7232726423902894,0.7919994881785761,0.006755570385273603,0.003774623270535291,0.025701279710737965,0.0029113776291790476,COMPLETE
147,147,0.7356601983459239,2022-09-13 16:35:06.798186,2022-09-13 16:35:08.994345,0 days 00:00:02.196159,0.764188200837311,13,47,62,4.710582540515594,14.835089569437969,0.8674660363730561,0.12703797817230225,0.035327696800231935,0.7356601983459239,0.7845963953315707,0.7407906558849955,0.7840404515813397,0.7223719676549865,0.7837109928968211,0.7297795360789883,0.7841153837594305,0.7834077229999323,0.778348503693886,0.753734827264239,0.7836349227314754,0.7487161531279178,0.7850634823669265,0.679154995331466,0.7889948074891031,0.734827264239029,0.7867021364416853,0.7415966386554622,0.7825229494122308,0.7222222222222222,0.7888303229428081,0.006691603760250555,0.0052191763331018715,0.025345235069583357,0.0029581857440157074,COMPLETE
148,148,0.7302040658016098,2022-09-13 16:35:09.003186,2022-09-13 16:35:11.202815,0 days 00:00:02.199629,0.7821202329120723,14,49,64,4.5602606041959675,13.713632612978843,0.9089370442958393,0.13004190921783448,0.0342717170715332,0.7302040658016098,0.785212939609722,0.7359988020365379,0.7860436264400916,0.7181790955375861,0.786715755184949,0.7105058497328736,0.7876489526640241,0.7767126530060188,0.7766118044445323,0.7420634920634921,0.7868040879672433,0.7518674136321195,0.782429459450535,0.6812558356676004,0.7893570036983225,0.7327264239028946,0.7849801050059437,0.7336601307189543,0.7817545981376304,0.7190709617180205,0.7897840031039493,0.010233892762171943,0.006545872448860425,0.024243299740964397,0.003784493654574012,COMPLETE
149,149,0.7259781616034525,2022-09-13 16:35:11.206487,2022-09-13 16:35:13.533149,0 days 00:00:02.326662,0.7996607462693657,14,43,68,1.3394786979643454,14.152862417709159,0.6427691075664127,0.14056339263916015,0.0331634521484375,0.7259781616034525,0.804312785994646,0.727613057801737,0.8089081830023264,0.709643605870021,0.8024670180066924,0.7199398119970244,0.8028976171695017,0.7725197808886184,0.7987139193930867,0.7452147525676938,0.8015525937788932,0.7254901960784313,0.8075788782855633,0.6823062558356676,0.8077495542200502,0.7168534080298786,0.8034205355963545,0.7289915966386555,0.8051425670320962,0.7312091503267975,0.804696993461894,0.006712883890481961,0.0019315655520711318,0.0220664896289046,0.0029933960918388505,COMPLETE
150,150,0.7372928924054913,2022-09-13 16:35:13.536969,2022-09-13 16:35:15.804969,0 days 00:00:02.268000,0.8980965330507791,12,39,72,3.9709533310382636,14.486691207475042,0.8133812886561457,0.13676249980926514,0.03415064811706543,0.7372928924054913,0.7952844541942239,0.7359988020365379,0.7931028361108187,0.7213237496256364,0.7988995336797191,0.7350206262257388,0.7945151790152001,0.7956651112463651,0.793731109171371,0.7489495798319328,0.7885739994716682,0.7598039215686274,0.7975486230352662,0.6860410830999066,0.797500742966583,0.7321428571428572,0.7950227430326244,0.7336601307189543,0.790164773477744,0.7243230625583567,0.8037850019812443,0.004879146196062357,0.0044343116157777715,0.026732894300437102,0.004176606963867838,COMPLETE
151,151,0.73506256631279,2022-09-13 16:35:15.808597,2022-09-13 16:35:18.142513,0 days 00:00:02.333916,0.8975484261209782,12,39,66,4.056615603777411,14.895241744501984,0.8160168896882481,0.14421699047088624,0.03306446075439453,0.73506256631279,0.7937637834355573,0.7418388739143456,0.7935693628194728,0.7202755315962863,0.7931232724577907,0.7423581524311895,0.7903788757365724,0.7967133292757151,0.7918476930419107,0.7457983193277311,0.7892049019284111,0.7418300653594772,0.7959431960771364,0.6881419234360411,0.7964513026680755,0.7045985060690942,0.7937045964865936,0.7378618113912232,0.7933339387135121,0.7312091503267975,0.8000806944260996,0.006239436861122105,0.0016970422575416499,0.02726162616124293,0.002973628926781757,COMPLETE
152,152,0.733871813079056,2022-09-13 16:35:18.146299,2022-09-13 16:35:20.517814,0 days 00:00:02.371515,0.9221276016473107,12,45,72,3.9025749080221286,14.512168208408616,0.8885654397934513,0.14680347442626954,0.03291652202606201,0.733871813079056,0.7924595620755484,0.7259658580413297,0.7953188379769256,0.7192273135669363,0.789116922740287,0.7280043281260566,0.794048652306546,0.7865523770879828,0.7914977980104202,0.7531512605042017,0.7882033416985867,0.7418300653594772,0.7946605468234051,0.6912931839402428,0.7937609381191388,0.7200046685340803,0.7936713693699644,0.736811391223156,0.7872975416061286,0.7358776844070962,0.7970196721040814,0.011514500768796924,0.0014458240029836097,0.02353628595167658,0.003104218989815082,COMPLETE
153,153,0.7316798326147257,2022-09-13 16:35:20.524900,2022-09-13 16:35:22.819234,0 days 00:00:02.294334,0.8771004865660096,12,39,74,3.311644839237174,13.926409952685121,0.802070547778322,0.14013121128082276,0.03261067867279053,0.7316798326147257,0.7972491882224487,0.701707097933513,0.7981925186455863,0.7213237496256364,0.7974590808598128,0.7339724081963888,0.7990811237194213,0.789697031176033,0.7958974498463183,0.7510504201680672,0.7929092094835557,0.7428804855275444,0.7991332056531502,0.6844070961718021,0.7960930276713776,0.7358776844070962,0.7954412808743891,0.7257236227824464,0.7936358720776648,0.7301587301587302,0.804649113393211,0.005668686041786086,0.0016576018660895446,0.026772490652538793,0.003176825946385741,COMPLETE
154,154,0.7320028295351412,2022-09-13 16:35:22.828276,2022-09-13 16:35:25.115582,0 days 00:00:02.287306,0.8664375313161768,13,41,70,4.240471015609765,13.384121478791391,0.8418853910363033,0.13655025959014894,0.033261585235595706,0.7320028295351412,0.7938005687450114,0.7328541479484876,0.7917994513150479,0.7133872416891285,0.7916551583197606,0.7259078920673565,0.7940983134977058,0.7816325150470007,0.7897310135581234,0.7441643323996265,0.792045098071589,0.753968253968254,0.7952435692114648,0.6965452847805789,0.796696894399683,0.719421101774043,0.7957910943072249,0.7309757236227825,0.7924011028926166,0.721171802054155,0.7985439918768987,0.005706033260091176,0.002865918577958119,0.022387059385749475,0.0025928859952082605,COMPLETE
155,155,0.7333773761076758,2022-09-13 16:35:25.122215,2022-09-13 16:35:27.506429,0 days 00:00:02.384214,0.9041923512834942,15,43,72,4.515910542764854,2.3030839904759866,0.7793895807088834,0.14836182594299316,0.032198548316955566,0.7333773761076758,0.809411227486261,0.7244684037136867,0.8114259822348281,0.718628331835879,0.8073378871294363,0.7188915939676743,0.811880523004465,0.7910664773111517,0.8106103504637654,0.746265172735761,0.8043719455818253,0.7401960784313726,0.8104106128648791,0.6896591970121382,0.8107457733456611,0.7203548085901027,0.8097836316206577,0.7410130718954249,0.8086654669132215,0.7432306255835668,0.80888010170387,0.005344882178791092,0.0010311318115186828,0.02506715222119031,0.002122366070452024,COMPLETE
156,156,0.7152594787154058,2022-09-13 16:35:27.512492,2022-09-13 16:35:29.176038,0 days 00:00:01.663546,0.8920904524452836,3,47,60,3.6471961216893347,14.349204537668022,0.7935582770977949,0.08601870536804199,0.0319025993347168,0.7152594787154058,0.7497756780486649,0.7356993111710093,0.7452287322652762,0.7285115303983228,0.7534144181524304,0.7095421654155678,0.7473372534764895,0.7415635355379726,0.7389405969728515,0.7232726423902894,0.7478581924448553,0.7249066293183941,0.7471207981112138,0.6901260504201681,0.7534692411834631,0.6917600373482726,0.7468999719323735,0.6959617180205415,0.753810593052437,0.7112511671335201,0.7636769828952582,0.001919211257025268,0.0023896222355864103,0.017457537341112293,0.006320000713292393,COMPLETE
157,157,0.7368962872225376,2022-09-13 16:35:29.179848,2022-09-13 16:35:31.465956,0 days 00:00:02.286108,0.9327560901463257,10,41,76,4.905189563052193,12.939486906916738,0.6981096503221286,0.1381770372390747,0.03200793266296387,0.7368962872225376,0.7903988277128343,0.7476789457921533,0.788629959684661,0.7192273135669363,0.7914904289775014,0.7402617163724894,0.7906121390908993,0.7956651112463651,0.7875150116920165,0.75,0.7883886705851275,0.7406629318394025,0.7893153150178311,0.6975957049486461,0.7935756092325981,0.7379785247432307,0.7935068848236693,0.7230392156862745,0.7854712884691586,0.7168534080298786,0.7954829695548804,0.010137608684928197,0.0009506835174571232,0.024937715391777422,0.0029627388771690582,COMPLETE
158,158,0.7334734461851286,2022-09-13 16:35:31.469606,2022-09-13 16:35:33.743575,0 days 00:00:02.273969,0.9316267490585857,11,39,78,4.867191702816896,11.31699144384797,0.6088688353985992,0.140508770942688,0.03202774524688721,0.7334734461851286,0.7947330335342204,0.7433363282419886,0.7925617889854283,0.7133872416891285,0.7953597106708695,0.7259078920673565,0.7937484184662151,0.7844559410292825,0.7896813523669637,0.7489495798319328,0.7929987782327301,0.7650560224089635,0.8002513703605865,0.6844070961718021,0.7991872771100251,0.7065826330532212,0.7918574990093779,0.7447478991596639,0.7909810048210276,0.7179038281979458,0.8007031353189804,0.006889368965142496,0.0013394750675930467,0.02809680249676307,0.003780006332973125,COMPLETE
159,159,0.733173323092678,2022-09-13 16:35:33.747208,2022-09-13 16:35:35.973535,0 days 00:00:02.226327,0.9584314490455754,10,41,78,5.204777533498152,12.91124551230823,0.7002015718025746,0.1355405330657959,0.03247182369232178,0.733173323092678,0.7899838030609567,0.7455825097334532,0.7910034659218754,0.7292602575621443,0.7907702025675483,0.7238114560086563,0.7935151551118882,0.7977615473050652,0.7869815144973586,0.7441643323996265,0.7912767467969886,0.7406629318394025,0.7879909770836084,0.6933940242763772,0.7935277291639149,0.7134687208216619,0.7882427602034078,0.7177871148459384,0.78153377195879,0.7258403361344539,0.7949957073041871,0.007990600426303923,0.0017768060782540986,0.026204297069033895,0.003753641319667049,COMPLETE
160,160,0.7326099591794518,2022-09-13 16:35:35.977191,2022-09-13 16:35:38.242214,0 days 00:00:02.265023,0.9160656871932215,11,37,68,5.417930076421565,12.589749983763726,0.6749260480257128,0.1388397216796875,0.032268333435058597,0.7326099591794518,0.7906529745075852,0.7577118897873615,0.7925196777250011,0.7213237496256364,0.7922383167055783,0.7097788598092919,0.7897483228529674,0.7956651112463651,0.7849814666907349,0.7441643323996265,0.7897400442477875,0.7406629318394025,0.7915037643640206,0.69234360410831,0.7938296625280676,0.7155695611577964,0.7890589915466913,0.7267740429505136,0.7839554302602034,0.7221055088702147,0.7989540681548013,0.010250279813618075,0.0010677403021868179,0.027402931533184086,0.004085791900024988,COMPLETE
161,161,0.7291676043515397,2022-09-13 16:35:38.245809,2022-09-13 16:35:40.712432,0 days 00:00:02.466623,0.9325040457538913,9,45,76,4.6784268632858135,13.663310209804028,0.7242090008417625,0.13451151847839354,0.03403921127319336,0.7291676043515397,0.7874449427856336,0.7270140760706798,0.790564600531345,0.7223719676549865,0.7846644826611013,0.737117062284439,0.7905624778997397,0.7763914249002501,0.7840980744645865,0.7420634920634921,0.7858712521463479,0.738562091503268,0.7891508304715361,0.6944444444444444,0.791593333113195,0.6985294117647058,0.7850172533350945,0.7278244631185808,0.7806696605468234,0.7273576097105509,0.7922574626865672,0.00795720369487319,0.003724112307342323,0.021790223880053947,0.0036869763535473886,COMPLETE
162,162,0.7330905226769141,2022-09-13 16:35:40.719452,2022-09-13 16:35:43.076810,0 days 00:00:02.357358,0.9463648940893716,12,43,76,4.970638903690484,12.296135704875272,0.7695155202516802,0.14383955001831056,0.03418643474578857,0.7330905226769141,0.791555525729273,0.7339023659778376,0.7940839871932226,0.7144354597184785,0.7928214750913959,0.7318759721376885,0.7889815623039825,0.789697031176033,0.7880116236036139,0.7299253034547153,0.789485990952318,0.7550186741363212,0.7949624801875578,0.69234360410831,0.7928968267071721,0.7189542483660131,0.792388720116233,0.7378618113912232,0.7858774435345397,0.7268907563025211,0.7960451476026945,0.008466559869079255,0.0045758394647706,0.024426732821797338,0.00312987557585284,COMPLETE
163,163,0.7297531814511157,2022-09-13 16:35:43.080632,2022-09-13 16:35:45.302792,0 days 00:00:02.222160,0.84845716426895,10,41,72,4.43654105392382,13.11113244016901,0.8266358806896891,0.13253402709960938,0.033957934379577635,0.7297531814511157,0.7911693391781005,0.7418388739143456,0.7918679853271158,0.7282120395327942,0.7890688250751913,0.7318759721376885,0.7931479507855534,0.7886488131466829,0.7852817005310656,0.7420634920634921,0.7888550884955752,0.7337768440709618,0.789781732928279,0.6833566760037348,0.7968822232862237,0.6977124183006536,0.7909539690925902,0.7299253034547153,0.7872890800422665,0.7201213818860878,0.7985648362171444,0.005901878152506959,0.00323382664880695,0.02657333583112301,0.003913999010189994,COMPLETE
164,164,0.7333932883358252,2022-09-13 16:35:45.308612,2022-09-13 16:35:47.567804,0 days 00:00:02.259192,0.7805614453172468,11,47,80,4.806860423874949,14.088937375532733,0.6862623664585912,0.1329631805419922,0.0356144905090332,0.7333932883358252,0.7848708051391479,0.7353998203054807,0.7882740782485018,0.7213237496256364,0.7838757222390804,0.7196185838912559,0.7852817005310656,0.7834077229999323,0.7773981409817337,0.7457983193277311,0.7823314291374983,0.7274743230625583,0.782187788931449,0.6902427637721755,0.7889593101968035,0.7457983193277311,0.7859253236032229,0.7436974789915967,0.7829893673226787,0.721171802054155,0.7914851901994453,0.007174274242443673,0.005894278398135718,0.02302433206930351,0.003838577727448885,COMPLETE
165,165,0.7321429139722435,2022-09-13 16:35:47.576196,2022-09-13 16:35:49.996929,0 days 00:00:02.420733,0.9085665916278544,10,25,66,4.141682065860609,12.747652449631873,0.568214080623054,0.15197291374206542,0.032315850257873535,0.7321429139722435,0.8018670985993308,0.7359988020365379,0.8010470015337581,0.7244684037136867,0.8002991138056813,0.7238114560086563,0.7999148547544099,0.7907452492053831,0.797664234298615,0.7457983193277311,0.8002784060890239,0.7316760037348272,0.8036661273279619,0.6817226890756303,0.8083449593844935,0.7166199813258637,0.8027101769911504,0.7347105508870215,0.7997139578655396,0.7358776844070962,0.8050321539426759,0.007188240927960194,0.0012930282544276696,0.02562772474048004,0.0029613165991115376,COMPLETE
166,166,0.7341964083259598,2022-09-13 16:35:50.006590,2022-09-13 16:35:52.225983,0 days 00:00:02.219393,0.8892134363220138,13,51,64,5.293661555806686,13.455122245784109,0.5844738474189295,0.1313241481781006,0.0344733715057373,0.7341964083259598,0.7863535433844046,0.7613057801737046,0.7855711133267689,0.7223719676549865,0.7870175525513438,0.7248596740380064,0.7843486471137575,0.7855041590586326,0.7818647633036355,0.7468487394957983,0.7889925373134329,0.7274743230625583,0.7831893491612733,0.6839402427637722,0.7910936880861181,0.7268907563025211,0.7851654338924845,0.7305088702147525,0.783757718597279,0.7322595704948647,0.7925346304979527,0.004736349259014378,0.00699511315284614,0.02529044731217196,0.003332011327505957,COMPLETE
