,number,value,datetime_start,datetime_complete,duration,params_colsample_bytree,params_max_depth,params_min_child_samples,params_num_leaves,params_reg_alpha,params_reg_lambda,params_subsample,user_attrs_mean_fit_time,user_attrs_mean_score_time,user_attrs_mean_test_score,user_attrs_mean_train_score,user_attrs_split0_test_score,user_attrs_split0_train_score,user_attrs_split1_test_score,user_attrs_split1_train_score,user_attrs_split2_test_score,user_attrs_split2_train_score,user_attrs_split3_test_score,user_attrs_split3_train_score,user_attrs_split4_test_score,user_attrs_split4_train_score,user_attrs_split5_test_score,user_attrs_split5_train_score,user_attrs_split6_test_score,user_attrs_split6_train_score,user_attrs_split7_test_score,user_attrs_split7_train_score,user_attrs_split8_test_score,user_attrs_split8_train_score,user_attrs_split9_test_score,user_attrs_split9_train_score,user_attrs_std_fit_time,user_attrs_std_score_time,user_attrs_std_test_score,user_attrs_std_train_score,state
0,0,0.729266565624018,2022-09-13 16:29:20.757832,2022-09-13 16:29:23.222931,0 days 00:00:02.465099,0.7173388039520152,14,15,50,7.764212874401259,13.392497213014021,0.6545829541912086,0.15298609733581542,0.03539302349090576,0.729266565624018,0.7901506738666686,0.7301587301587302,0.7908183002326441,0.7181790955375861,0.7938915965328396,0.73260296206127,0.7899988955021385,0.7956651112463651,0.7870981461745221,0.7505835667600373,0.7906126172236164,0.738562091503268,0.7902211151102893,0.6827731092436975,0.7922157740060758,0.7006302521008403,0.7904227479857351,0.7134687208216619,0.7839345859199578,0.7300420168067228,0.7922929599788667,0.007314406967649605,0.004482552357686052,0.0288379972511119,0.0026752073758068706,COMPLETE
1,1,0.7022055129619306,2022-09-13 16:29:23.226665,2022-09-13 16:29:25.917786,0 days 00:00:02.691121,0.5140821750279226,14,23,70,0.9063108964483912,0.2254280624391436,0.5588123105497144,0.17117600440979003,0.038125014305114745,0.7022055129619306,0.8555411773152585,0.6681641209943097,0.8598124397489013,0.7310572027553159,0.8556762469784138,0.6914688577804828,0.857475266254046,0.7482416987894773,0.8531749368004675,0.7250233426704015,0.8517804368643508,0.6872082166199813,0.8593619980847973,0.6573295985060691,0.8552453440760798,0.7170868347338936,0.8551118164707436,0.6908263305322129,0.8546268243957205,0.7056489262371615,0.8531464634790649,0.006870828338390882,0.006569902503302084,0.02710730365587293,0.002513685034742714,COMPLETE
2,2,0.7107476800823799,2022-09-13 16:29:25.921493,2022-09-13 16:29:27.512948,0 days 00:00:01.591455,0.6617791291249204,2,41,54,6.674887590945864,12.598919012199564,0.699534446077072,0.07936294078826904,0.034707140922546384,0.7107476800823799,0.7351212878168396,0.7067984426474992,0.736974305938307,0.7163821503444145,0.7361878162215052,0.7116386014742679,0.7421881503864507,0.7139041049570569,0.7240591367937086,0.726890756302521,0.7278569128912957,0.7228057889822596,0.7394310939770176,0.6930438842203548,0.7381445235107648,0.7020308123249299,0.7399538535200105,0.7052987861811391,0.7285148510764761,0.7086834733893558,0.7379022338528596,0.00676864579997675,0.004890781807089264,0.00942049338358185,0.005762818543266132,COMPLETE
3,3,0.7238243562793346,2022-09-13 16:29:27.517307,2022-09-13 16:29:30.031615,0 days 00:00:02.514308,0.7366136784514128,15,39,50,1.5589254714288414,7.029464836507603,0.48127471933784877,0.15584030151367187,0.03622505664825439,0.7238243562793346,0.8171493269235803,0.7079964061096137,0.8178815971727655,0.7102425876010782,0.8176483338184386,0.7069554338270102,0.8159302798088724,0.7647764928653547,0.8183795450293063,0.7531512605042017,0.8139566272619205,0.7439309056956116,0.8180192098137631,0.6844070961718021,0.81954125941091,0.7131185807656396,0.8180400541540087,0.7162698412698413,0.8141273031964074,0.7373949579831933,0.8179690595694096,0.00441123840058121,0.0019917651042050248,0.02360197677076873,0.001762217139511797,COMPLETE
4,4,0.726952330942521,2022-09-13 16:29:30.035970,2022-09-13 16:29:32.659297,0 days 00:00:02.623327,0.9277216318194075,13,41,68,3.222501511549163,1.7396629379757949,0.6521069040830365,0.1681776762008667,0.03558008670806885,0.726952330942521,0.8207403580018336,0.7412398921832883,0.8203657486824749,0.7234201856843365,0.8190479139444007,0.7129235138973422,0.8242630567720144,0.7707445729356868,0.8187964105468006,0.7441643323996265,0.8178378021397437,0.7343604108309991,0.8180794726588297,0.6685340802987862,0.8255027407211729,0.7114845938375349,0.8208841715097082,0.7309757236227825,0.8207320697397966,0.7316760037348272,0.8218941933033945,0.01316866709294822,0.0021020237570427373,0.025244316067847224,0.0024234387715216335,COMPLETE
5,5,0.7245811816306965,2022-09-13 16:29:32.663012,2022-09-13 16:29:34.622336,0 days 00:00:01.959324,0.6551836860325178,10,65,64,9.839577506523797,13.014594733721271,0.9343464136192554,0.1079636812210083,0.03363666534423828,0.7245811816306965,0.7647501286175283,0.737047020065888,0.7661357345008887,0.7102425876010782,0.7676098350435872,0.7196185838912559,0.7619485650182448,0.7805842970176506,0.7600154876976248,0.7570028011204482,0.7629125528331793,0.7259570494864613,0.7652237980451724,0.6959617180205415,0.7677181019680359,0.7033146591970121,0.7638887283714173,0.7183706816059757,0.7624230204068154,0.6977124183006536,0.7696254622903184,0.006952529146543533,0.0034757287693866663,0.02570381793800209,0.0028757545527590103,COMPLETE
6,6,0.732938710075225,2022-09-13 16:29:34.630474,2022-09-13 16:29:36.698647,0 days 00:00:02.068173,0.6050659849060844,15,55,66,3.037043222088671,14.823297767255807,0.9993504307016455,0.11686077117919921,0.034225845336914064,0.732938710075225,0.784568824747167,0.7303084755914945,0.787799088002213,0.7234201856843365,0.7857622654206688,0.7126022857915737,0.7809986803723312,0.7795360789883006,0.7795148204655211,0.753734827264239,0.7835661983225466,0.7566526610644257,0.7893716566503765,0.6881419234360411,0.785434140140008,0.7358776844070962,0.7850009493461894,0.7268907563025211,0.7818109397701757,0.7222222222222222,0.7864295089816404,0.0025039070745697706,0.003080040435598195,0.02417446145005715,0.0029363893351677522,COMPLETE
7,7,0.7297304710076362,2022-09-13 16:29:36.707154,2022-09-13 16:29:38.671154,0 days 00:00:01.964000,0.6174764789141973,12,51,38,8.258385336792895,12.467709280811334,0.5746481899369421,0.1108625888824463,0.033335089683532715,0.7297304710076362,0.7735305576393552,0.7487271638215034,0.7769812419106126,0.7181790955375861,0.7715272144020511,0.7245384459322377,0.7703332698659189,0.7826807330763508,0.7712790991913263,0.7478991596638656,0.7726864846123365,0.7343604108309991,0.7747312937524766,0.6865079365079365,0.7771591434420816,0.7214052287581699,0.7761282773081495,0.7278244631185808,0.7714432538634262,0.7051820728291316,0.7730362980451724,0.00382152351651022,0.0015835013340660103,0.024940504099139952,0.002405877361979479,COMPLETE
8,8,0.7244008264697641,2022-09-13 16:29:38.680755,2022-09-13 16:29:40.395107,0 days 00:00:01.714352,0.48930724142935433,4,45,58,8.473421944939028,9.327701331079439,0.931988823785365,0.08856182098388672,0.033181166648864745,0.7244008264697641,0.7518528461887122,0.7252171308775082,0.7509424458798054,0.7165318957771788,0.7532930386370814,0.7108270778386421,0.7504125381937834,0.7883275850409144,0.7540522295608136,0.7638888888888888,0.7520807191916523,0.728641456582633,0.753865283648131,0.719187675070028,0.7486529603090741,0.698062558356676,0.7493047071060626,0.6992296918767507,0.7499834896314885,0.694094304388422,0.7559410497292299,0.0029422330757367114,0.0015917789751437289,0.028607177711016264,0.002255144619221587,COMPLETE
9,9,0.7266553476736606,2022-09-13 16:29:40.398672,2022-09-13 16:29:42.390884,0 days 00:00:01.992212,0.78226855339083,7,49,62,7.021556902233115,9.592187249887127,0.7175190478318694,0.11425445079803467,0.032829785346984865,0.7266553476736606,0.7748153225342905,0.7401916741539383,0.7766662331683976,0.7181790955375861,0.7763908585536433,0.715746939879624,0.7738472627822961,0.783728951105701,0.7650283831222836,0.7610877684407096,0.7695984265618809,0.7301587301587302,0.7751706759344869,0.6902427637721755,0.7862086828028001,0.7064659197012138,0.7731568237353058,0.7134687208216619,0.7693359117025492,0.707282913165266,0.782749966979263,0.0037251067146079255,0.0016242210762560962,0.026668336014162523,0.005962496023418816,COMPLETE
10,10,0.7228942581293015,2022-09-13 16:29:42.394584,2022-09-13 16:29:44.303316,0 days 00:00:01.908732,0.412317635023824,7,69,80,4.425040785926201,4.668477848240304,0.8278310896173287,0.10180923938751221,0.03453526496887207,0.7228942581293015,0.7724342271208245,0.737047020065888,0.7719805297348848,0.7234201856843365,0.7780922360460003,0.7066342057212416,0.7715642904301854,0.777760871035369,0.7666634932959453,0.7285247432306255,0.7728887366266015,0.7322595704948647,0.7763784093910976,0.7034313725490196,0.7762471519614318,0.7080999066293183,0.7678679335622771,0.7109010270774977,0.768725853586052,0.7008636788048552,0.7739336365737683,0.005173040696709488,0.0032158383200192645,0.021958105547504807,0.0036528059542577738,COMPLETE
11,11,0.7377347764019382,2022-09-13 16:29:44.307073,2022-09-13 16:29:46.390807,0 days 00:00:02.083734,0.5757250252640858,11,57,32,5.138209449290271,14.524371313687336,0.4379320725664141,0.11756711006164551,0.033794188499450685,0.7377347764019382,0.7764291521147121,0.7587601078167117,0.7791695824585958,0.7223719676549865,0.7779347316748928,0.7255866639615879,0.7728991667635163,0.7725197808886184,0.772482301246022,0.753734827264239,0.7739212537973847,0.7524509803921569,0.777161413617752,0.6981792717086834,0.7803367702417119,0.7336601307189543,0.7788186418570862,0.7284080298786181,0.7698586712455422,0.7316760037348272,0.7817089882446177,0.011298457299996855,0.0035949414851718067,0.02052598238842206,0.003696862813063104,COMPLETE
12,12,0.7324014166429403,2022-09-13 16:29:46.394474,2022-09-13 16:29:48.491719,0 days 00:00:02.097245,0.553557055256406,10,57,30,3.250506753494686,14.820499705800895,0.409238916728892,0.11859331130981446,0.033658838272094725,0.7324014166429403,0.7801175560654444,0.7529200359389039,0.7819891790574922,0.7123390236597784,0.7837109928968211,0.7175221478325556,0.7809986803723312,0.7784878609589504,0.7743657173754823,0.7495331465919701,0.7791020010566636,0.7556022408963585,0.7810780857878747,0.6691176470588236,0.7822858192444855,0.7436974789915967,0.7788186418570862,0.7179038281979458,0.7753683875974111,0.7268907563025211,0.7834580554087966,0.011805987831941384,0.0018620671816008058,0.028937216041977146,0.003038615456149046,COMPLETE
13,13,0.7301288663162566,2022-09-13 16:29:48.495376,2022-09-13 16:29:52.482208,0 days 00:00:03.986832,0.8707780173591,11,59,42,5.5796893859265415,10.055428095052509,0.8158050057156332,0.2868996858596802,0.03922214508056641,0.7301288663162566,0.782741220910711,0.7328541479484876,0.7855290020663417,0.7192273135669363,0.7819819540863404,0.7287313180496382,0.7877159231500279,0.7834077229999323,0.7777156841169086,0.7558356676003735,0.7797661306300356,0.7264239028944911,0.7786479659225994,0.69234360410831,0.7850696737551182,0.7124183006535947,0.7836056168273675,0.7188375350140056,0.7782480022454101,0.7312091503267975,0.7891322563069607,0.3531293271399254,0.01849041009528953,0.023476538206369846,0.0038879430455391185,COMPLETE
14,14,0.7250195706198893,2022-09-13 16:29:52.485790,2022-09-13 16:29:54.707466,0 days 00:00:02.221676,0.5837465865766208,8,27,78,2.587215863949834,14.988011487325664,0.98001853816383,0.1281480073928833,0.0354973316192627,0.7250195706198893,0.7910412097312621,0.7243186582809225,0.7868804845272082,0.7223719676549865,0.7970334268451028,0.7136505038209238,0.7885323448901725,0.7767126530060188,0.7887956934474428,0.7347105508870215,0.7914705372473914,0.7343604108309991,0.7882658747193237,0.6944444444444444,0.797438209945846,0.7124183006535947,0.7925717788271034,0.7267740429505136,0.7849778348302734,0.7104341736694677,0.7944459120327566,0.0049064722169266575,0.0029928546045349435,0.02073533275156376,0.004050464409591543,COMPLETE
15,15,0.7230904971036903,2022-09-13 16:29:54.711271,2022-09-13 16:29:58.786905,0 days 00:00:04.075634,0.43637453671062004,12,59,42,4.754741247887099,11.115396946888625,0.8183304712068333,0.29525442123413087,0.03820157051086426,0.7230904971036903,0.772561713700686,0.7351003294399521,0.7735159393184994,0.7070979335130279,0.7750670374109006,0.6992966795157909,0.7704002403519227,0.7795360789883006,0.7679660177329605,0.7363445378151261,0.773182208426892,0.729108309990663,0.7712810394928015,0.696078431372549,0.7752123646149782,0.7040149393090569,0.7726988673887201,0.7279411764705883,0.7680972213049795,0.7163865546218487,0.7781962009642055,0.38614175989765187,0.007072947354451286,0.02350772603874772,0.0030615130654219297,COMPLETE
16,16,0.7294966038758778,2022-09-13 16:29:58.795565,2022-09-13 16:30:01.195935,0 days 00:00:02.400370,0.8093888811815446,15,31,30,5.912260506505771,7.247894580076328,0.4277195396558762,0.1489192485809326,0.03407406806945801,0.7294966038758778,0.7941191350735113,0.7234201856843365,0.7958117874372201,0.7202755315962863,0.7972462538524578,0.7227632379793061,0.7940810042028617,0.7938899032934335,0.7886617524754352,0.7510504201680672,0.7903917910447762,0.7358776844070962,0.7975610058116498,0.6902427637721755,0.796299200898164,0.7096171802054155,0.7918698817857615,0.72093837535014,0.7871454398362172,0.7268907563025211,0.8021232333905692,0.01139315274373187,0.002455378352427665,0.026144140087473632,0.004366667297124323,COMPLETE
17,17,0.7213620952540075,2022-09-13 16:30:01.200042,2022-09-13 16:30:03.076571,0 days 00:00:01.876529,0.501697028909591,5,71,72,3.973729168231269,4.836372209350278,0.5230489403808735,0.09623122215270996,0.03726940155029297,0.7213620952540075,0.7678053025111888,0.7380952380952381,0.7687978267286775,0.7187780772686433,0.7700999729579652,0.7105058497328736,0.7679487084381164,0.7855041590586326,0.7707004741922535,0.73062558356676,0.7633812409192973,0.7338935574229692,0.7668021892748647,0.7103174603174602,0.7720285464271562,0.7048319327731092,0.7672285695416722,0.6944444444444444,0.7626331148461234,0.686624649859944,0.7684323817857615,0.005600902115869567,0.005124572632732287,0.02662342514436429,0.002838043727450349,COMPLETE
18,18,0.7281526102021252,2022-09-13 16:30:03.080450,2022-09-13 16:30:05.404782,0 days 00:00:02.324332,0.9898542113713154,10,53,36,2.1096611424531555,11.021768663322423,0.7546491643556258,0.13750216960906983,0.03418254852294922,0.7281526102021252,0.7975772253632599,0.7244684037136867,0.7996125351185205,0.717580113806529,0.7982478412818337,0.715746939879624,0.8006319541122351,0.789697031176033,0.7940313430117019,0.7436974789915967,0.7951269647338528,0.7137021475256768,0.7956536454893672,0.6933940242763772,0.7969030676264695,0.715219421101774,0.7958598187161537,0.736811391223156,0.7998097180029058,0.7312091503267975,0.7998953655395589,0.005243156819019533,0.0018499395493085226,0.024448251238198545,0.0022352308400458427,COMPLETE
19,19,0.7260369302925065,2022-09-13 16:30:05.409192,2022-09-13 16:30:07.650126,0 days 00:00:02.240934,0.5841126381130173,13,63,48,0.6298134193900622,14.282293764344791,0.8791123695295644,0.1277148962020874,0.03734898567199707,0.7260369302925065,0.7905930438908839,0.7244684037136867,0.7909685796325999,0.726564839772387,0.7899333444804317,0.7045377696625414,0.7940313430117019,0.7746162169473185,0.7842643673329097,0.7505835667600373,0.7905647371549334,0.728641456582633,0.7932280659754325,0.6812558356676004,0.7926782707040021,0.7179038281979458,0.7925740490027737,0.7274743230625583,0.7890905676264695,0.7243230625583567,0.7885971139875843,0.006548135157224219,0.0049640427170756455,0.023474918762089087,0.002718605232503993,COMPLETE
20,20,0.7236084685446504,2022-09-13 16:30:07.653961,2022-09-13 16:30:09.879108,0 days 00:00:02.225147,0.6490879802560305,8,35,56,0.022014496347428025,11.8767995036309,0.6019217214889993,0.12777214050292968,0.034519624710083005,0.7236084685446504,0.804904695354869,0.7322551662174304,0.8039555684916944,0.7075471698113207,0.8076324595246794,0.7259078920673565,0.8089150698842174,0.7714715628592683,0.7996319302089232,0.7341269841269842,0.8055194161933694,0.7237394957983193,0.8009154999339585,0.7061157796451913,0.806781221106855,0.6954948646125116,0.8034391097609299,0.7151027077497666,0.803463875313697,0.7243230625583567,0.8087928031303658,0.0036030712474341823,0.0035910449244847195,0.01977062893294024,0.003022927250694241,COMPLETE
21,21,0.73119791941934,2022-09-13 16:30:09.882900,2022-09-13 16:30:12.023905,0 days 00:00:02.141005,0.5500011367140297,10,55,30,3.329466298540246,14.965174312377817,0.4078204865865622,0.12003951072692871,0.03764309883117676,0.73119791941934,0.7798696449741069,0.7392932015573525,0.7827430531902375,0.7213237496256364,0.7770016782575846,0.7321972002434571,0.7791626587406582,0.769375126800568,0.7730654596318396,0.7478991596638656,0.7820773758420287,0.7375116713352008,0.7805553262448818,0.6902427637721755,0.7826001353850218,0.7273576097105509,0.7793746285167085,0.7161531279178338,0.7773067048606526,0.73062558356676,0.7848094290714569,0.009546408366459406,0.010603956106641914,0.019644519614790464,0.0032755680131980667,COMPLETE
22,22,0.7283698760494256,2022-09-13 16:30:12.028249,2022-09-13 16:30:14.204276,0 days 00:00:02.176027,0.5769283353923006,9,59,32,3.589187497251997,13.929132576672236,0.4774611383368357,0.11928820610046387,0.03800806999206543,0.7283698760494256,0.7799036311723242,0.7529200359389039,0.7806376965966257,0.7133872416891285,0.7809394939630205,0.7094576317035234,0.7837654887279399,0.7686481368769865,0.7766960842253803,0.753734827264239,0.778325188218201,0.7243230625583567,0.7820233043851539,0.6902427637721755,0.7810842771760665,0.7124183006535947,0.7781792778364813,0.7263071895424836,0.7736587389380531,0.7322595704948647,0.7837267616563202,0.0066698075481130496,0.006333266093457591,0.02279138490908904,0.0030295377004079705,COMPLETE
23,23,0.7296472017494359,2022-09-13 16:30:14.208286,2022-09-13 16:30:16.311238,0 days 00:00:02.102952,0.5345761962205657,12,47,36,5.238788766127422,13.26440341191358,0.46878256614200764,0.11623058319091797,0.0360645055770874,0.7296472017494359,0.7780320084295711,0.7497753818508535,0.7797527408444134,0.717580113806529,0.7764666175368629,0.7245384459322377,0.7807157558268445,0.7683269087712179,0.7703829310570787,0.7410130718954249,0.7754579563465857,0.7343604108309991,0.776522049597147,0.6881419234360411,0.7824356508387267,0.7200046685340803,0.7796765618808612,0.7336601307189543,0.7783043438779553,0.7190709617180205,0.7806054764892352,0.00465902210382411,0.004124253861529615,0.02041568450414466,0.0032988103947812633,COMPLETE
24,24,0.7266704856014226,2022-09-13 16:30:16.315295,2022-09-13 16:30:18.404638,0 days 00:00:02.089343,0.45357498433828947,11,65,44,2.4554257416177583,8.375028346969547,0.5217311689682659,0.11594204902648926,0.034450864791870116,0.7266704856014226,0.78101875539008,0.7351003294399521,0.783161482233796,0.7123390236597784,0.7820300517514363,0.7034895516331913,0.7848324831172556,0.7714715628592683,0.775415402469954,0.7384453781512605,0.7805908235371813,0.7354108309990663,0.780486601835953,0.6929271708683473,0.7826835127460045,0.7246732026143792,0.7824271892748647,0.7285247432306255,0.7745521562541275,0.7243230625583567,0.7840078506802273,0.009501099467159366,0.0026934102671167305,0.02046347018143398,0.0032791628955920653,COMPLETE
25,25,0.7187613125997,2022-09-13 16:30:18.409054,2022-09-13 16:30:20.466551,0 days 00:00:02.057497,0.6348850830446822,6,55,34,4.272482188747797,14.989559827002205,0.449404233864713,0.11459205150604249,0.03472714424133301,0.7187613125997,0.7714920435219426,0.7337526205450733,0.7722282430315153,0.7154836777478286,0.7743540359720993,0.7108270778386421,0.770663588909193,0.7805842970176506,0.7656830453808499,0.7279411764705883,0.7694300208030642,0.7359943977591037,0.7695528166688681,0.6965452847805789,0.7765282409853388,0.6953781512605042,0.7740417794875182,0.7044817927170868,0.7651026532162197,0.686624649859944,0.7773360107647602,0.013385987362227778,0.0025214687138850537,0.026036049467847187,0.0039751355376964,COMPLETE
26,26,0.732995582083513,2022-09-13 16:30:20.471003,2022-09-13 16:30:22.767800,0 days 00:00:02.296797,0.593791771496991,13,45,62,6.302968141826921,11.489697158509118,0.623277798111614,0.13451852798461914,0.03496382236480713,0.732995582083513,0.7795696629096799,0.7502246181491465,0.7790120780874882,0.7181790955375861,0.7747856763914778,0.7045377696625414,0.7791325735377149,0.8068742814634476,0.7756117805412205,0.7468487394957983,0.7776734414212125,0.7343604108309991,0.7807406551314224,0.6912931839402428,0.7836974557522124,0.7123015873015872,0.7827330438515387,0.7426470588235294,0.7746811435081231,0.7226890756302521,0.7876287808743891,0.013833482919831244,0.0019810164370707814,0.030569194468357194,0.0039989103961117515,COMPLETE
