,number,value,datetime_start,datetime_complete,duration,params_colsample_bytree,params_max_depth,params_min_child_samples,params_num_leaves,params_reg_alpha,params_reg_lambda,params_subsample,user_attrs_mean_fit_time,user_attrs_mean_score_time,user_attrs_mean_test_score,user_attrs_mean_train_score,user_attrs_split0_test_score,user_attrs_split0_train_score,user_attrs_split1_test_score,user_attrs_split1_train_score,user_attrs_split2_test_score,user_attrs_split2_train_score,user_attrs_split3_test_score,user_attrs_split3_train_score,user_attrs_split4_test_score,user_attrs_split4_train_score,user_attrs_split5_test_score,user_attrs_split5_train_score,user_attrs_split6_test_score,user_attrs_split6_train_score,user_attrs_split7_test_score,user_attrs_split7_train_score,user_attrs_split8_test_score,user_attrs_split8_train_score,user_attrs_split9_test_score,user_attrs_split9_train_score,user_attrs_std_fit_time,user_attrs_std_score_time,user_attrs_std_test_score,user_attrs_std_train_score,state
195,195,0.7330467285311365,2022-09-13 16:36:57.874204,2022-09-13 16:37:00.221917,0 days 00:00:02.347713,0.9228000895198696,11,45,70,3.8059613936941217,11.459774469733079,0.7748281970835098,0.1418530225753784,0.033728623390197755,0.7330467285311365,0.795204021747377,0.7303084755914945,0.7990293767327028,0.726564839772387,0.7975276148718806,0.7339724081963888,0.7955648641096716,0.794616893217015,0.7912645346560931,0.7563025210084033,0.7942814274864615,0.7226890756302521,0.7953725564654603,0.6865079365079365,0.7968822232862237,0.7189542483660131,0.7923678757759873,0.7336601307189543,0.7893964222031435,0.7268907563025211,0.8003533218861445,0.005496416291312959,0.00242699808951678,0.026252804130604004,0.003281240076672212,COMPLETE
196,196,0.735354761705859,2022-09-13 16:37:00.231201,2022-09-13 16:37:02.481107,0 days 00:00:02.249906,0.9002351448905742,10,49,62,4.624837823398783,14.332152427835522,0.7522066564354188,0.13357717990875245,0.03356926441192627,0.735354761705859,0.7860432970762229,0.7487271638215034,0.7869971162043717,0.7234201856843365,0.7881357716578832,0.7290525461554067,0.7870958794811498,0.7925204571583148,0.7778646676903878,0.7436974789915967,0.7871832073041871,0.738562091503268,0.7865438432835821,0.69234360410831,0.7885407723550389,0.7336601307189543,0.784038807621186,0.7257236227824464,0.7824395720512481,0.7258403361344539,0.791593333113195,0.007769442811983454,0.002396654550474837,0.023968505125854692,0.003590002309172147,COMPLETE
197,197,0.7315969753695757,2022-09-13 16:37:02.491268,2022-09-13 16:37:05.038095,0 days 00:00:02.546827,0.8015435153443878,15,41,68,4.38280706696504,12.14355734201525,0.878037999956149,0.13773930072784424,0.03351700305938721,0.7315969753695757,0.7930449887061479,0.7261156034740941,0.7954618924057296,0.7202755315962863,0.7927529410793281,0.7146987218502738,0.7960313908183257,0.7959863393521336,0.7908280931503824,0.75,0.7907416044776119,0.7439309056956116,0.7953810180293224,0.6902427637721755,0.7914226571787082,0.7179038281979458,0.7948582584863294,0.7347105508870215,0.7862064126271299,0.7221055088702147,0.7967656188086119,0.005173129928087371,0.002607620892996618,0.026604537641166687,0.003115311681384359,COMPLETE
198,198,0.7368031367548034,2022-09-13 16:37:05.047683,2022-09-13 16:37:07.342762,0 days 00:00:02.295079,0.8852529008664471,14,47,64,5.01147022740073,14.619248540649064,0.7902625425652262,0.13744256496429444,0.03370003700256348,0.7368031367548034,0.7872070452975725,0.7386942198262954,0.7877654402794206,0.7223719676549865,0.7865991235077854,0.7339724081963888,0.7881154793726781,0.7988097653344154,0.7806615612489398,0.7414799253034547,0.7856774616959451,0.7556022408963585,0.786785513802668,0.6770541549953315,0.7909770836085062,0.734827264239029,0.7864689274864615,0.7357609710550888,0.7848758833047154,0.7294584500466853,0.7941439786686039,0.005010879774671301,0.001378508909456922,0.028405675387296058,0.003393827782218627,COMPLETE
199,199,0.733346794794201,2022-09-13 16:37:07.353053,2022-09-13 16:37:09.652354,0 days 00:00:02.299301,0.884722105327538,14,47,64,5.447943014613351,14.618558749232488,0.7928492604858346,0.13732552528381348,0.03552508354187012,0.733346794794201,0.7848728663009915,0.7318059299191375,0.7850901366758114,0.7202755315962863,0.7821947810936954,0.7167951579089742,0.7825818626614607,0.7844559410292825,0.7800483176601789,0.7531512605042017,0.7782564638092722,0.7476657329598506,0.7880202829877163,0.6781045751633987,0.789625709945846,0.7316760037348272,0.7881701145819575,0.7347105508870215,0.783874323074891,0.734827264239029,0.790866670519086,0.008364211922386658,0.005936507405844451,0.025913565065080593,0.0039976427342564265,COMPLETE
200,200,0.730062496696792,2022-09-13 16:37:09.656268,2022-09-13 16:37:12.077125,0 days 00:00:02.420857,0.868281972968774,14,45,60,4.964499557042216,14.252277451236,0.8076652498340644,0.14766066074371337,0.03366508483886719,0.730062496696792,0.7881142764901288,0.72911051212938,0.7901942691528825,0.7234201856843365,0.7853642727240825,0.7259078920673565,0.7895323687934845,0.7756644349766687,0.7858279736338227,0.7431139122315593,0.7883886705851275,0.7386788048552755,0.7898380745608242,0.6844070961718021,0.7894736081759345,0.7299253034547153,0.7853214568749174,0.7288748832866481,0.7838264430062079,0.7215219421101774,0.7933756273940034,0.009680916792196884,0.001056320768410415,0.02131945171855112,0.002790856176597995,COMPLETE
201,201,0.7281039429364767,2022-09-13 16:37:12.081420,2022-09-13 16:37:14.448294,0 days 00:00:02.366874,0.8356877680189873,15,39,64,4.798573429644862,14.595284639811563,0.7840763091277666,0.14147253036499025,0.03288171291351318,0.7281039429364767,0.7897510951579272,0.7359988020365379,0.7897000811261046,0.7223719676549865,0.7899537808274038,0.7188915939676743,0.7905647445931121,0.7876005951173328,0.7863486949203813,0.7457983193277311,0.7860357366926429,0.7418300653594772,0.7892071721040814,0.6749533146591971,0.7936798309338264,0.6966619981325863,0.7910705735702022,0.7326097105508871,0.7867623992867521,0.7243230625583567,0.7941879375247656,0.006816731376036665,0.0010133022330921508,0.028407011291732096,0.0026865524149323615,COMPLETE
202,202,0.7371142705408396,2022-09-13 16:37:14.452326,2022-09-13 16:37:16.770219,0 days 00:00:02.317893,0.8957691691636152,14,47,66,5.186704010710342,12.590572330310057,0.7673400742640425,0.1386730194091797,0.03581516742706299,0.7371142705408396,0.7884995275917445,0.7274633123689727,0.7888572366343194,0.7244684037136867,0.7851310093697554,0.7318759721376885,0.7891478551723058,0.7917934672347333,0.78407849847637,0.7478991596638656,0.7893423507462687,0.7556022408963585,0.7898380745608242,0.69234360410831,0.7911060708625016,0.7327264239028946,0.7854465229163915,0.7389122315592904,0.7885114664509312,0.7280578898225958,0.793536190727777,0.007216030412871303,0.0040839688488300465,0.02416060556034617,0.002746375432679161,COMPLETE
203,203,0.7350185235384477,2022-09-13 16:37:16.774109,2022-09-13 16:37:19.138979,0 days 00:00:02.364870,0.89298536007997,14,47,66,5.2062692817531415,13.51231372263527,0.7708076711101284,0.1404108762741089,0.033933258056640624,0.7350185235384477,0.7870452136476626,0.7476789457921533,0.7870452138694675,0.7223719676549865,0.7832925638532628,0.7350206262257388,0.7867482511430317,0.7914722391289646,0.7840311039785827,0.7489495798319328,0.7829831759344869,0.7497665732959851,0.7864148560295865,0.6870915032679739,0.7927948751816141,0.7104341736694677,0.7874828704926694,0.7305088702147525,0.7845947942808084,0.7268907563025211,0.7950644317131158,0.005407431895766734,0.0019917941990119713,0.026280430134765845,0.003790982592144981,COMPLETE
204,204,0.7353659641986232,2022-09-13 16:37:19.142811,2022-09-13 16:37:21.392808,0 days 00:00:02.249997,0.8988908910824389,14,55,48,5.035143026211066,12.664203917159854,0.7607103316970628,0.13270504474639894,0.034891176223754886,0.7353659641986232,0.7850490710801878,0.7508235998802036,0.7868119505151405,0.7213237496256364,0.7850829117046597,0.7238114560086563,0.7864653265975449,0.7865523770879828,0.7772815093045702,0.7547852474323062,0.77974528628979,0.7307422969187675,0.7890905676264695,0.6870915032679739,0.7888782030114911,0.7378618113912232,0.7848758833047154,0.7284080298786181,0.7817754424778761,0.7322595704948647,0.790483629969621,0.005875854097464209,0.006064195764885034,0.02445992648924552,0.004060256544314357,COMPLETE
205,205,0.7334978615101955,2022-09-13 16:37:21.396916,2022-09-13 16:37:23.727167,0 days 00:00:02.330251,0.9165458125881552,13,49,62,5.444746380209522,14.974586045579432,0.4709925241016922,0.14103026390075685,0.03520963191986084,0.7334978615101955,0.786645929733001,0.7407906558849955,0.7828056007976367,0.7202755315962863,0.7889040957329321,0.7238114560086563,0.7878822160183512,0.7795360789883006,0.7788150304025401,0.7420634920634921,0.7849175719852067,0.7466153127917834,0.7893716566503765,0.6944444444444444,0.7900566305639942,0.7327264239028946,0.7873538832386738,0.7278244631185808,0.7829414872539955,0.7268907563025211,0.7934111246863029,0.007840167841551117,0.004800255338740861,0.020708457504546376,0.004058823364127089,COMPLETE
206,206,0.7353897472967681,2022-09-13 16:37:23.731054,2022-09-13 16:37:26.060709,0 days 00:00:02.329655,0.9105438164972364,14,45,64,5.293534597294053,13.913742098058275,0.7973714385951313,0.13988125324249268,0.0324955940246582,0.7353897472967681,0.7878478547983747,0.7328541479484876,0.7897277424442284,0.7213237496256364,0.7855975360784095,0.7146987218502738,0.7883487427270053,0.7956651112463651,0.7867482511430317,0.7531512605042017,0.7860357366926429,0.7497665732959851,0.7906751502443534,0.69234360410831,0.7904751684057588,0.7378618113912232,0.7878597196539427,0.7267740429505136,0.7814047847047947,0.7294584500466853,0.7916057158895786,0.006980116210807892,0.0011681494191796867,0.025992645609464172,0.0028960816660487366,COMPLETE
207,207,0.736160524262454,2022-09-13 16:37:26.064308,2022-09-13 16:37:28.460069,0 days 00:00:02.395761,0.8735091890497347,14,47,58,4.61181798654786,12.926077016220603,0.7834949524309593,0.14555535316467286,0.034949231147766116,0.736160524262454,0.7898002057464865,0.7428870919436957,0.7895630131019691,0.7255166217430369,0.7895149154368735,0.7318759721376885,0.7908476691385988,0.7834077229999323,0.7840137946837386,0.7468487394957983,0.7885739994716682,0.7529178338001867,0.7886720297847047,0.6854575163398693,0.7944605649848104,0.734827264239029,0.7900836662924317,0.7309757236227825,0.7891632132479196,0.7268907563025211,0.7931091913221503,0.008301941909871855,0.00499253849222501,0.023429945085875377,0.002657972712048526,COMPLETE
208,208,0.7308608003964419,2022-09-13 16:37:28.464013,2022-09-13 16:37:30.852531,0 days 00:00:02.388518,0.8795616802297888,14,47,56,4.538428154433703,13.021132772104021,0.8117176091713387,0.14292972087860106,0.03475973606109619,0.7308608003964419,0.7898456666375507,0.7282120395327942,0.7914351063412539,0.7223719676549865,0.7908868342447118,0.7178433759383243,0.7899146157212906,0.7928416852640834,0.7822447435380693,0.7510504201680672,0.7906937244089288,0.7386788048552755,0.7894403810593053,0.679154995331466,0.7959370046889447,0.7247899159663866,0.7895693683133007,0.7267740429505136,0.7851778166688681,0.7268907563025211,0.7931570713908335,0.007793615327294922,0.002859772523079955,0.0270216771053813,0.0036360357213915642,COMPLETE
209,209,0.7310358988391462,2022-09-13 16:37:30.856324,2022-09-13 16:37:33.218021,0 days 00:00:02.361697,0.8596378747839998,13,49,60,3.9236132300738733,13.347303466400811,0.7859607839824638,0.1447209358215332,0.03356437683105469,0.7310358988391462,0.7918285960032738,0.7259658580413297,0.7931028361108187,0.7223719676549865,0.7923068507176461,0.7248596740380064,0.7896986616618077,0.7855041590586326,0.7880808607829901,0.7489495798319328,0.790460515453705,0.7418300653594772,0.7925408218861445,0.6781045751633987,0.7954018623695681,0.7337768440709618,0.7911060708625016,0.7288748832866481,0.7894651466120723,0.7201213818860878,0.7961223335754855,0.010557006605980478,0.0013964324422501748,0.025448289951064545,0.002452056597419333,COMPLETE
210,210,0.7288056011611379,2022-09-13 16:37:33.222461,2022-09-13 16:37:35.407617,0 days 00:00:02.185156,0.871127650770066,8,51,58,4.6596686906140015,12.80642322226776,0.7961631622978581,0.126823353767395,0.035427212715148926,0.7288056011611379,0.7829398765131708,0.7353998203054807,0.7855915496737409,0.7213237496256364,0.7839851289450923,0.737117062284439,0.7847632459378794,0.7834077229999323,0.778599076343057,0.7558356676003735,0.779299712719588,0.7333099906629319,0.7819066999075419,0.6865079365079365,0.785919132215031,0.6905929038281979,0.7816627592127856,0.7267740429505136,0.7794348913617752,0.7177871148459384,0.788236568815216,0.01274361957632193,0.0036144645627961495,0.026973477496114426,0.0030895995712282042,COMPLETE
211,211,0.7345346000035233,2022-09-13 16:37:35.411320,2022-09-13 16:37:37.839997,0 days 00:00:02.428677,0.894949674295535,14,43,60,4.910862312726311,14.284290521914604,0.7775818027809649,0.15021271705627443,0.03455736637115479,0.7345346000035233,0.7903159545354775,0.7412398921832883,0.7933156631181737,0.7202755315962863,0.7907702025675483,0.7146987218502738,0.7907483467562794,0.7763914249002501,0.7845646011732406,0.7521008403361344,0.7850341764628186,0.7598039215686274,0.7913747771100251,0.69234360410831,0.7912226753401136,0.7337768440709618,0.7902211151102893,0.7288748832866481,0.7894443022718267,0.7258403361344539,0.7964636854444591,0.01115735289538633,0.0033852553319414828,0.022867282710482478,0.0033297660033546356,COMPLETE
212,212,0.7362429126651675,2022-09-13 16:37:37.846837,2022-09-13 16:37:40.181911,0 days 00:00:02.335074,0.8863309510446422,14,47,58,4.379246842752569,12.481161739056684,0.7712943140709686,0.14036808013916016,0.0334134578704834,0.7362429126651675,0.7912529450873066,0.7270140760706798,0.7887946890269202,0.7234201856843365,0.7895149154368735,0.7238114560086563,0.7920312952050781,0.8037296273753973,0.7847805552327235,0.7521008403361344,0.7919763736626602,0.7497665732959851,0.7957308314621583,0.6849906629318394,0.7934466219786025,0.734827264239029,0.7920180623431514,0.7347105508870215,0.7893485421344604,0.7280578898225958,0.7948875643904372,0.004754020913096183,0.0035469522538375845,0.02844484960536248,0.003071987554557681,COMPLETE
213,213,0.732893843274782,2022-09-13 16:37:40.188707,2022-09-13 16:37:42.534199,0 days 00:00:02.345492,0.8825248128466682,14,47,58,4.245100145775698,12.422253469462035,0.7586317795675989,0.14007375240325928,0.033948302268981934,0.732893843274782,0.7919906180775345,0.7271638215034442,0.7891024727979836,0.7223719676549865,0.7914218949654337,0.7280043281260566,0.7977312047846188,0.7865523770879828,0.7879469198109825,0.7510504201680672,0.7900419776119403,0.7338935574229692,0.7912852083608506,0.6870915032679739,0.7948667200501915,0.7448646125116714,0.7917369733192445,0.7267740429505136,0.7925864317791573,0.721171802054155,0.7931863772949412,0.006519035766965554,0.0030480805613600187,0.024069402175582694,0.0026904757083576424,COMPLETE
214,214,0.7301940212075905,2022-09-13 16:37:42.541144,2022-09-13 16:37:44.978114,0 days 00:00:02.436970,0.9092567543289908,14,49,58,4.361958874869593,13.027080658619123,0.7432776500613778,0.1457627534866333,0.03553385734558105,0.7301940212075905,0.7897507338417514,0.7318059299191375,0.7862768897944186,0.7255166217430369,0.7910034659218754,0.7269561100967066,0.791564768496424,0.789697031176033,0.7838475018154154,0.7431139122315593,0.7900419776119403,0.7407796451914099,0.790304492471272,0.6802054154995332,0.7947979956412627,0.7158029878618113,0.7889176215163123,0.7258403361344539,0.7887531369700171,0.7222222222222222,0.7919994881785761,0.003513440376667458,0.0029140093336119106,0.02577404565155436,0.0029049663539153624,COMPLETE
215,215,0.7347658813982074,2022-09-13 16:37:44.982222,2022-09-13 16:37:47.347328,0 days 00:00:02.365106,0.8595180017647264,13,45,56,4.490293489760783,12.555504526109853,0.8178653863952979,0.1447972297668457,0.03455522060394287,0.7347658813982074,0.7912844017540532,0.7337526205450733,0.7899069217287911,0.7255166217430369,0.7941933938992343,0.7290525461554067,0.7904481129159485,0.7855041590586326,0.7894977502037963,0.7447478991596639,0.7892133634922731,0.7476657329598506,0.7934257776383569,0.69234360410831,0.7958327829877163,0.7358776844070962,0.7892674349491481,0.7247899159663866,0.7871685543521332,0.7284080298786181,0.7938899253731344,0.00992784298487371,0.005747014846752636,0.022136994486163422,0.0026760186764564877,COMPLETE
216,216,0.7363824998451399,2022-09-13 16:37:47.356618,2022-09-13 16:37:49.737159,0 days 00:00:02.380541,0.9372550385543806,14,47,62,4.7432091405514765,12.113704283175325,0.7883126522328404,0.14572105407714844,0.035400891304016115,0.7363824998451399,0.7916373292398273,0.7407906558849955,0.7952226426467339,0.7223719676549865,0.7894187201066818,0.7259078920673565,0.7916317389824278,0.7935686751876648,0.7843809990100732,0.7558356676003735,0.7892736263373399,0.7497665732959851,0.7920265239070137,0.6870915032679739,0.7966366315546163,0.7258403361344539,0.7910373464535729,0.7347105508870215,0.7912829381851803,0.7279411764705883,0.7954621252146348,0.013634214747616794,0.007766879908595465,0.02601548189268023,0.0034099454909545003,COMPLETE
217,217,0.7306940700808626,2022-09-13 16:37:49.741018,2022-09-13 16:37:52.162944,0 days 00:00:02.421926,0.9443951163954293,14,47,62,4.816988019684068,12.085304269791857,0.838494081844561,0.14852170944213866,0.0350816011428833,0.7306940700808626,0.7905361137987322,0.7349505840071877,0.7891445840584108,0.7234201856843365,0.7898371491502402,0.7280043281260566,0.7906986855651197,0.769375126800568,0.7860311517852065,0.75,0.7890404173821159,0.7386788048552755,0.7906543059041078,0.6933940242763772,0.7942960804385154,0.7210550887021475,0.7893153150178311,0.7189542483660131,0.7901045106326774,0.729108309990663,0.7962389380530974,0.007034195161014885,0.0037872213429631374,0.01906699376727213,0.0027080118284432335,COMPLETE
218,218,0.7317273703963225,2022-09-13 16:37:52.166831,2022-09-13 16:37:54.543921,0 days 00:00:02.377090,0.9331056543504694,13,49,58,4.115336290980961,13.304751366223474,0.7671723069540309,0.14494876861572265,0.034955716133117674,0.7317273703963225,0.790845296666588,0.7271638215034442,0.7905705869360136,0.7303084755914945,0.7916551583197606,0.7167951579089742,0.7908153172422832,0.794616893217015,0.7855646250765524,0.7457983193277311,0.7900025591071193,0.7476657329598506,0.7899546790384362,0.6833566760037348,0.7918744221371021,0.7179038281979458,0.7932049514595165,0.736811391223156,0.7899315645225202,0.7168534080298786,0.7948791028265751,0.00827848005850483,0.0028888390815350255,0.02725953359021545,0.0023206617038694067,COMPLETE
219,219,0.732357679326549,2022-09-13 16:37:54.547932,2022-09-13 16:37:56.924753,0 days 00:00:02.376821,0.8724829400147204,11,47,62,4.697826162086493,13.731162697200743,0.7885948908654092,0.143304443359375,0.03623247146606445,0.732357679326549,0.7874997740122889,0.7328541479484876,0.7891650204053828,0.7202755315962863,0.7878820719565842,0.7259078920673565,0.7885646967864881,0.800584973287347,0.7820980266579626,0.75,0.7849175719852067,0.734827264239029,0.7849384163254524,0.69234360410831,0.7939462670056796,0.7173202614379085,0.7875786306300356,0.7189542483660131,0.7831144333641527,0.7305088702147525,0.7927926050059437,0.010697460570114628,0.006554320650122002,0.026777712204610542,0.003677896349532915,COMPLETE
220,220,0.7332179980939425,2022-09-13 16:37:56.932582,2022-09-13 16:37:59.291705,0 days 00:00:02.359123,0.8453749197261993,14,45,60,5.048992709490934,14.606411998328632,0.8023869534241553,0.141211199760437,0.03415126800537109,0.7332179980939425,0.7873389115079606,0.7380952380952381,0.7887946890269202,0.7202755315962863,0.7849254073335521,0.7167951579089742,0.7889988715988265,0.7935686751876648,0.7887482989496555,0.7489495798319328,0.7866874834896315,0.7487161531279178,0.7870666028265751,0.6912931839402428,0.7909415863162066,0.733076563958917,0.7864396215823537,0.7219887955182073,0.7798325848632941,0.719421101774043,0.7909539690925902,0.010170707059038478,0.002152568871448029,0.02581674586756998,0.0031046128697565325,COMPLETE
221,221,0.7352735027871973,2022-09-13 16:37:59.299025,2022-09-13 16:38:01.639794,0 days 00:00:02.340769,0.9050074425289839,14,47,68,4.539490554338445,12.702370438255112,0.7825424854492574,0.14141883850097656,0.03472702503204346,0.7352735027871973,0.7906749428692361,0.7339023659778376,0.7893982837597099,0.7223719676549865,0.7867638528500447,0.7259078920673565,0.7940313430117019,0.7935686751876648,0.7881974924601536,0.75,0.7892736263373399,0.7487161531279178,0.7896527456742835,0.6912931839402428,0.7931779157310791,0.7279411764705883,0.7910852265222559,0.7288748832866481,0.7896296311583675,0.7301587301587302,0.7955393111874257,0.0055764844681589565,0.0017909633177958931,0.024712508307053307,0.0026177509951261727,COMPLETE
222,222,0.7308013426510795,2022-09-13 16:38:01.646891,2022-09-13 16:38:03.957865,0 days 00:00:02.310974,0.9263702226642878,14,61,62,4.849953295859251,12.325179474199672,0.7728838009520242,0.13712699413299562,0.03494429588317871,0.7308013426510795,0.7844647648022222,0.7353998203054807,0.7840825628417669,0.7181790955375861,0.7866195598547574,0.7185703658619058,0.7871327647642103,0.7784878609589504,0.7769985847590835,0.7357609710550888,0.7824564951789723,0.7376283846872083,0.7862024914146084,0.6992296918767507,0.7871415186236956,0.72093837535014,0.7848758833047154,0.7326097105508871,0.7800534110421344,0.7312091503267975,0.7890843762382777,0.007270844670809412,0.0023462773435375746,0.01942358904914914,0.0035048396569663668,COMPLETE
