,number,value,datetime_start,datetime_complete,duration,params_colsample_bytree,params_max_depth,params_min_child_samples,params_num_leaves,params_reg_alpha,params_reg_lambda,params_subsample,user_attrs_mean_fit_time,user_attrs_mean_score_time,user_attrs_mean_test_score,user_attrs_mean_train_score,user_attrs_split0_test_score,user_attrs_split0_train_score,user_attrs_split1_test_score,user_attrs_split1_train_score,user_attrs_split2_test_score,user_attrs_split2_train_score,user_attrs_split3_test_score,user_attrs_split3_train_score,user_attrs_split4_test_score,user_attrs_split4_train_score,user_attrs_split5_test_score,user_attrs_split5_train_score,user_attrs_split6_test_score,user_attrs_split6_train_score,user_attrs_split7_test_score,user_attrs_split7_train_score,user_attrs_split8_test_score,user_attrs_split8_train_score,user_attrs_split9_test_score,user_attrs_split9_train_score,user_attrs_std_fit_time,user_attrs_std_score_time,user_attrs_std_test_score,user_attrs_std_train_score,state
419,419,0.733381148158188,2022-09-13 16:45:49.354923,2022-09-13 16:45:51.798068,0 days 00:00:02.443145,0.899509558156575,11,45,66,4.377290176589223,14.707299752965847,0.4300093056103296,0.15028576850891112,0.03492815494537353,0.733381148158188,0.7887659439524409,0.7359988020365379,0.7892131180704786,0.7198262952979935,0.7863309738641829,0.7188915939676743,0.7901651883704618,0.789697031176033,0.7863810468166971,0.7510504201680672,0.787572439241844,0.7295751633986928,0.7890612617223616,0.6912931839402428,0.7907771017699115,0.7358776844070962,0.790852017567032,0.7267740429505136,0.7827561583674547,0.734827264239029,0.7945501337339849,0.011894834864169887,0.0018867055555427592,0.023920859554276273,0.003053803570797166,COMPLETE
420,420,0.7361589543506589,2022-09-13 16:45:51.809752,2022-09-13 16:45:54.141512,0 days 00:00:02.331760,0.9235898035439581,11,51,36,4.00682563533026,13.936928143272999,0.49683371155819617,0.13684406280517578,0.036624813079833986,0.7361589543506589,0.7887389708368456,0.7497753818508535,0.7863249874595144,0.7202755315962863,0.7890688250751913,0.7290525461554067,0.7899319250161347,0.7865523770879828,0.7836315477559324,0.7489495798319328,0.7885948438119139,0.736577964519141,0.7904210969488839,0.6944444444444444,0.7925261689340906,0.7289915966386555,0.7874975234447232,0.7378618113912232,0.7886280709285431,0.729108309990663,0.790764718993528,0.007338749019057715,0.006015730817905685,0.022440023707396294,0.00237266445291318,COMPLETE
421,421,0.7322703893892716,2022-09-13 16:45:54.145576,2022-09-13 16:45:56.487659,0 days 00:00:02.342083,0.876312527482253,10,49,54,2.8590018309021255,13.417042518945978,0.957638714784013,0.13674619197845458,0.0337921142578125,0.7322703893892716,0.7933436471379045,0.7339023659778376,0.7910996612520669,0.726564839772387,0.792540114071973,0.7238114560086563,0.7923488383402529,0.7816325150470007,0.7925647923997359,0.7478991596638656,0.7926489647998943,0.7226890756302521,0.789665128450667,0.69234360410831,0.7971841566503765,0.7358776844070962,0.7959076987848368,0.7278244631185808,0.7944042233522652,0.7301587301587302,0.7950728932769779,0.007356625199178825,0.001228624085843012,0.021238728319690613,0.002161723128745371,COMPLETE
422,422,0.731001517060466,2022-09-13 16:45:56.492150,2022-09-13 16:45:58.746365,0 days 00:00:02.254215,0.9391218082418896,11,63,68,5.655900666962153,14.393325320877768,0.45814303588229616,0.12970149517059326,0.03473882675170899,0.731001517060466,0.7812716608653916,0.7328541479484876,0.7826889691204733,0.7192273135669363,0.7829631051687443,0.7105058497328736,0.7834329029912934,0.7876005951173328,0.774415378566642,0.7478991596638656,0.7801159440628715,0.7322595704948647,0.7822565133403777,0.6912931839402428,0.785138398164047,0.7267740429505136,0.7818503582749967,0.7347105508870215,0.7769529702152952,0.7268907563025211,0.7829020687491746,0.006455872392565516,0.0031368699649661136,0.023828520079252714,0.0030895113458397952,COMPLETE
423,423,0.7323905977485333,2022-09-13 16:45:58.750530,2022-09-13 16:46:01.104730,0 days 00:00:02.354200,0.8887573914786305,13,53,66,3.5900867423021148,13.738960624474998,0.9361226871603713,0.1384737014770508,0.03445544242858887,0.7323905977485333,0.7900007492208553,0.7192273135669363,0.7911056476567354,0.7213237496256364,0.7882524033350466,0.7188915939676743,0.7921652361770857,0.7763914249002501,0.7810980027546506,0.7383286647992531,0.7923949115044248,0.7487161531279178,0.7913747771100251,0.6881419234360411,0.7926303906353189,0.7390289449112979,0.7902689951789723,0.7447478991596639,0.786995608241976,0.729108309990663,0.7937215196143178,0.006342152363925602,0.0021732816742826436,0.022093701845171263,0.003545466858991134,COMPLETE
424,424,0.7344296432307962,2022-09-13 16:46:01.108891,2022-09-13 16:46:03.625568,0 days 00:00:02.516677,0.9106673797933472,11,27,62,4.843831932921847,14.696565045707151,0.47926006801342824,0.15604755878448487,0.033393335342407224,0.7344296432307962,0.7967988367380034,0.7339023659778376,0.7987901269737073,0.727613057801737,0.7975757125369763,0.7318759721376885,0.7960983613043295,0.799130993440184,0.7928778021481659,0.7372782446311859,0.7951663832386738,0.7518674136321195,0.7993455702681284,0.6754201680672269,0.802870740324924,0.7224556489262371,0.7941146727644961,0.736811391223156,0.7911184536388851,0.7279411764705883,0.8000305441817461,0.011391140427896254,0.00140357045380512,0.02867923953450175,0.003411277496171819,COMPLETE
425,425,0.7304321008176043,2022-09-13 16:46:03.629583,2022-09-13 16:46:06.017934,0 days 00:00:02.388351,0.8716487451073599,14,47,74,3.0881799304823563,14.341779206102771,0.5299513085671785,0.14417805671691894,0.03358426094055176,0.7304321008176043,0.7954328899219204,0.7032045522611561,0.7977885395443314,0.7198262952979935,0.7947212296488044,0.7248596740380064,0.7990314625282615,0.7935686751876648,0.7899146157212906,0.736811391223156,0.7917995063399815,0.7386788048552755,0.7991332056531502,0.6870915032679739,0.7962868181217805,0.7369281045751634,0.7974444013340378,0.7369281045751634,0.7918744221371021,0.7264239028944911,0.7963346981904635,0.008058424751338469,0.0016548279334056499,0.02637929893735493,0.0030757398438266497,COMPLETE
426,426,0.7284838900055863,2022-09-13 16:46:06.022193,2022-09-13 16:46:08.226288,0 days 00:00:02.204095,0.6102789762993964,10,43,70,3.2777917911215373,14.056163638501305,0.5090986441922116,0.12427690029144287,0.03569839000701904,0.7284838900055863,0.788819346692601,0.7359988020365379,0.7909349319098076,0.7213237496256364,0.7907497662205762,0.6975214715628593,0.7869815144973586,0.7675999188476365,0.7853117857340088,0.7478991596638656,0.7857129589882446,0.7354108309990663,0.7905500842028794,0.6833566760037348,0.7911747952714305,0.7261904761904762,0.7923177255316338,0.7447478991596639,0.7843137052569014,0.7247899159663866,0.7901461993131687,0.005591841847147637,0.005368400313604315,0.023111253573057093,0.0027636219613638457,COMPLETE
427,427,0.7361720322131693,2022-09-13 16:46:08.230519,2022-09-13 16:46:10.533442,0 days 00:00:02.302923,0.8584942254138199,11,49,64,3.8247162829145553,13.48615352844932,0.4689361800393146,0.13636820316314696,0.03284933567047119,0.7361720322131693,0.7901597787452169,0.7349505840071877,0.793987791863031,0.7244684037136867,0.7879506059686519,0.742036924325421,0.7926317628857398,0.8019544194224657,0.7849618907025184,0.7478991596638656,0.7881763059701492,0.7566526610644257,0.7908396347906486,0.6854575163398693,0.7920597510236429,0.7135854341736694,0.7908852446836614,0.7347105508870215,0.7866457948091401,0.7200046685340803,0.7934590047549861,0.008414241775251989,0.0005275453311894533,0.028987590561934413,0.0029056567902526983,COMPLETE
428,428,0.736990979187374,2022-09-13 16:46:10.542558,2022-09-13 16:46:12.912269,0 days 00:00:02.369711,0.8805561097224217,12,47,66,3.5442755332458087,12.698396291895781,0.4920922971325795,0.13912465572357177,0.036383986473083496,0.736990979187374,0.793849891811919,0.7529200359389039,0.79622423007611,0.7213237496256364,0.7931232724577907,0.7196185838912559,0.7962646541726528,0.8026814093460473,0.7876639952654958,0.7510504201680672,0.7917431647074362,0.7449813258636788,0.7953601736890767,0.6781045751633987,0.7979880052172765,0.734827264239029,0.7947416540087175,0.7400793650793651,0.7923199957073042,0.7243230625583567,0.7930697728173293,0.005394622257129271,0.003988830200410954,0.03003339418876431,0.0027901521781001485,COMPLETE
429,429,0.728899604069666,2022-09-13 16:46:12.919924,2022-09-13 16:46:15.010819,0 days 00:00:02.090895,0.4885041698441687,12,45,80,5.257524548159367,12.2380756513175,0.6156286154091952,0.11859219074249268,0.033480477333068845,0.728899604069666,0.7767500793732196,0.7439353099730459,0.7798008385095091,0.7144354597184785,0.7733175622534478,0.7196185838912559,0.7765493673452735,0.7907452492053831,0.772346093580642,0.7505835667600373,0.7783460325584467,0.7312091503267975,0.7785730501254788,0.6844070961718021,0.7803638059701492,0.7161531279178338,0.7799700336811517,0.7141690009337068,0.7694130976753402,0.7237394957983193,0.7788209120327566,0.00961234183688092,0.0010076681074940236,0.026846799852036626,0.003576894521773696,COMPLETE
430,430,0.7328859724047866,2022-09-13 16:46:15.017704,2022-09-13 16:46:17.442519,0 days 00:00:02.424815,0.8949046918380616,12,47,64,5.013900373488431,12.863103046202895,0.4933873291081168,0.14426805973052978,0.03593144416809082,0.7328859724047866,0.7882175945319259,0.7261156034740941,0.7876824563250494,0.7192273135669363,0.7861121604521594,0.7339724081963888,0.7876316433691801,0.7935686751876648,0.7828647872069474,0.7399626517273576,0.7878743726059966,0.7386788048552755,0.7871623629639414,0.69234360410831,0.7927802222295601,0.7327264239028946,0.7880326657640999,0.7289915966386555,0.7884990836745476,0.7232726423902894,0.793536190727777,0.007906067108534542,0.002654420013971211,0.02398102431901502,0.002901118703690048,COMPLETE
431,431,0.7336945693270207,2022-09-13 16:46:17.446534,2022-09-13 16:46:19.821688,0 days 00:00:02.375154,0.8822273720334491,12,43,78,4.699144557274967,12.5829656444167,0.5112342988132562,0.14316160678863527,0.03438313007354736,0.7336945693270207,0.7915269969531228,0.7168313866427074,0.7943112641428811,0.7292602575621443,0.7910034659218754,0.7269561100967066,0.7945151790152001,0.794616893217015,0.7887309896548114,0.7510504201680672,0.7869685725135385,0.7247899159663866,0.7871747457403249,0.6954948646125116,0.7956474541011755,0.7320261437908497,0.7916119072777704,0.7347105508870215,0.7888342441553295,0.7312091503267975,0.7964721470083213,0.008207267161134735,0.0018071836153716336,0.024311921874053257,0.0033643014867026856,COMPLETE
432,432,0.7323549799307024,2022-09-13 16:46:19.827971,2022-09-13 16:46:22.272576,0 days 00:00:02.444605,0.9078141585916457,12,47,66,3.4865283008458983,12.762879938704463,0.4995446455829568,0.14549593925476073,0.0332277774810791,0.7323549799307024,0.7935071485092495,0.7418388739143456,0.7945228525837529,0.7213237496256364,0.7932399041349542,0.7238114560086563,0.7937484184662151,0.7865523770879828,0.7901305697807737,0.7399626517273576,0.7903917910447762,0.7338935574229692,0.7933091731607449,0.6844070961718021,0.7966490143309999,0.7268907563025211,0.794089907211729,0.7326097105508871,0.7899315645225202,0.7322595704948647,0.7990582898560296,0.008601432004827202,0.0014552313983720027,0.02368788113170399,0.002758951167375652,COMPLETE
433,433,0.7302611580237695,2022-09-13 16:46:22.276656,2022-09-13 16:46:24.882552,0 days 00:00:02.605896,0.9257588430955292,12,37,64,3.1092782544927045,12.332689760130947,0.9193275260450581,0.15782711505889893,0.037461042404174805,0.7302611580237695,0.8021533142015917,0.7343516022761306,0.8029071219637058,0.7234201856843365,0.8034686054360682,0.7290525461554067,0.8023814292696879,0.7795360789883006,0.799130784910581,0.7420634920634921,0.8018066470743627,0.7449813258636788,0.8019525574560824,0.6796218487394958,0.8007031353189804,0.7252567693744164,0.8007780511161009,0.7189542483660131,0.798398081495179,0.7253734827264239,0.8100067279751684,0.004605372849512267,0.005240313287188572,0.023643406632342632,0.0030235519883936887,COMPLETE
434,434,0.73206052556953,2022-09-13 16:46:24.886934,2022-09-13 16:46:27.515764,0 days 00:00:02.628830,0.8957340983453368,13,29,66,3.6760790406882142,12.923531819249602,0.5259724658118751,0.16174862384796143,0.03846585750579834,0.73206052556953,0.8041371498394307,0.7397424378556454,0.8048200878969347,0.7223719676549865,0.8034686054360682,0.7230844660850748,0.8036643777184866,0.7876005951173328,0.8006146448173911,0.7305088702147525,0.8022606822084268,0.7470821661998133,0.8072414476291111,0.6944444444444444,0.8065750478800686,0.7221055088702147,0.806273114515916,0.7257236227824464,0.7991100911372342,0.7279411764705883,0.8073433991546691,0.005096574478734945,0.006026471522932652,0.02262167878887029,0.0026974015733302738,COMPLETE
435,435,0.7344811732767769,2022-09-13 16:46:27.519722,2022-09-13 16:46:29.835273,0 days 00:00:02.315551,0.8793538055899528,12,45,66,3.319413809952329,13.216024275914005,0.7941990624765645,0.1394655466079712,0.032480835914611816,0.7344811732767769,0.796577553301096,0.717580113806529,0.7988442110434717,0.7223719676549865,0.7971296221752944,0.7259078920673565,0.7979817774337898,0.7956651112463651,0.7943142675571887,0.7510504201680672,0.7931424184387795,0.7476657329598506,0.7992498101307621,0.6865079365079365,0.7985834103817198,0.7279411764705883,0.7969092590146611,0.7378618113912232,0.7898149600449083,0.7322595704948647,0.7998057967903844,0.006292169736750906,0.0012837770068973233,0.02656726158646495,0.003029284537731852,COMPLETE
436,436,0.7330316971584738,2022-09-13 16:46:29.839237,2022-09-13 16:46:32.165515,0 days 00:00:02.326278,0.9060672783429782,13,47,72,4.083655618189468,13.142872819529153,0.4794769818238124,0.13999269008636475,0.03365957736968994,0.7330316971584738,0.7917434739871675,0.7270140760706798,0.789096486393315,0.7255166217430369,0.7923549483827418,0.7146987218502738,0.7929146874312265,0.7914722391289646,0.7903811424299447,0.7399626517273576,0.7884095149253731,0.7370448179271709,0.79018788799366,0.6849906629318394,0.7933508618412363,0.7379785247432307,0.7920867867520803,0.7357609710550888,0.7941022899881125,0.7358776844070962,0.7945501337339849,0.006505330220929906,0.0029901973712722586,0.025012370885607475,0.0020071416118300667,COMPLETE
437,437,0.7337786910260149,2022-09-13 16:46:32.169306,2022-09-13 16:46:34.671465,0 days 00:00:02.502159,0.8856897779258215,14,41,64,4.512514409369817,12.676540412095356,0.4373582276419408,0.15157153606414794,0.03590760231018066,0.7337786910260149,0.7930261123610782,0.7349505840071877,0.7939192578509633,0.7202755315962863,0.7906535708903848,0.737117062284439,0.7957981274639987,0.7876005951173328,0.7865646489798643,0.7589869281045751,0.7879701327433628,0.7508169934640523,0.797733951921807,0.6812558356676004,0.795228916259411,0.7077497665732959,0.7937045964865936,0.736811391223156,0.7929841252806762,0.7222222222222222,0.7957037957337207,0.013912053693697031,0.0031020041567635433,0.02756141175967239,0.0034069393707593164,COMPLETE
438,438,0.7312932720257914,2022-09-13 16:46:34.675395,2022-09-13 16:46:37.037265,0 days 00:00:02.361870,0.8693854411943824,12,57,66,2.8316046967967847,13.312665168877707,0.9822607979158343,0.1381483793258667,0.03469398021697998,0.7312932720257914,0.7906185263999812,0.7223719676549865,0.7948102000078443,0.7213237496256364,0.7916070606546649,0.7167951579089742,0.7943488861468768,0.7763914249002501,0.7842816766277538,0.7558356676003735,0.7858712521463479,0.7407796451914099,0.7926782707040021,0.6891923436041083,0.7936651779817725,0.7226890756302521,0.7872519317131158,0.7337768440709618,0.7875870921938977,0.7337768440709618,0.7940837158235372,0.007342633940129922,0.0015279740554551993,0.02230290752426794,0.003757804048312418,COMPLETE
439,439,0.7347011669346172,2022-09-13 16:46:37.041437,2022-09-13 16:46:39.358102,0 days 00:00:02.316665,0.917607129812275,11,49,68,4.931634915762973,7.660925787603609,0.464766656647651,0.1403712034225464,0.03272533416748047,0.7347011669346172,0.7937052768337683,0.7359988020365379,0.7933841971302414,0.7223719676549865,0.7941248598871666,0.7339724081963888,0.7966815196901471,0.7855041590586326,0.7868648828201952,0.7675070028011204,0.7914496929071457,0.7497665732959851,0.7941941289129573,0.6854575163398693,0.7977671790384362,0.7204715219421102,0.7952891791044776,0.7158029878618113,0.7912913997490425,0.7301587301587302,0.7960057290978735,0.009186042299881413,0.0012413136005710356,0.026539691539579267,0.003022936788028974,COMPLETE
440,440,0.7361838953475487,2022-09-13 16:46:39.362056,2022-09-13 16:46:41.734280,0 days 00:00:02.372224,0.894495019120296,15,47,68,3.7583694370991054,11.956771379643206,0.8993782604117452,0.1451850414276123,0.032965350151062014,0.7361838953475487,0.7948840993420978,0.7487271638215034,0.7952226426467339,0.7244684037136867,0.7940082282100032,0.7360688442550889,0.794748442369527,0.7956651112463651,0.7921306175873974,0.742530345471522,0.7940189126271299,0.7439309056956116,0.7931717243428873,0.6802054154995332,0.7986189076740193,0.7327264239028946,0.794254391758024,0.7247899159663866,0.7938775425967508,0.7327264239028946,0.7987895836085062,0.009138381348172993,0.0011816703986708699,0.026870484547383167,0.0020681849854619133,COMPLETE
441,441,0.7238822228018819,2022-09-13 16:46:41.738313,2022-09-13 16:46:43.830862,0 days 00:00:02.092549,0.5907566300892061,11,39,70,8.028501193662425,13.778657291952857,0.8579948352002469,0.1173243522644043,0.03434035778045654,0.7238822228018819,0.7738494065043346,0.72911051212938,0.7730987488414243,0.7123390236597784,0.7733656599185436,0.7154257117738554,0.7753160800876344,0.7763914249002501,0.7679163565418008,0.7526844070961718,0.7744085160480783,0.7301587301587302,0.7771737963941355,0.7082166199813258,0.7787645704002113,0.7123015873015872,0.772128227777044,0.701797385620915,0.7663436137894598,0.7003968253968254,0.7799784952450138,0.008202478968755198,0.004806221449996724,0.022971930391521022,0.0041296225974020205,COMPLETE
442,442,0.7346060061273444,2022-09-13 16:46:43.834903,2022-09-13 16:46:46.166519,0 days 00:00:02.331616,0.8794683088969015,11,51,66,5.49644172433398,12.504631741643374,0.4121058142284307,0.13763604164123536,0.03455502986907959,0.7346060061273444,0.7849822982834576,0.7349505840071877,0.7862287921293228,0.7213237496256364,0.7856179724253816,0.7342936363021573,0.7842621006395373,0.7823595049705823,0.7789986325657073,0.75,0.7833538337075683,0.7354108309990663,0.7870789856029586,0.6912931839402428,0.790358563928147,0.7316760037348272,0.7828125,0.7378618113912232,0.7806364334301942,0.7268907563025211,0.7904751684057588,0.008699791687735218,0.002575990543022147,0.021562386037737403,0.0035776973538537878,COMPLETE
443,443,0.7331605222734254,2022-09-13 16:46:46.172973,2022-09-13 16:46:48.536570,0 days 00:00:02.363597,0.9002978183408408,12,45,62,3.4657748161398243,13.54873415971751,0.502265892364169,0.14075682163238526,0.03191864490509033,0.7331605222734254,0.7944766964951662,0.7244684037136867,0.7966763068424605,0.7223719676549865,0.7935897991664447,0.7269561100967066,0.7939816818205422,0.7907452492053831,0.7928477169452226,0.7468487394957983,0.7952227248712191,0.7338935574229692,0.794941635847312,0.6912931839402428,0.793808818187822,0.7400793650793651,0.7960721833311319,0.7258403361344539,0.79040644399683,0.729108309990663,0.7972196539426759,0.007743867661681909,0.00033506155247307764,0.023675083796531608,0.0019073181179110328,COMPLETE
444,444,0.7349915722020194,2022-09-13 16:46:48.543598,2022-09-13 16:46:50.710975,0 days 00:00:02.167377,0.6402145219815104,12,49,62,3.0408231159046286,14.81197350428649,0.5457839396445403,0.11983187198638916,0.03777012825012207,0.7349915722020194,0.7869931918566084,0.7359988020365379,0.7876969062673529,0.7213237496256364,0.790138946516635,0.7146987218502738,0.7881651405638379,0.7855041590586326,0.7820980266579626,0.7568860877684407,0.787572439241844,0.7364612511671336,0.7874287990357944,0.6860410830999066,0.791045808017435,0.7459150326797386,0.7852133139611677,0.734827264239029,0.7822773576806235,0.7322595704948647,0.7882951806234315,0.0026230713299620965,0.0068399233209576644,0.024810558363309712,0.0028245053264108286,COMPLETE
445,445,0.734294815511922,2022-09-13 16:46:50.714893,2022-09-13 16:46:53.017394,0 days 00:00:02.302501,0.850679063371336,14,47,64,4.730836072903435,14.999512141579277,0.9653551895086615,0.1382685661315918,0.034490203857421874,0.734294815511922,0.7858493063587004,0.7282120395327942,0.7891505704630793,0.7202755315962863,0.786715755184949,0.7105058497328736,0.7867655604378757,0.789697031176033,0.7802815810145061,0.7558356676003735,0.7800950997226258,0.7524509803921569,0.7848302734117025,0.6849906629318394,0.789461225399551,0.7415966386554622,0.7860419280808347,0.736811391223156,0.780705157839123,0.7225723622782446,0.7944459120327566,0.008122112815211888,0.005301776351163414,0.02700089008956816,0.004371320656863928,COMPLETE
446,446,0.7309237247343653,2022-09-13 16:46:53.021224,2022-09-13 16:46:55.345283,0 days 00:00:02.324059,0.9342360131251329,11,51,68,4.307613006837288,12.969031219156827,0.9992062674744574,0.13616280555725097,0.03298177719116211,0.7309237247343653,0.7888536014855352,0.7285115303983228,0.7883221759135977,0.7223719676549865,0.7913737973003379,0.70590721579766,0.7896121151875874,0.7876005951173328,0.7879145679146669,0.7436974789915967,0.7881639231937656,0.7466153127917834,0.7913747771100251,0.6844070961718021,0.7907083773609827,0.7221055088702147,0.7852611940298508,0.736811391223156,0.7832225762779025,0.7312091503267975,0.7925825105666359,0.008974493612397752,0.002046889669518562,0.025695803292253024,0.0027727549935478556,COMPLETE
