,number,value,datetime_start,datetime_complete,duration,params_colsample_bytree,params_max_depth,params_min_child_samples,params_num_leaves,params_reg_alpha,params_reg_lambda,params_subsample,user_attrs_mean_fit_time,user_attrs_mean_score_time,user_attrs_mean_test_score,user_attrs_mean_train_score,user_attrs_split0_test_score,user_attrs_split0_train_score,user_attrs_split1_test_score,user_attrs_split1_train_score,user_attrs_split2_test_score,user_attrs_split2_train_score,user_attrs_split3_test_score,user_attrs_split3_train_score,user_attrs_split4_test_score,user_attrs_split4_train_score,user_attrs_split5_test_score,user_attrs_split5_train_score,user_attrs_split6_test_score,user_attrs_split6_train_score,user_attrs_split7_test_score,user_attrs_split7_train_score,user_attrs_split8_test_score,user_attrs_split8_train_score,user_attrs_split9_test_score,user_attrs_split9_train_score,user_attrs_std_fit_time,user_attrs_std_score_time,user_attrs_std_test_score,user_attrs_std_train_score,state
335,335,0.7333272525890048,2022-09-13 16:42:28.214769,2022-09-13 16:42:30.590033,0 days 00:00:02.375264,0.8869550917506455,12,47,68,3.3913532225506584,13.358156328501252,0.451601011779123,0.1415285587310791,0.033869695663452146,0.7333272525890048,0.794542743233757,0.7271638215034442,0.7966967431894325,0.7244684037136867,0.7934731674892812,0.7248596740380064,0.7982647019792766,0.7935686751876648,0.7882471536513134,0.7489495798319328,0.7938628896446969,0.7349439775910365,0.791889075089156,0.6865079365079365,0.8001201129309206,0.7316760037348272,0.7941377872804121,0.7347105508870215,0.7916327516180162,0.7264239028944911,0.797103049465064,0.007398638825852197,0.0022356646922717265,0.025116153387512625,0.0033625815970041704,COMPLETE
336,336,0.7221362819828683,2022-09-13 16:42:30.593923,2022-09-13 16:42:33.011552,0 days 00:00:02.417629,0.878748366121395,12,51,66,3.7180780109180067,1.343383548454197,0.435921220484112,0.14694690704345703,0.03546187877655029,0.7221362819828683,0.8112091775318451,0.7027553159628632,0.8122424039749727,0.7249176400119797,0.8106925444490547,0.7006661256509096,0.8128805469077769,0.7816325150470007,0.8078804273912172,0.7177871148459384,0.8092028794082684,0.7401960784313726,0.8111102397305507,0.6743697478991597,0.8138067956676793,0.7173202614379085,0.8106083245278035,0.7273576097105509,0.8130299828292168,0.7343604108309991,0.8106376304319113,0.007420989794186955,0.003357509552875053,0.02685279516593478,0.0017318828740476903,COMPLETE
337,337,0.732235595597541,2022-09-13 16:42:33.015836,2022-09-13 16:42:35.489112,0 days 00:00:02.473276,0.98154576527074,12,49,68,3.1892262375526212,13.096466167158425,0.4705720030623948,0.15233924388885497,0.034354352951049806,0.732235595597541,0.7954780555918126,0.7349505840071877,0.796690756784764,0.718628331835879,0.7975480512188526,0.7259078920673565,0.797215016884805,0.7774396429296002,0.7899146157212906,0.7521008403361344,0.7939794941223088,0.7386788048552755,0.796594942874125,0.6833566760037348,0.7953455207370228,0.7289915966386555,0.7941586316206577,0.7300420168067228,0.7959285431250825,0.7322595704948647,0.7974049828292168,0.012380993384531585,0.0016596496256644428,0.022619907345040855,0.0022111530970098975,COMPLETE
338,338,0.7135071801088055,2022-09-13 16:42:35.493693,2022-09-13 16:42:37.191646,0 days 00:00:01.697953,0.9160443931506616,2,47,66,5.4736916476570086,13.949865799212592,0.48329479177036944,0.08193771839141846,0.03466994762420654,0.7135071801088055,0.7350409274298967,0.7267145852051513,0.7410372168585413,0.7174303683737646,0.7388775697674178,0.6884932711165213,0.7409721724236558,0.7475316156083046,0.7303053194760064,0.7188375350140056,0.7306948388588033,0.724906629318394,0.7288167844406287,0.6872082166199813,0.7386588214898957,0.7162698412698413,0.7378465113591335,0.7042483660130718,0.7276028595958262,0.7034313725490196,0.7355971800290582,0.0022764532920550922,0.006589269564950541,0.017372565294425938,0.004924470851750417,COMPLETE
339,339,0.7276461182971871,2022-09-13 16:42:37.195649,2022-09-13 16:42:39.328957,0 days 00:00:02.133308,0.868643155900991,7,49,72,3.506806023755897,13.502352623209342,0.4600178380185438,0.12122979164123535,0.034935617446899415,0.7276461182971871,0.7817805795698571,0.7433363282419886,0.7817703656454686,0.7181790955375861,0.7805415012664343,0.7234056941908433,0.7848603016268264,0.7925204571583148,0.7788820008885438,0.7568860877684407,0.7801367884031172,0.7364612511671336,0.7829291044776119,0.688608776844071,0.7887655197464007,0.7022642390289449,0.7811005811649716,0.7203548085901027,0.7755097576277903,0.6944444444444444,0.7833098748514067,0.005805540531319257,0.004188963168671298,0.0296964960833611,0.0033816676882510817,COMPLETE
340,340,0.7329057916532408,2022-09-13 16:42:39.340050,2022-09-13 16:42:41.657423,0 days 00:00:02.317373,0.9021722302043984,11,51,64,2.991365112600696,14.091606645014213,0.4360172082363281,0.14084789752960206,0.032990550994873045,0.7329057916532408,0.7921720777745598,0.7228212039532794,0.7909830295749034,0.7213237496256364,0.7896038857959131,0.7350206262257388,0.7977981752706226,0.794616893217015,0.7871478073656819,0.7378618113912232,0.7889531188086119,0.7428804855275444,0.7906064258354246,0.688608776844071,0.7958806630563995,0.7300420168067228,0.793808818187822,0.7357609710550888,0.7909331247523445,0.7201213818860878,0.7960057290978735,0.0079225175745343,0.0007949180645795162,0.025128970825536827,0.003322395004948698,COMPLETE
341,341,0.7351213350018442,2022-09-13 16:42:41.667274,2022-09-13 16:42:44.092579,0 days 00:00:02.425305,0.8897944153762123,12,47,64,3.8337716177337366,12.81445113143144,0.5060406329708299,0.14478662014007568,0.03483433723449707,0.7351213350018442,0.7929213042751119,0.7328541479484876,0.7946875819260122,0.7213237496256364,0.7918884216740878,0.7269561100967066,0.7949147352378503,0.7967133292757151,0.7908973303297586,0.7510504201680672,0.7905083955223882,0.7418300653594772,0.7911207238145556,0.69234360410831,0.7956474541011755,0.7358776844070962,0.7924366001849161,0.7210550887021475,0.7908728619072778,0.7312091503267975,0.7962389380530974,0.008381925300916493,0.002767192078299739,0.025294607669807324,0.0021021579468374135,COMPLETE
342,342,0.7336350547522721,2022-09-13 16:42:44.100057,2022-09-13 16:42:46.528630,0 days 00:00:02.428573,0.6529563508646278,13,29,50,3.366610524491381,13.678509752033092,0.5234054579139573,0.14786620140075685,0.03389158248901367,0.7336350547522721,0.7995869196143411,0.7353998203054807,0.8042164931641451,0.7234201856843365,0.8007656405143354,0.7238114560086563,0.7970983852076414,0.7795360789883006,0.7926641147820555,0.746265172735761,0.7970799349491481,0.746031746031746,0.8004366992471272,0.6896591970121382,0.8021232333905692,0.7390289449112979,0.8013340377757232,0.7188375350140056,0.7960366860388324,0.7343604108309991,0.8041139710738343,0.013741405821965117,0.0015070410858030183,0.021923790154883806,0.003557121375312768,COMPLETE
343,343,0.7308821895566909,2022-09-13 16:42:46.535297,2022-09-13 16:42:49.176876,0 days 00:00:02.641579,0.8772637073714954,10,31,66,3.6669364240654247,14.292969065492553,0.47408943836863027,0.1481787919998169,0.055419182777404784,0.7308821895566909,0.7973565801757423,0.7466307277628033,0.7975276148718806,0.7144354597184785,0.7971777198403901,0.7238114560086563,0.7984483041424439,0.799130993440184,0.7905278593100515,0.733076563958917,0.7940482185312376,0.7137021475256768,0.7968405346057323,0.7023809523809523,0.8045240473517369,0.7145191409897291,0.7958845842689208,0.7357609710550888,0.7959200815612204,0.7253734827264239,0.8026668372738079,0.00994128226545564,0.0658622701509434,0.02580812516329553,0.0037801826669452343,COMPLETE
344,344,0.7305786780120854,2022-09-13 16:42:49.180818,2022-09-13 16:42:51.659134,0 days 00:00:02.478316,0.9393554457730594,11,47,40,2.7447572617359612,14.062182577650574,0.4974832595827677,0.14916837215423584,0.03613979816436767,0.7305786780120854,0.7952843743128347,0.7303084755914945,0.7982129549925583,0.7255166217430369,0.7939396941979353,0.715746939879624,0.7972819873708088,0.7858253871644012,0.7898950397330742,0.7531512605042017,0.7942814274864615,0.7418300653594772,0.7965470628054419,0.6833566760037348,0.7967656188086119,0.7135854341736694,0.7971756950865143,0.7321428571428572,0.7913392798177254,0.7243230625583567,0.7974049828292168,0.009388389437345093,0.003843439974953764,0.025483836327563854,0.002680528860080743,COMPLETE
345,345,0.7316093357610847,2022-09-13 16:42:51.663168,2022-09-13 16:42:54.154589,0 days 00:00:02.491421,0.8630585628161832,11,45,68,3.111996905818987,14.521085184782656,0.5122310881014301,0.14848086833953858,0.037851715087890626,0.7316093357610847,0.7945939451285334,0.7255166217430369,0.7923885961055341,0.7234201856843365,0.7955448763601008,0.7178433759383243,0.7961653317903333,0.7925204571583148,0.7924308514277283,0.7521008403361344,0.7921408582089553,0.7349439775910365,0.7968968762382777,0.6833566760037348,0.7966011342623167,0.719421101774043,0.7967571572447497,0.7347105508870215,0.7883261375643904,0.7322595704948647,0.7986876320829481,0.011613684034239614,0.006658275404833808,0.026309283267558478,0.002983105285962751,COMPLETE
346,346,0.7286980231329699,2022-09-13 16:42:54.163189,2022-09-13 16:42:56.799680,0 days 00:00:02.636491,0.9090106680917203,10,21,46,5.2033927926851895,13.102708253938475,0.41733104355507156,0.16658291816711426,0.03772745132446289,0.7286980231329699,0.8007457993406039,0.7328541479484876,0.7991604583521699,0.717580113806529,0.8011155355458259,0.7136505038209238,0.8028479559783419,0.7714715628592683,0.7983143631704364,0.7383286647992531,0.7980814951789723,0.7518674136321195,0.8024668554352132,0.6844070961718021,0.8067124966979263,0.719421101774043,0.799507784638753,0.7251400560224089,0.7953015618808612,0.7322595704948647,0.8039494865275393,0.011632754059770392,0.011143018561856616,0.022134918036878427,0.0031635264642863683,COMPLETE
347,347,0.7305925230713102,2022-09-13 16:42:56.808358,2022-09-13 16:42:59.000038,0 days 00:00:02.191680,0.6251738108795688,13,49,74,3.2760833773787286,13.756786596400028,0.4773465851312842,0.12476625442504882,0.03499338626861572,0.7305925230713102,0.7870648884512146,0.7261156034740941,0.7854460181119705,0.7223719676549865,0.7889521933980277,0.7146987218502738,0.7855149638853927,0.7704233448299181,0.7784478260762053,0.7526844070961718,0.782914451525558,0.7497665732959851,0.7887199098533879,0.6912931839402428,0.7939671113459252,0.719421101774043,0.7900357862237485,0.7327264239028946,0.7858859050984017,0.7264239028944911,0.790764718993528,0.0031161749883352407,0.00415864999351861,0.021150869481693167,0.0041755188424763764,COMPLETE
348,348,0.7349541358438284,2022-09-13 16:42:59.009017,2022-09-13 16:43:01.651995,0 days 00:00:02.642978,0.8954190712828073,11,25,70,3.8671500507407175,14.338936031179411,0.849557952404252,0.16137001514434815,0.038608884811401366,0.7349541358438284,0.8031094871481101,0.737047020065888,0.8036333347783275,0.7234201856843365,0.8040722001688578,0.7199398119970244,0.7994483280457558,0.7886488131466829,0.8004137333593797,0.7420634920634921,0.8018545271430458,0.746031746031746,0.8028375132082948,0.6875583566760037,0.8075078837009642,0.7400793650793651,0.8030352248712191,0.736811391223156,0.8033495410117554,0.7279411764705883,0.8049425851935015,0.005138486241835074,0.006117476903919296,0.023967635906724846,0.002151524646009272,COMPLETE
349,349,0.7338035751935182,2022-09-13 16:43:01.659770,2022-09-13 16:43:04.098485,0 days 00:00:02.438715,0.8508654830527358,12,49,70,3.5507400624210845,13.38976882141094,0.49219256549334883,0.1427131175994873,0.03694312572479248,0.7338035751935182,0.7915273361231702,0.7090446241389639,0.7933841971302414,0.7255166217430369,0.7881153353109112,0.721715019949956,0.7943985473380365,0.7925204571583148,0.7821649971439664,0.7521008403361344,0.790227306498481,0.7497665732959851,0.7911415681548013,0.6854575163398693,0.7952706049399023,0.7427637721755369,0.7947416540087175,0.7300420168067228,0.7898713016774535,0.729108309990663,0.7959578490291903,0.00399820268798181,0.0042993168348937055,0.027053490059389385,0.003994266101479721,COMPLETE
350,350,0.7318180700967748,2022-09-13 16:43:04.106142,2022-09-13 16:43:06.497093,0 days 00:00:02.390951,0.8836934916651563,11,51,68,2.301864851883021,14.756991556915748,0.5352790891103097,0.1434589147567749,0.03492691516876221,0.7318180700967748,0.7932871622401781,0.7213237496256364,0.7952767267164984,0.7324049116501947,0.790118510169663,0.7269561100967066,0.7958650979500025,0.7795360789883006,0.7880981700778341,0.7436974789915967,0.7904210969488839,0.742296918767507,0.7946937739400344,0.6844070961718021,0.7965324098533879,0.734827264239029,0.7925053245938449,0.7189542483660131,0.7943918405758816,0.7337768440709618,0.7949686715757496,0.012326322276293582,0.0028713147234400755,0.02255708137333206,0.00270099410791026,COMPLETE
351,351,0.7301151278121312,2022-09-13 16:43:06.504761,2022-09-13 16:43:08.790185,0 days 00:00:02.285424,0.867901255329496,12,57,72,2.9360162543771375,13.98653372711382,0.45791469696274517,0.13471510410308837,0.03377044200897217,0.7301151278121312,0.7889614162046426,0.7112908056304283,0.7894523678294743,0.7202755315962863,0.7898575854972122,0.7097788598092919,0.790882287728287,0.7844559410292825,0.7833486232104456,0.7568860877684407,0.7857067676000529,0.7397292250233427,0.789906798969753,0.6833566760037348,0.7925470132743363,0.734827264239029,0.7893716566503765,0.7415966386554622,0.7854318699643376,0.7189542483660131,0.7931091913221503,0.008142127781198397,0.0018795339153044872,0.0266302892686601,0.003006831725824194,COMPLETE
352,352,0.7316562697304525,2022-09-13 16:43:08.797332,2022-09-13 16:43:11.180905,0 days 00:00:02.383573,0.9152272522564209,10,47,66,5.64523505909893,12.906768778815165,0.4440812881219921,0.14321861267089844,0.03524837493896484,0.7316562697304525,0.7851452886177299,0.7339023659778376,0.7828536984627326,0.7192273135669363,0.7854328067361502,0.7238114560086563,0.7858151977257235,0.794616893217015,0.7799143766881713,0.7420634920634921,0.7842866695284638,0.7354108309990663,0.7887322926297715,0.6912931839402428,0.7875392121252147,0.715219421101774,0.7856650789195614,0.7326097105508871,0.7816588380002643,0.7284080298786181,0.7895547153612469,0.009583822822158201,0.0018072650079064118,0.02493656134615522,0.0029042818094937406,COMPLETE
353,353,0.7327392531368401,2022-09-13 16:43:11.189242,2022-09-13 16:43:13.694200,0 days 00:00:02.504958,0.9288593237185647,11,43,64,4.95709122670028,14.2592833967262,0.5076082724745113,0.15322296619415282,0.035007596015930176,0.7327392531368401,0.7905759059018418,0.7487271638215034,0.7938026261737998,0.7213237496256364,0.7906054732252891,0.7146987218502738,0.7933488622435648,0.8009062013931156,0.7868776587282944,0.7436974789915967,0.7856943848236693,0.7417133520074697,0.7900836662924317,0.6944444444444444,0.7900566305639942,0.7124183006535947,0.7892234760929864,0.7267740429505136,0.7880658928807291,0.7226890756302521,0.79800038799366,0.010295195757917128,0.0013514989495246597,0.027522283807250754,0.003455029345777122,COMPLETE
354,354,0.732740133992327,2022-09-13 16:43:13.704278,2022-09-13 16:43:16.282995,0 days 00:00:02.578717,0.8958054128729478,11,45,76,2.565631882828045,13.60818901223543,0.8308201807925699,0.1571605920791626,0.03594858646392822,0.732740133992327,0.7971770803140276,0.7371967654986522,0.8021026730328984,0.717580113806529,0.7988309996676513,0.7318759721376885,0.7988651696599383,0.7868736051937513,0.7928778021481659,0.7468487394957983,0.7951061203936072,0.7316760037348272,0.794370996235636,0.680672268907563,0.7958598187161537,0.7399626517273576,0.7977170287940827,0.7267740429505136,0.7935192676000529,0.7279411764705883,0.8025209268920883,0.009668051337057783,0.001777655327673106,0.024905629788129425,0.0032319707095427035,COMPLETE
355,355,0.7247523943641161,2022-09-13 16:43:16.287387,2022-09-13 16:43:18.899050,0 days 00:00:02.611663,0.8830222945285299,12,47,66,3.3016814938970787,3.871048450643957,0.5199314703876221,0.15998542308807373,0.03699944019317627,0.7247523943641161,0.809615863723808,0.7085953878406708,0.8123109379870405,0.7192273135669363,0.8109113578610783,0.70590721579766,0.8083469540998713,0.7704233448299181,0.8054808233619432,0.7351774042950514,0.8059086481310263,0.7454481792717087,0.8112955686170915,0.680672268907563,0.8109311022322019,0.7252567693744164,0.8083719951129309,0.7309757236227825,0.8126238277638357,0.7258403361344539,0.8099774220710607,0.010851163746174987,0.004396169748187497,0.022918929933661188,0.0023805652755501164,COMPLETE
356,356,0.734256775341502,2022-09-13 16:43:18.903138,2022-09-13 16:43:21.250413,0 days 00:00:02.347275,0.8408603723838796,11,49,68,3.622854680080862,14.502020763021697,0.48432112301084884,0.13777513504028321,0.03448965549468994,0.734256775341502,0.7901968327032615,0.7339023659778376,0.7913810222714897,0.726564839772387,0.7890002910631235,0.7451815784134712,0.7902818200476254,0.7763914249002501,0.7843313378189134,0.7457983193277311,0.7919369551578391,0.738562091503268,0.7885678080834764,0.6875583566760037,0.7929447067758553,0.7258403361344539,0.7911539509311848,0.7426470588235294,0.7874828704926694,0.7201213818860878,0.7948875643904372,0.006528521056893119,0.002373745598597892,0.02151162346050935,0.0028418736627187267,COMPLETE
357,357,0.7187545712137563,2022-09-13 16:43:21.254329,2022-09-13 16:43:23.176377,0 days 00:00:01.922048,0.8725051472052222,4,53,34,5.282056671363835,14.974216265589348,0.46536391673321587,0.1014188289642334,0.034869599342346194,0.7187545712137563,0.7611269780278171,0.7466307277628033,0.7640291393407936,0.7306079664570231,0.7632042540630142,0.7266348819909381,0.7621494764762562,0.7774396429296002,0.7555465986823505,0.7441643323996265,0.7515140007924976,0.7228057889822596,0.7618152324659886,0.6839402427637722,0.7677975581164971,0.6715686274509804,0.7596701228371417,0.6912931839402428,0.755176619667151,0.6924603174603174,0.7703667778364813,0.005400734515361427,0.003185450981189852,0.031574918333311525,0.005524549837935913,COMPLETE
358,358,0.7301392163682271,2022-09-13 16:43:23.184095,2022-09-13 16:43:25.703613,0 days 00:00:02.519518,0.9540712842452455,13,47,66,3.96005190040448,13.945560611833448,0.49694092949097757,0.1531111478805542,0.03631613254547119,0.7301392163682271,0.7922829728157422,0.7318059299191375,0.7950374769575027,0.7234201856843365,0.7910719999339431,0.7238114560086563,0.7923984995314126,0.7914722391289646,0.7856812567537159,0.7521008403361344,0.7895755597014926,0.7397292250233427,0.7946605468234051,0.6844070961718021,0.7935277291639149,0.7045985060690942,0.7937045964865936,0.7288748832866481,0.7905833113195087,0.721171802054155,0.7965887514859331,0.0109087577028328,0.00438658594005947,0.02692536441853295,0.003010510008162975,COMPLETE
359,359,0.7314007932245732,2022-09-13 16:43:25.707514,2022-09-13 16:43:28.095340,0 days 00:00:02.387826,0.8538243869948171,10,51,68,3.0544119612933365,14.635442110710084,0.47582605730840155,0.1394040107727051,0.03762452602386475,0.7314007932245732,0.7901155069213477,0.7192273135669363,0.7914074450231303,0.7303084755914945,0.787182281893603,0.7430851423547711,0.7918650023367548,0.7672786907418678,0.7860484610800506,0.7478991596638656,0.7886427238805971,0.7274743230625583,0.7918327334566108,0.69234360410831,0.7967177387399287,0.7379785247432307,0.7866812921014397,0.7305088702147525,0.7875786306300356,0.7179038281979458,0.7931987600713248,0.012467582734961628,0.0047882034548953935,0.019006424539936985,0.0032606433994585692,COMPLETE
360,360,0.7334314705797109,2022-09-13 16:43:28.099351,2022-09-13 16:43:30.450490,0 days 00:00:02.351139,0.9066112405982403,9,49,52,2.8144648614243266,12.693958584445628,0.5685562320308224,0.13776917457580568,0.035036134719848636,0.7334314705797109,0.7918071566555758,0.7487271638215034,0.7911681952641346,0.7223719676549865,0.7934455061711575,0.7409887062960709,0.7917656799544354,0.7967133292757151,0.7896316911758039,0.75,0.7930883469819046,0.7264239028944911,0.7888488971073835,0.6865079365079365,0.7956474541011755,0.7104341736694677,0.7899524088627659,0.7315592903828197,0.7923053427552502,0.7205882352941176,0.7922180441817461,0.008423271143103494,0.001970337824946889,0.027641899223190502,0.0019189729327640293,COMPLETE
361,361,0.7310834934501291,2022-09-13 16:43:30.454633,2022-09-13 16:43:32.929782,0 days 00:00:02.475149,0.8903303427917513,11,45,78,3.415266453016338,13.306276934040351,0.5055285302501094,0.15116698741912843,0.03503115177154541,0.7310834934501291,0.7945282071677847,0.7238694219826296,0.7969721178041868,0.7223719676549865,0.79570960570236,0.7329241901670387,0.7946318106923635,0.7886488131466829,0.7933812141398806,0.75,0.792326187095496,0.7205882352941176,0.7958868544445912,0.6764705882352942,0.7963679253070929,0.7321428571428572,0.7940211828028001,0.7336601307189543,0.7893964222031435,0.7301587301587302,0.7965887514859331,0.008291766920255957,0.0021778022075802502,0.026275955326112464,0.0022273805144895228,COMPLETE
362,362,0.7333710467347823,2022-09-13 16:43:32.933808,2022-09-13 16:43:35.266523,0 days 00:00:02.332715,0.8682898538010013,12,51,70,4.110352107885225,14.228115878538828,0.4865646827772563,0.1380979061126709,0.03454024791717529,0.7333710467347823,0.7894909361619117,0.7487271638215034,0.7928214750913959,0.7223719676549865,0.7896038857959131,0.7238114560086563,0.7902148495616215,0.7834077229999323,0.7848151738224116,0.7436974789915967,0.7894195367190595,0.744514472455649,0.7923284572711663,0.6823062558356676,0.7934798490952318,0.7289915966386555,0.7869145010566636,0.7347105508870215,0.7826395538898427,0.721171802054155,0.7926720793158103,0.003581146891239835,0.00270060107694574,0.024413242828261576,0.003480793447147971,COMPLETE
