,number,value,datetime_start,datetime_complete,duration,params_colsample_bytree,params_max_depth,params_min_child_samples,params_num_leaves,params_reg_alpha,params_reg_lambda,params_subsample,user_attrs_mean_fit_time,user_attrs_mean_score_time,user_attrs_mean_test_score,user_attrs_mean_train_score,user_attrs_split0_test_score,user_attrs_split0_train_score,user_attrs_split1_test_score,user_attrs_split1_train_score,user_attrs_split2_test_score,user_attrs_split2_train_score,user_attrs_split3_test_score,user_attrs_split3_train_score,user_attrs_split4_test_score,user_attrs_split4_train_score,user_attrs_split5_test_score,user_attrs_split5_train_score,user_attrs_split6_test_score,user_attrs_split6_train_score,user_attrs_split7_test_score,user_attrs_split7_train_score,user_attrs_split8_test_score,user_attrs_split8_train_score,user_attrs_split9_test_score,user_attrs_split9_train_score,user_attrs_std_fit_time,user_attrs_std_score_time,user_attrs_std_test_score,user_attrs_std_train_score,state
27,27,0.7360893667671979,2022-09-13 16:30:22.774630,2022-09-13 16:30:24.975629,0 days 00:00:02.200999,0.6870666664540328,14,47,62,6.189570006463087,11.528179627918757,0.6303109396915325,0.12565021514892577,0.03555138111114502,0.7360893667671979,0.7814476184494087,0.7407906558849955,0.7855290020663417,0.7213237496256364,0.7817559157031652,0.720666801920606,0.7798820247918558,0.7928416852640834,0.7741948911204142,0.7526844070961718,0.777763010170387,0.7343604108309991,0.7826271711134593,0.6929271708683473,0.7872248959846784,0.7303921568627451,0.7842573636243562,0.7436974789915967,0.7786541573107912,0.7312091503267975,0.7825877526086382,0.004011709220316133,0.003897083018645969,0.024401484835844516,0.0037033565044880742,COMPLETE
28,28,0.734010356019056,2022-09-13 16:30:24.983943,2022-09-13 16:30:27.263816,0 days 00:00:02.279873,0.7508536509304569,13,45,74,6.148911217088808,11.303186214796854,0.6283797202717555,0.1334904670715332,0.03425917625427246,0.734010356019056,0.7845511099944193,0.738544474393531,0.7846657212275845,0.7223719676549865,0.7861806944642271,0.7329241901670387,0.7874653505008569,0.7865523770879828,0.781281604917818,0.7489495798319328,0.7799784952450138,0.7274743230625583,0.7851924696209219,0.6933940242763772,0.7869832254655924,0.7224556489262371,0.7822333988244617,0.7394957983193278,0.7798202020869106,0.7279411764705883,0.791709937590807,0.007466659775377566,0.0020056913992211236,0.022436302859885956,0.00357894625815859,COMPLETE
29,29,0.7258126460160044,2022-09-13 16:30:27.271199,2022-09-13 16:30:29.749426,0 days 00:00:02.478227,0.7118670294093755,14,19,74,7.1157792855715005,10.669507624541183,0.6905712136936673,0.15208959579467773,0.03592054843902588,0.7258126460160044,0.7912258210878995,0.7416891284815813,0.7930078793471103,0.717580113806529,0.793521265154377,0.7248596740380064,0.795515202918512,0.7959863393521336,0.7887610748577547,0.7341269841269842,0.7877160794478932,0.7274743230625583,0.7891778661999735,0.688608776844071,0.7932173342359001,0.7006302521008403,0.7955263092722229,0.7188375350140056,0.7820897586184123,0.7083333333333333,0.7937254408268393,0.004812991599490059,0.002596754135895114,0.027729842143301382,0.004020037695093875,COMPLETE
30,30,0.7274387336594204,2022-09-13 16:30:29.756674,2022-09-13 16:30:32.252277,0 days 00:00:02.495603,0.7683897221952821,14,11,74,9.103343323061102,8.328286045719896,0.7660587470062277,0.15576591491699218,0.03435778617858887,0.7274387336594204,0.7919786587398301,0.7391434561245882,0.7917994513150479,0.718628331835879,0.7928900091034636,0.720666801920606,0.7958824072448465,0.805099073510516,0.7886120912842756,0.7183706816059757,0.7894341896711135,0.738562091503268,0.7902211151102893,0.6854575163398693,0.7956953341698587,0.7054154995331465,0.7908891658961827,0.7336601307189543,0.7896837026152423,0.7093837535014005,0.7946791209879804,0.01380364207109388,0.001633679407109081,0.030182285119253128,0.0025408458618540655,COMPLETE
31,31,0.7304310281629389,2022-09-13 16:30:32.259527,2022-09-13 16:30:34.548503,0 days 00:00:02.288976,0.6880609023620922,13,45,60,6.040837939646073,11.400885217044847,0.6334781680810841,0.13224337100982667,0.03639216423034668,0.7304310281629389,0.7845154514719319,0.7339023659778376,0.7855085657193697,0.7223719676549865,0.7808709599509528,0.7318759721376885,0.7871327647642103,0.7956651112463651,0.7792988664060381,0.7447478991596639,0.7818858555672963,0.7343604108309991,0.7874496433760402,0.680672268907563,0.7885593465196143,0.7033146591970121,0.7828496483291507,0.7315592903828197,0.7801700155197464,0.7258403361344539,0.7914288485669,0.007295317690364732,0.004881850332450968,0.02790799878543489,0.003868614739164875,COMPLETE
32,32,0.7281548407555354,2022-09-13 16:30:34.556148,2022-09-13 16:30:36.934779,0 days 00:00:02.378631,0.8420813651388983,13,35,52,6.4332330228885874,12.151492899702491,0.5908767333590197,0.14438514709472655,0.03576540946960449,0.7281548407555354,0.7871544589559123,0.7328541479484876,0.7921697826935106,0.7192273135669363,0.7888355617208642,0.7196185838912559,0.7858325070205676,0.7865523770879828,0.7804651831776733,0.7399626517273576,0.7862210655791837,0.7295751633986928,0.7873330388984282,0.6833566760037348,0.7884720479461101,0.7124183006535947,0.7875431333377361,0.7257236227824464,0.7812526829348831,0.7322595704948647,0.7934195862501652,0.00782949538108583,0.0019359936675809389,0.02450232593792146,0.0038903283766964377,COMPLETE
33,33,0.728849807319966,2022-09-13 16:30:36.941358,2022-09-13 16:30:39.162042,0 days 00:00:02.220684,0.6879829358072641,11,43,68,7.471032591561167,6.2126326182444265,0.5408161189793252,0.12674188613891602,0.035165047645568846,0.728849807319966,0.783105956375179,0.747529200359389,0.7847342552396523,0.7144354597184785,0.7818725473803286,0.7196185838912559,0.7839490908911072,0.7805842970176506,0.7798624488036392,0.7489495798319328,0.7824959136837935,0.7312091503267975,0.782531410976093,0.6902427637721755,0.7822294776119403,0.7054154995331465,0.7827330438515387,0.7267740429505136,0.7803885715229164,0.7237394957983193,0.7902628037907806,0.0062474821244489515,0.002818705591849266,0.024079094834190084,0.002749873647248875,COMPLETE
34,34,0.7349470889999336,2022-09-13 16:30:39.168698,2022-09-13 16:30:41.412841,0 days 00:00:02.244143,0.7401080903863574,14,49,60,5.169133723832527,13.531491473347973,0.6269553295468772,0.13090834617614747,0.03574068546295166,0.7349470889999336,0.78312467303009,0.7407906558849955,0.7868804845272082,0.7202755315962863,0.7835943612196576,0.7164739298032055,0.7865322970835487,0.7774396429296002,0.7759985608557716,0.7468487394957983,0.7827978470479462,0.7566526610644257,0.7821275260863823,0.6902427637721755,0.7862357185312376,0.7289915966386555,0.782531410976093,0.7394957983193278,0.7780024105138026,0.7322595704948647,0.7865461134592524,0.008893971185224937,0.003043023869834686,0.02251869414388058,0.0035467677190496607,COMPLETE
35,35,0.732456661910047,2022-09-13 16:30:41.419353,2022-09-13 16:30:43.805361,0 days 00:00:02.386008,0.7696186516504436,14,39,56,5.172626784869495,13.473648518103435,0.6606699850566442,0.14338352680206298,0.03638765811920166,0.732456661910047,0.7893104810237584,0.744983528002396,0.7924030460478375,0.7223719676549865,0.7907016685554805,0.7087306417799418,0.7900312473984542,0.7865523770879828,0.7829317576929513,0.7468487394957983,0.7874079546955488,0.7237394957983193,0.786777052238806,0.7002801120448179,0.7912226753401136,0.7410130718954249,0.7899794445912033,0.7246732026143792,0.786879003764364,0.7253734827264239,0.7947709599128252,0.01065644066653797,0.004133795774228216,0.022913556959616763,0.0032027762212083,COMPLETE
36,36,0.7320295038283116,2022-09-13 16:30:43.814064,2022-09-13 16:30:46.046345,0 days 00:00:02.232281,0.727710210866088,14,49,48,5.650560741106449,13.159894033978471,0.6774406009719097,0.12987151145935058,0.03553388118743896,0.7320295038283116,0.7813192475629043,0.7349505840071877,0.7845755123020616,0.7192273135669363,0.7812893889945111,0.721715019949956,0.7801152881461828,0.7834077229999323,0.7761821630189388,0.7547852474323062,0.7801638241315547,0.7375116713352008,0.7817213710210011,0.6760037348272643,0.7861067312772421,0.7389122315592904,0.7819399270241711,0.7305088702147525,0.775834805507859,0.7232726423902894,0.7852634642055211,0.009327903905890306,0.0027068014961815993,0.025945462950922787,0.003299715244434626,COMPLETE
37,37,0.7352481213625641,2022-09-13 16:30:46.055859,2022-09-13 16:30:48.459149,0 days 00:00:02.403290,0.7430839934111675,15,37,66,4.759979213274247,12.529581081225086,0.7314568552743393,0.14521195888519287,0.036219310760498044,0.7352481213625641,0.7919379858173767,0.7439353099730459,0.793987791863031,0.7112908056304283,0.791586624307693,0.7115540677622236,0.7935151551118882,0.7917934672347333,0.7858452829286667,0.7521008403361344,0.7937941652357681,0.7560690943043884,0.7936798309338264,0.6860410830999066,0.7932134130233788,0.7358776844070962,0.7921076310923261,0.7415966386554622,0.7868102793554352,0.7222222222222222,0.794839684321754,0.008709762152394716,0.0032384425242383136,0.02785217814525635,0.0029458750737116645,COMPLETE
38,38,0.7358121743320984,2022-09-13 16:30:48.464135,2022-09-13 16:30:50.900114,0 days 00:00:02.435979,0.8194008675623508,15,37,66,5.100865901280958,12.6151704494989,0.7431969187474645,0.14851455688476561,0.03552467823028564,0.7358121743320984,0.7920544389801892,0.7487271638215034,0.7946394842609164,0.7244684037136867,0.7938915965328396,0.7276831000202881,0.7920982656910818,0.7956651112463651,0.7868152216290354,0.7558356676003735,0.7906458443402457,0.7449813258636788,0.7898589189010699,0.6849906629318394,0.7943315777308149,0.7146358543417366,0.7922574626865672,0.7378618113912232,0.790164773477744,0.7232726423902894,0.7958412445515783,0.010288909621415206,0.004131235803467115,0.027607337859694256,0.002597126973195003,COMPLETE
39,39,0.7291436507652361,2022-09-13 16:30:50.903981,2022-09-13 16:30:53.519315,0 days 00:00:02.615334,0.836644365327954,15,35,66,4.198139678403384,0.6791941547820226,0.7396736052409805,0.16666822433471679,0.0349421501159668,0.7291436507652361,0.8202119435361338,0.7285115303983228,0.8226983822257452,0.7223719676549865,0.821936044555365,0.7111483059444106,0.8197964344501125,0.7707445729356868,0.8204292540270899,0.7525676937441643,0.8168841219786025,0.7343604108309991,0.8191976373662659,0.6928104575163399,0.8210903447364946,0.7215219421101774,0.8208841715097082,0.7267740429505136,0.8188934338264431,0.73062558356676,0.8203096106855106,0.015091035029179481,0.0013427533885152633,0.020155960271162204,0.0015636327094501916,COMPLETE
40,40,0.7387161630730604,2022-09-13 16:30:53.523174,2022-09-13 16:30:56.182201,0 days 00:00:02.659027,0.9133030332235025,15,29,68,4.656382782955704,12.461578247525628,0.78907468640251,0.17055830955505372,0.035331559181213376,0.7387161630730604,0.8002248568237169,0.7428870919436957,0.799626985060824,0.727613057801737,0.8037018687903953,0.7441333603841211,0.801597359425859,0.7977615473050652,0.7966642103953031,0.7431139122315593,0.8000367355699379,0.746031746031746,0.8014861395456347,0.6833566760037348,0.8037078160084533,0.73109243697479,0.7989811038832386,0.7378618113912232,0.7946374323074891,0.7333099906629319,0.8018089172500331,0.020266213770412714,0.003109678448576381,0.026233542644738414,0.0027575666659454853,COMPLETE
41,41,0.7359720211882683,2022-09-13 16:30:56.189861,2022-09-13 16:30:58.778306,0 days 00:00:02.588445,0.9040108614042699,15,27,70,4.692473022614844,12.337732965519526,0.7862431823942735,0.16544463634490966,0.034670138359069826,0.7359720211882683,0.8020281911199219,0.7428870919436957,0.801328362553181,0.7255166217430369,0.8013007012350573,0.7269561100967066,0.8044311382674715,0.7967133292757151,0.7964806082321358,0.733076563958917,0.8007363624356096,0.7608543417366946,0.8036537445515783,0.6737861811391224,0.8083928394531765,0.733076563958917,0.8015109050984017,0.736811391223156,0.7965239482895259,0.7300420168067228,0.8059233010830802,0.007775535158491579,0.0034820293783835035,0.02909771839808788,0.003579455010893199,COMPLETE
42,42,0.7347559717739804,2022-09-13 16:30:58.787484,2022-09-13 16:31:01.522812,0 days 00:00:02.735328,0.9185916957442716,15,23,70,3.802560258302681,10.346345107948896,0.774551527749461,0.17548930644989014,0.03731391429901123,0.7347559717739804,0.8108665757207174,0.7380952380952381,0.8114885298422273,0.718628331835879,0.8089911669566976,0.737117062284439,0.8095975506523543,0.7795360789883006,0.8104636335836587,0.742530345471522,0.8139481656980584,0.7344771241830066,0.8119828127063796,0.6907096171802054,0.8137983341038172,0.7421802054154996,0.8086052040681548,0.7309757236227825,0.8079179599788667,0.7333099906629319,0.8118723996169595,0.006812266735437057,0.00372948914896912,0.0208666830091716,0.001995845164816554,COMPLETE
43,43,0.7296351468158779,2022-09-13 16:31:01.532470,2022-09-13 16:31:04.171849,0 days 00:00:02.639379,0.9298516185551716,15,29,64,4.59740753023756,12.678427332599053,0.8643111702433538,0.16760051250457764,0.033613848686218264,0.7296351468158779,0.8003699296316362,0.7238694219826296,0.7971572834934181,0.726564839772387,0.7981107732576982,0.7339724081963888,0.7999645159455697,0.7886488131466829,0.7966145492041433,0.7362278244631186,0.8001054599788667,0.7428804855275444,0.8041410068022719,0.6722689075630253,0.8051425670320962,0.709733893557423,0.8007070565315018,0.7299253034547153,0.7967571572447497,0.7322595704948647,0.8049989268260467,0.008645634071264641,0.0009782622447193831,0.027307351560014535,0.0031836229992836243,COMPLETE
44,44,0.7308444761552421,2022-09-13 16:31:04.179795,2022-09-13 16:31:06.871836,0 days 00:00:02.692041,0.9067078593855729,12,19,70,5.388297592034794,14.129912548372651,0.7885746460698593,0.1727841854095459,0.0360149621963501,0.7308444761552421,0.8003684363590565,0.737047020065888,0.798625397631448,0.7255166217430369,0.7988790973327471,0.7259078920673565,0.8029149264643458,0.7735679989179685,0.7979471588441018,0.7452147525676938,0.8023688251221768,0.7428804855275444,0.799647503632281,0.6802054154995332,0.8077974342887333,0.7155695611577964,0.8007549366001849,0.7288748832866481,0.792147049597147,0.7336601307189543,0.8026020340774006,0.007397372442884058,0.00538652245927287,0.022532957879642546,0.0038735560191376335,COMPLETE
45,45,0.7159565621744741,2022-09-13 16:31:06.879502,2022-09-13 16:31:08.532225,0 days 00:00:01.652723,0.9657377765658819,2,31,64,6.8765821820399395,9.394433823256426,0.862365027773321,0.08275887966156006,0.03504073619842529,0.7159565621744741,0.7378085568423336,0.7246181491464511,0.7395895390674834,0.7285115303983228,0.7382054410225605,0.6884932711165213,0.7411881264831387,0.7827652667883952,0.7315377824815099,0.723155929038282,0.7276986197331925,0.7265406162464986,0.742821085391626,0.6861577964519141,0.741244964337604,0.6831232492997199,0.7404945680887598,0.7080999066293183,0.7363925670320961,0.7080999066293183,0.7389128747853652,0.0041772736528630245,0.003982290546501769,0.027755334106020362,0.0045128470585647455,COMPLETE
46,46,0.7317939034002727,2022-09-13 16:31:08.541811,2022-09-13 16:31:10.973971,0 days 00:00:02.432160,0.8861179852031107,14,25,76,7.723491166777978,12.356331533319054,0.7071888548902466,0.1495502471923828,0.03456625938415527,0.7317939034002727,0.7882965257618217,0.7412398921832883,0.790695682150812,0.7234201856843365,0.7898852468153359,0.7185703658619058,0.7861154315660543,0.7998579833637656,0.7847978645275675,0.733076563958917,0.7888550884955752,0.7375116713352008,0.788245030379078,0.69234360410831,0.7909415863162066,0.7245564892623717,0.7908289030511161,0.719421101774043,0.7814256290450403,0.7279411764705883,0.7911747952714305,0.006669449223541553,0.002228286890145284,0.026034401989583813,0.0030740099141657842,COMPLETE
47,47,0.730520129536903,2022-09-13 16:31:10.981348,2022-09-13 16:31:13.723972,0 days 00:00:02.742624,0.9568559442400791,15,21,68,4.841723427978813,13.779927807832273,0.8372006392041894,0.17756972312927247,0.03726615905761719,0.730520129536903,0.8040124510168919,0.7349505840071877,0.8029131083683745,0.7255166217430369,0.8025836496838559,0.715746939879624,0.8041482137219846,0.7876005951173328,0.8013467867766878,0.7420634920634921,0.803089296328094,0.7439309056956116,0.804072282393343,0.6733193277310925,0.811666226390173,0.7331932773109244,0.8036182472592788,0.7219887955182073,0.8005780692775062,0.7268907563025211,0.806108629969621,0.010396083599513693,0.0043885673999695595,0.026831366518771896,0.002935211021981913,COMPLETE
48,48,0.7184353179291599,2022-09-13 16:31:13.733581,2022-09-13 16:31:15.434304,0 days 00:00:01.700723,0.8082139829270043,3,31,60,6.6454458535094245,11.79049409854119,0.7991001847002918,0.09051899909973145,0.03177800178527832,0.7184353179291599,0.7488658722103472,0.7358490566037736,0.7466066374777832,0.7184785864031147,0.7472401642339157,0.7053492932981673,0.7482402216908544,0.7729255427064313,0.7460543050276907,0.7641223155929038,0.7440040532954695,0.7307422969187675,0.7555726621318188,0.7030812324929971,0.7517207931581034,0.6811391223155929,0.7460876618016115,0.6812558356676004,0.745998093052437,0.6914098972922502,0.7571341302337868,0.005705350166473398,0.0008110861311728803,0.030695070776514958,0.0042085508853080085,COMPLETE
49,49,0.7309977450099537,2022-09-13 16:31:15.443875,2022-09-13 16:31:17.847570,0 days 00:00:02.403695,0.8600511016409906,14,39,54,5.717327313251996,8.60207444572036,0.9233651169950914,0.14792730808258056,0.03529934883117676,0.7309977450099537,0.7934188446460518,0.7339023659778376,0.7934322947953372,0.7223719676549865,0.791051563586971,0.7178433759383243,0.794264606366029,0.7805842970176506,0.7873314095288493,0.7489495798319328,0.791928493593977,0.7449813258636788,0.7959640404173821,0.6823062558356676,0.796182596420552,0.723155929038282,0.7937400937788932,0.7326097105508871,0.79186596057324,0.7232726423902894,0.7984273873992868,0.009850833834565106,0.004118952072594038,0.02393145246266968,0.0029548946142988787,COMPLETE
50,50,0.7285696952751479,2022-09-13 16:31:17.855168,2022-09-13 16:31:20.753949,0 days 00:00:02.898781,0.8930762646450964,12,15,80,8.299733565782692,2.8861434242943496,0.7241934023960551,0.16522934436798095,0.06478779315948487,0.7285696952751479,0.7999627246894718,0.720125786163522,0.7994213830246206,0.7255166217430369,0.8010674378807301,0.7199398119970244,0.7999148547544099,0.7886488131466829,0.7940810042028617,0.7606209150326797,0.8043116827367587,0.7396125116713352,0.8010321044115705,0.6848739495798319,0.8022105319640734,0.7044817927170868,0.800638332122573,0.709267040149393,0.798820540549465,0.7326097105508871,0.7981293752476555,0.007591875637858701,0.07815995648384592,0.02791465581096714,0.002575698279425177,COMPLETE
51,51,0.7364389030109914,2022-09-13 16:31:20.762055,2022-09-13 16:31:23.159785,0 days 00:00:02.397730,0.8033648639041556,15,37,66,4.740461215655616,12.72784012770507,0.737786294520216,0.14376616477966309,0.036823368072509764,0.7364389030109914,0.7934488583840636,0.7481281820904462,0.79622423007611,0.7255166217430369,0.7946394842609164,0.7297795360789883,0.7910312713017662,0.8019544194224657,0.7894781742155799,0.7542016806722689,0.7913933512746005,0.7449813258636788,0.7930759642055211,0.6849906629318394,0.7933778975696737,0.7279411764705883,0.7946729295997887,0.7236227824463118,0.7915161471404042,0.7232726423902894,0.7990791341962753,0.005514523051327667,0.006204555270437285,0.028350998076235662,0.002683919929333136,COMPLETE
52,52,0.7324661311065307,2022-09-13 16:31:23.170038,2022-09-13 16:31:25.816312,0 days 00:00:02.646274,0.8097371085177096,15,27,72,4.402487014817016,14.2307529452938,0.7506865133680356,0.16215603351593016,0.03789577484130859,0.7324661311065307,0.7989815254972115,0.7380952380952381,0.8013968965652487,0.7196765498652291,0.7988790973327471,0.7188915939676743,0.8005649836262314,0.7805842970176506,0.7947981035606868,0.7341269841269842,0.795611956808876,0.7497665732959851,0.7995996235635979,0.6860410830999066,0.8058838825782592,0.7215219421101774,0.7987123976357152,0.7436974789915967,0.7924698273015454,0.7322595704948647,0.8018984859992075,0.005892488031799397,0.008214921220818249,0.0232340184073172,0.0036907281270420443,COMPLETE
53,53,0.7344230652293378,2022-09-13 16:31:25.824041,2022-09-13 16:31:28.376626,0 days 00:00:02.552585,0.9426710512253483,15,33,70,4.971144606007009,12.943626535351141,0.7942113307905911,0.15520145893096923,0.038032817840576175,0.7344230652293378,0.7950251836307046,0.7397424378556454,0.7955725376782246,0.7154836777478286,0.7959909667217828,0.7329241901670387,0.7964979175269797,0.7935686751876648,0.7884307558144805,0.7431139122315593,0.791928493593977,0.7470821661998133,0.795174844802536,0.6833566760037348,0.7987208591995774,0.7331932773109244,0.7956266097609299,0.7300420168067228,0.7901045106326774,0.7257236227824464,0.8022043405758816,0.00473206640139357,0.006969334109744524,0.026129278514985897,0.0038245613203657385,COMPLETE
54,54,0.7319220394589159,2022-09-13 16:31:28.385868,2022-09-13 16:31:30.882460,0 days 00:00:02.496592,0.8481402200504635,14,41,62,2.9263466963207123,10.28501468042179,0.8408539198664909,0.15078990459442138,0.03579936027526855,0.7319220394589159,0.8035173082147823,0.7255166217430369,0.8045038405882365,0.7223719676549865,0.7986939316435158,0.7209880300263745,0.8052475600076161,0.8019544194224657,0.8047140628129583,0.7431139122315593,0.8012715047549861,0.7470821661998133,0.8074746565843349,0.6865079365079365,0.8053881587637035,0.7162698412698413,0.7998930953638885,0.7242063492063492,0.8023834780742306,0.7312091503267975,0.8056027935543522,0.007955040030894901,0.003996336566917099,0.028069342090873098,0.0026765324630793528,COMPLETE
