,number,value,datetime_start,datetime_complete,duration,params_colsample_bytree,params_max_depth,params_min_child_samples,params_num_leaves,params_reg_alpha,params_reg_lambda,params_subsample,user_attrs_mean_fit_time,user_attrs_mean_score_time,user_attrs_mean_test_score,user_attrs_mean_train_score,user_attrs_split0_test_score,user_attrs_split0_train_score,user_attrs_split1_test_score,user_attrs_split1_train_score,user_attrs_split2_test_score,user_attrs_split2_train_score,user_attrs_split3_test_score,user_attrs_split3_train_score,user_attrs_split4_test_score,user_attrs_split4_train_score,user_attrs_split5_test_score,user_attrs_split5_train_score,user_attrs_split6_test_score,user_attrs_split6_train_score,user_attrs_split7_test_score,user_attrs_split7_train_score,user_attrs_split8_test_score,user_attrs_split8_train_score,user_attrs_split9_test_score,user_attrs_split9_train_score,user_attrs_std_fit_time,user_attrs_std_score_time,user_attrs_std_test_score,user_attrs_std_train_score,state
167,167,0.7202525156948558,2022-09-13 16:35:52.233005,2022-09-13 16:35:55.037149,0 days 00:00:02.804144,0.8683368412101315,14,15,70,2.5843491488255332,11.885208701304373,0.7518638196951628,0.1882716178894043,0.03275189399719238,0.7202525156948558,0.8218170203008917,0.7027553159628632,0.822635834618346,0.7190775681341719,0.8197825902966573,0.70590721579766,0.8240297934176872,0.7696963549063367,0.8190793350922874,0.7350606909430439,0.8195096833311319,0.738562091503268,0.8245552519482235,0.6690009337068161,0.8248008436798309,0.7008636788048552,0.8228309503368115,0.7173202614379085,0.820719686963413,0.744281045751634,0.8202262333245278,0.008154288553321825,0.001496856635034979,0.026647994314298,0.002090176157051033,COMPLETE
168,168,0.7365223356536772,2022-09-13 16:35:55.043549,2022-09-13 16:35:57.282140,0 days 00:00:02.238591,0.7970615136946201,15,45,68,4.425322921650774,14.710557123714773,0.7868803230090227,0.1353689908981323,0.03243720531463623,0.7365223356536772,0.7880172279360054,0.7169811320754718,0.7933841971302414,0.7255166217430369,0.7838757222390804,0.7259078920673565,0.7921652361770857,0.7914722391289646,0.7840484132734267,0.75,0.784732243098666,0.7545518207282913,0.7877870740324924,0.6933940242763772,0.7914080042266544,0.7378618113912232,0.7857399947166821,0.7436974789915967,0.784038807621186,0.7258403361344539,0.7929925868445384,0.008679004053947824,0.0012103184940950567,0.024838046787143683,0.0038343599938303378,COMPLETE
169,169,0.7304747654793303,2022-09-13 16:35:57.285740,2022-09-13 16:35:59.547606,0 days 00:00:02.261866,0.7902709125654545,15,35,74,5.019331200076671,14.670365732515062,0.7818071674227788,0.13645803928375244,0.033029365539550784,0.7304747654793303,0.7908082377878564,0.7359988020365379,0.7948727476152434,0.7213237496256364,0.7904203075360579,0.7136505038209238,0.789864954530131,0.7865523770879828,0.7863983561115411,0.7521008403361344,0.7856859232598071,0.7550186741363212,0.7927948751816141,0.682889822595705,0.7899755233786818,0.6956115779645191,0.7938899253731344,0.740546218487395,0.7876473550389644,0.7210550887021475,0.7965324098533879,0.006082696850507516,0.0025848846808150232,0.028778523329398183,0.0034661209042341754,COMPLETE
170,170,0.7335665966528628,2022-09-13 16:35:59.551564,2022-09-13 16:36:01.820447,0 days 00:00:02.268883,0.812215006063653,15,39,70,4.621871159260688,14.45412107260096,0.7351546835983872,0.13616044521331788,0.032582330703735354,0.7335665966528628,0.7909701423392157,0.7349505840071877,0.7948246499501477,0.7213237496256364,0.791051563586971,0.7248596740380064,0.7900809085896139,0.7949381213227835,0.7870785701863057,0.7489495798319328,0.7879701327433628,0.7449813258636788,0.7887886342623167,0.682889822595705,0.7906272701756702,0.7289915966386555,0.7925740490027737,0.7326097105508871,0.788696795337472,0.721171802054155,0.7980088495575222,0.0061556553161631515,0.0022782051634968894,0.026654496991372997,0.0031931105162702434,COMPLETE
171,171,0.7363775698958829,2022-09-13 16:36:01.824974,2022-09-13 16:36:04.039573,0 days 00:00:02.214599,0.7738045923800633,15,45,62,4.362129730210574,13.787074169446171,0.7894507929334943,0.1307990074157715,0.03281509876251221,0.7363775698958829,0.7896635660083324,0.744983528002396,0.7942691528824539,0.7244684037136867,0.7900704125045672,0.7178433759383243,0.7938650501433786,0.7784878609589504,0.7857978884308795,0.75,0.7883199461761986,0.7508169934640523,0.7936798309338264,0.6912931839402428,0.7862357185312376,0.7327264239028946,0.787682852331264,0.7426470588235294,0.7833391807555145,0.7305088702147525,0.7933756273940034,0.006622421441739768,0.0026142896111488946,0.022014613599838334,0.0037597765672351354,COMPLETE
172,172,0.7305464983721222,2022-09-13 16:36:04.043274,2022-09-13 16:36:06.097208,0 days 00:00:02.053934,0.7619773353662878,15,67,68,4.460197824238987,14.985472072615266,0.7848438054553034,0.1169119119644165,0.03279707431793213,0.7305464983721222,0.7782771048501231,0.7487271638215034,0.7765147152019586,0.7171308775082359,0.7776052729903743,0.705264759586123,0.7803658607953539,0.7672786907418678,0.7728321962775125,0.7526844070961718,0.7772757479196936,0.7497665732959851,0.7774903827103421,0.6812558356676004,0.7793143656716418,0.73062558356676,0.7805282905164443,0.7294584500466853,0.77770047714965,0.7232726423902894,0.7831437392682605,0.003654941721562777,0.0026586884840036,0.02417044176003511,0.002633426104730439,COMPLETE
173,173,0.7330631593274355,2022-09-13 16:36:06.100910,2022-09-13 16:36:08.362659,0 days 00:00:02.261749,0.7291138515354073,15,43,66,4.255771383519012,13.286515467528192,0.8100187687356922,0.1360548973083496,0.032816386222839354,0.7330631593274355,0.7900837921816253,0.7406409104522312,0.7890904999886466,0.7133872416891285,0.7889317570510558,0.7227632379793061,0.7925151312085762,0.7774396429296002,0.7862147539483737,0.7478991596638656,0.7874349904239862,0.7518674136321195,0.7933300175009906,0.6833566760037348,0.7922805772024832,0.7268907563025211,0.7914558842953374,0.7379785247432307,0.7840681135252938,0.7284080298786181,0.7955161966715096,0.012233594747382122,0.001061979548293572,0.023766143356663397,0.0033638775192734176,COMPLETE
174,174,0.729972237424083,2022-09-13 16:36:08.371144,2022-09-13 16:36:10.592729,0 days 00:00:02.221585,0.7732960270710293,15,45,62,4.882962107857342,13.74097346298855,0.7992815391474275,0.1324516773223877,0.03420720100402832,0.729972237424083,0.7877410648231001,0.7359988020365379,0.7873746725539861,0.7213237496256364,0.7859955287749958,0.7248596740380064,0.7901824976653058,0.7784878609589504,0.7852147300450618,0.7446311858076564,0.7856087372870162,0.7205882352941176,0.7888967771760665,0.6933940242763772,0.7892882792893938,0.7114845938375349,0.7896504754986131,0.740546218487395,0.7829414872539955,0.7284080298786181,0.7922574626865672,0.006134659144320055,0.0036217395845089422,0.02141956717700866,0.00266233185615954,COMPLETE
175,175,0.7331949040521056,2022-09-13 16:36:10.601514,2022-09-13 16:36:12.868948,0 days 00:00:02.267434,0.746970796007468,15,41,42,4.670319219007291,14.37287984221982,0.767361783748031,0.130787992477417,0.033828115463256835,0.7331949040521056,0.7885682891587191,0.737047020065888,0.7890483887282194,0.7144354597184785,0.7871618455466309,0.7287313180496382,0.7874653505008569,0.7928416852640834,0.7843787323167009,0.75,0.7867832436269977,0.746031746031746,0.7906751502443534,0.6933940242763772,0.7926427734117025,0.7135854341736694,0.7906520357284375,0.7305088702147525,0.7852048523973054,0.7253734827264239,0.7916705190859861,0.006432900478557787,0.002620149860097864,0.025354771088364758,0.0026548568642186386,COMPLETE
176,176,0.7339202601308327,2022-09-13 16:36:12.872922,2022-09-13 16:36:15.139571,0 days 00:00:02.266649,0.8020217625268745,14,43,68,4.400896488436202,12.074350734083087,0.5292623408282786,0.13804447650909424,0.03204436302185058,0.7339202601308327,0.7931416109714015,0.7324049116501947,0.7996810691305882,0.7165318957771788,0.7934046334772135,0.7248596740380064,0.7964482563358201,0.7855041590586326,0.7888972825231346,0.7478991596638656,0.7883886705851275,0.7508169934640523,0.7936111065248976,0.69234360410831,0.7947624983489632,0.7357609710550888,0.792263654074759,0.7236227824463118,0.7888133998150839,0.7294584500466853,0.7951455388984282,0.005253277805859025,0.0009980437733429,0.023208847263388156,0.003474766365395423,COMPLETE
177,177,0.7314772074380574,2022-09-13 16:36:15.143289,2022-09-13 16:36:17.351279,0 days 00:00:02.207990,0.7899846206637055,14,49,68,5.566925823181089,12.365300775436813,0.44498454880662286,0.13002316951751708,0.03398830890655517,0.7314772074380574,0.783080984152821,0.7306079664570231,0.781146334565707,0.7192273135669363,0.7845478509839379,0.7196185838912559,0.7882321110498417,0.7917934672347333,0.7735620715434368,0.75,0.7871060213313961,0.7375116713352008,0.7757598897107383,0.6849906629318394,0.7857569178444064,0.717203548085901,0.7846759014661207,0.7436974789915967,0.7794703886540748,0.7201213818860878,0.7905523543785498,0.00505817199101103,0.003437667328761132,0.02636669909010109,0.005209605323647441,COMPLETE
178,178,0.7373267769270418,2022-09-13 16:36:17.355137,2022-09-13 16:36:19.631479,0 days 00:00:02.276342,0.7776972520047869,15,37,64,5.137485985863997,12.90527097235528,0.47147839339946485,0.13480615615844727,0.033782219886779784,0.7373267769270418,0.7918954503892859,0.7359988020365379,0.793521265154377,0.7244684037136867,0.7907702025675483,0.7185703658619058,0.7910982417877699,0.8009062013931156,0.7890116475069258,0.75,0.7883886705851275,0.753968253968254,0.7946605468234051,0.6902427637721755,0.7920389066833972,0.7400793650793651,0.7950435873728701,0.7267740429505136,0.7881137729494122,0.7322595704948647,0.7963076624620262,0.007108488129163407,0.0023078039184334753,0.027129899747999498,0.0027659469558182267,COMPLETE
179,179,0.7215392537619632,2022-09-13 16:36:19.640343,2022-09-13 16:36:22.145699,0 days 00:00:02.505356,0.7692761845605955,14,37,60,0.21018528211336918,13.011529278957035,0.46493693741650727,0.15379292964935304,0.03516674041748047,0.7215392537619632,0.8161189377556056,0.7264150943396226,0.8188291005323771,0.7123390236597784,0.8166467463890626,0.7069554338270102,0.8193299077414584,0.7672786907418678,0.8161658098565718,0.7399626517273576,0.8119805425307093,0.7280578898225958,0.8162014182406552,0.6733193277310925,0.8147875115572579,0.7131185807656396,0.8162346453572844,0.7237394957983193,0.8129967557125874,0.7242063492063492,0.8180169396380927,0.011736383755079547,0.0037795013640325096,0.022810391549356723,0.0022406633698150097,COMPLETE
180,180,0.7338002719854425,2022-09-13 16:36:22.155192,2022-09-13 16:36:24.327664,0 days 00:00:02.172472,0.7534183153518215,15,45,64,7.333246508672444,13.97944384603627,0.4754997445982824,0.12314059734344482,0.03599469661712647,0.7338002719854425,0.7792740522512727,0.7364480383348309,0.7795615887505135,0.7192273135669363,0.7724807041663312,0.7227632379793061,0.7832989620192858,0.8019544194224657,0.7731452060259425,0.7436974789915967,0.779628681812178,0.7364612511671336,0.7806719307224937,0.6912931839402428,0.7828812244089288,0.7182539682539683,0.7805530560692115,0.7415966386554622,0.7741336184123631,0.7263071895424836,0.7863855501254788,0.0029864162095880878,0.006096498921858841,0.0269382459423412,0.004401360474785661,COMPLETE
181,181,0.7349662191920794,2022-09-13 16:36:24.335011,2022-09-13 16:36:26.620144,0 days 00:00:02.285133,0.7793889193285093,15,39,66,5.140564852159132,12.847423368067876,0.7125415134307143,0.1333386182785034,0.035039663314819336,0.7349662191920794,0.7902351321499937,0.744983528002396,0.7884652303424018,0.7234201856843365,0.7938915965328396,0.7136505038209238,0.787614334074336,0.7795360789883006,0.785447993399389,0.7489495798319328,0.7834495938449346,0.7491830065359477,0.7920265239070137,0.6881419234360411,0.7941107515519746,0.7390289449112979,0.7953455207370228,0.7394957983193278,0.786879003764364,0.7232726423902894,0.7951207733456611,0.0037196587714363994,0.005402555133207891,0.023320416260382205,0.004144994132348962,COMPLETE
182,182,0.7353666532549316,2022-09-13 16:36:26.630918,2022-09-13 16:36:28.985014,0 days 00:00:02.354096,0.7959456194117259,15,37,64,4.772243006321184,12.439005309883953,0.7448717771156895,0.1400956392288208,0.03674492835998535,0.7353666532549316,0.7935363338967619,0.744983528002396,0.7971091858283224,0.7234201856843365,0.7917032559848565,0.721715019949956,0.7929146874312265,0.794616893217015,0.7905647445931121,0.7531512605042017,0.7924427915731079,0.753968253968254,0.7939609199577334,0.6812558356676004,0.7935756092325981,0.7289915966386555,0.7945084450534936,0.7315592903828197,0.7921678939373926,0.7200046685340803,0.7964158053757759,0.006276285880144865,0.00480070554181433,0.02795278288887192,0.0019449644619978135,COMPLETE
183,183,0.728996057745476,2022-09-13 16:36:28.995225,2022-09-13 16:36:31.135717,0 days 00:00:02.140492,0.6976595358431136,15,47,64,7.818002156668713,12.681546168781189,0.4870221612142245,0.12251574993133545,0.035819387435913085,0.728996057745476,0.775770690598473,0.7397424378556454,0.7798212748564811,0.7192273135669363,0.7766722195730662,0.7164739298032055,0.7747825828929766,0.7865523770879828,0.7675988134066258,0.7415966386554622,0.7718015288601241,0.7354108309990663,0.7756370938449346,0.6839402427637722,0.7847074775458989,0.7154528478057889,0.7730402192576938,0.7347105508870215,0.7717930672962621,0.7168534080298786,0.781852628450667,0.007845693736869216,0.0038414572635275842,0.025047784255374225,0.004907963975581078,COMPLETE
184,184,0.7217497782233201,2022-09-13 16:36:31.147094,2022-09-13 16:36:33.319278,0 days 00:00:02.172184,0.46459095170072917,15,41,66,4.989645044805775,0.3136226042900647,0.7618044714824508,0.1213674783706665,0.03721399307250976,0.7217497782233201,0.7967048252282612,0.7190775681341719,0.7971296221752944,0.7244684037136867,0.8035371394481361,0.7087306417799418,0.8030315581415093,0.7665517008182863,0.7886489765673361,0.7326097105508871,0.7954767781666887,0.7295751633986928,0.7961617520803064,0.6754201680672269,0.7990104097873465,0.7240896358543417,0.7963448107911768,0.7137021475256768,0.7891153331792367,0.7232726423902894,0.7985918719455818,0.008735313223614967,0.005230586702609773,0.02142290312404471,0.0046924930528200424,COMPLETE
185,185,0.7334990194089401,2022-09-13 16:36:33.332370,2022-09-13 16:36:35.754231,0 days 00:00:02.421861,0.7742999973254903,14,27,62,5.332401571873024,11.70685499872673,0.4514645470695969,0.14736018180847169,0.03439352512359619,0.7334990194089401,0.7964728065309259,0.7359988020365379,0.7940563258750988,0.7234201856843365,0.80011394811645,0.7388922702373706,0.7973813097531282,0.7795360789883006,0.7921479268822416,0.7441643323996265,0.7927926050059437,0.7587535014005602,0.7971300851935015,0.6844070961718021,0.7996058149517897,0.7204715219421102,0.7971278150178311,0.7267740429505136,0.7925864317791573,0.7225723622782446,0.801785802734117,0.009820009083164473,0.0021382939972493706,0.02398378063460231,0.003258523693950418,COMPLETE
186,186,0.7328184448865771,2022-09-13 16:36:35.764291,2022-09-13 16:36:37.983916,0 days 00:00:02.219625,0.6323064840441838,15,45,70,4.571303115146347,13.561910881846012,0.7745219376728779,0.12924587726593018,0.033132314682006836,0.7328184448865771,0.7855396830016129,0.7481281820904462,0.7864416191366779,0.7213237496256364,0.7863862965004305,0.7034895516331913,0.786931853306199,0.7763914249002501,0.7813485754038217,0.7457983193277311,0.7824480336151103,0.7364612511671336,0.7850279850746269,0.69234360410831,0.7873330388984282,0.7357609710550888,0.7898149600449083,0.7415966386554622,0.777981566173557,0.7268907563025211,0.7916829018623696,0.008780360356520491,0.0013442924374984597,0.022508036767589827,0.003836825277311479,COMPLETE
187,187,0.728002644555489,2022-09-13 16:36:37.993999,2022-09-13 16:36:40.120254,0 days 00:00:02.126255,0.5776645456167196,14,35,72,5.12723918035445,14.734014767396028,0.5159889152249535,0.12071516513824462,0.035862183570861815,0.728002644555489,0.7818949841665175,0.72806229410003,0.7804248695892707,0.7133872416891285,0.7844107829598024,0.7203455738148374,0.7788820008885438,0.769375126800568,0.7776660229257488,0.7426470588235294,0.7841700650508518,0.7253734827264239,0.782976984546295,0.7177871148459384,0.7885407723550389,0.7134687208216619,0.7808758337736099,0.7273576097105509,0.7759035299167878,0.7222222222222222,0.785098979659226,0.006701059904904172,0.0060540909577994715,0.015983489225722354,0.003649214422500523,COMPLETE
188,188,0.7325626416117268,2022-09-13 16:36:40.129889,2022-09-13 16:36:44.345323,0 days 00:00:04.215434,0.7859910887294649,15,43,34,6.934922259409996,3.6955755847080876,0.4993268603297411,0.3262141227722168,0.036158418655395506,0.7325626416117268,0.7916582486033922,0.7312069481880803,0.7955040036661568,0.7144354597184785,0.7911681952641346,0.7167951579089742,0.7906986855651197,0.7988097653344154,0.7887610748577547,0.7643557422969187,0.7893091236296395,0.7375116713352008,0.7902481508387267,0.6933940242763772,0.7934111246863029,0.7134687208216619,0.7910412676660943,0.7230392156862745,0.7902458806630563,0.7326097105508871,0.7961949791969357,0.5662529722162084,0.008983755447297305,0.028270970924644798,0.002405848556735489,COMPLETE
189,189,0.7312797040098247,2022-09-13 16:36:44.349294,2022-09-13 16:36:46.708686,0 days 00:00:02.359392,0.8085018055186067,14,33,66,4.341496799549111,13.253167696681784,0.7877519139726381,0.1425011396408081,0.03423140048980713,0.7312797040098247,0.796376424990762,0.7301587301587302,0.7992085560172656,0.7244684037136867,0.7943376868945216,0.7287313180496382,0.7977312047846188,0.7949381213227835,0.7930614043113332,0.7542016806722689,0.7960783747193237,0.746031746031746,0.7963138538502179,0.6770541549953315,0.797617347444195,0.7125350140056022,0.7954745079910184,0.7236227824463118,0.7939378054418175,0.7210550887021475,0.8000035084533087,0.006168155578173788,0.0026866296461300608,0.02881756980232623,0.002157565786755942,COMPLETE
190,190,0.7310475133449608,2022-09-13 16:36:46.712527,2022-09-13 16:36:48.912395,0 days 00:00:02.199868,0.7597104395398595,15,47,62,5.7073175239019935,14.178113257960957,0.431183980314682,0.12888283729553224,0.0324415922164917,0.7310475133449608,0.7822767781526153,0.7428870919436957,0.7852753023650427,0.7192273135669363,0.7833130002002349,0.701393115574491,0.7846661902489324,0.7844559410292825,0.7761325018277792,0.753734827264239,0.7799993395852596,0.7322595704948647,0.7791352281732928,0.69234360410831,0.7856048160744948,0.7193043884220355,0.7844426925108968,0.7315592903828197,0.7767676413287545,0.7333099906629319,0.7874310692114648,0.008484207044653356,0.0011541493855659365,0.024837861797949425,0.003758546451586672,COMPLETE
191,191,0.7362444825769626,2022-09-13 16:36:48.922075,2022-09-13 16:36:51.139810,0 days 00:00:02.217735,0.854990068721794,11,49,62,3.929386934325785,13.688534666851206,0.8193391234632601,0.13428168296813964,0.03211402893066406,0.7362444825769626,0.7896715021123939,0.7407906558849955,0.7893982837597099,0.7255166217430369,0.7886022983665373,0.7399404882667208,0.7891651644671498,0.7935686751876648,0.7874480412060127,0.7531512605042017,0.7909748134328358,0.7316760037348272,0.7867083278298772,0.6844070961718021,0.7921284754325717,0.7438141923436041,0.7859816652357681,0.7215219421101774,0.7918868049134857,0.7280578898225958,0.7944211464799894,0.00900162236630734,0.0008634486892187974,0.026019948076715038,0.002530125007771051,COMPLETE
192,192,0.7336821521061254,2022-09-13 16:36:51.149753,2022-09-13 16:36:53.377598,0 days 00:00:02.227845,0.8797529101836702,11,51,60,4.162938994338971,13.660673002697182,0.8095162696911709,0.13177473545074464,0.03487133979797363,0.7336821521061254,0.7888841604857169,0.7466307277628033,0.7910034659218754,0.7244684037136867,0.7896243221428851,0.7423581524311895,0.7900786418962416,0.7571177385541354,0.7814478977861412,0.7568860877684407,0.7862210655791837,0.7264239028944911,0.7891299861312904,0.6933940242763772,0.7941315958922204,0.7337768440709618,0.787682852331264,0.7288748832866481,0.7851090922599393,0.7268907563025211,0.7944126849161273,0.010978065828145367,0.004008350694104021,0.01777790307566072,0.0037777113498941224,COMPLETE
193,193,0.733558917582046,2022-09-13 16:36:53.381640,2022-09-13 16:36:55.545611,0 days 00:00:02.163971,0.8249710044037357,9,49,62,4.811654073402316,13.915258696553575,0.7957625546183739,0.12383112907409669,0.035268974304199216,0.733558917582046,0.7852647620123536,0.7508235998802036,0.7842941512826388,0.7202755315962863,0.7882728396820187,0.7255866639615879,0.7868325309238795,0.789697031176033,0.7773958742883613,0.7447478991596639,0.788245030379078,0.7448646125116714,0.7790788865407476,0.69234360410831,0.7920118709549597,0.7103174603174602,0.7837222213049795,0.7336601307189543,0.7810549712719588,0.7232726423902894,0.7917392434949149,0.004057177158452118,0.0055944903022362115,0.02507440801356801,0.004786012162325516,COMPLETE
194,194,0.7315705497049703,2022-09-13 16:36:55.549564,2022-09-13 16:36:57.870475,0 days 00:00:02.320911,0.8526523779650039,11,37,64,4.0597336064222835,13.105485973953954,0.8216129534954205,0.138852858543396,0.032529258728027345,0.7315705497049703,0.7953080307836478,0.7529200359389039,0.7988586609857751,0.7234201856843365,0.7934731674892812,0.7115540677622236,0.7930982895943938,0.7917934672347333,0.7931306414907094,0.733076563958917,0.7947957254655924,0.7247899159663866,0.7957702499669792,0.6854575163398693,0.7948103784176462,0.7242063492063492,0.7982127526086382,0.7347105508870215,0.7892319376568485,0.7337768440709618,0.8016985041606128,0.005200159586810526,0.0007103800628587403,0.026063967563439205,0.0033543390725343653,COMPLETE
