,number,value,datetime_start,datetime_complete,duration,params_colsample_bytree,params_max_depth,params_min_child_samples,params_num_leaves,params_reg_alpha,params_reg_lambda,params_subsample,user_attrs_mean_fit_time,user_attrs_mean_score_time,user_attrs_mean_test_score,user_attrs_mean_train_score,user_attrs_split0_test_score,user_attrs_split0_train_score,user_attrs_split1_test_score,user_attrs_split1_train_score,user_attrs_split2_test_score,user_attrs_split2_train_score,user_attrs_split3_test_score,user_attrs_split3_train_score,user_attrs_split4_test_score,user_attrs_split4_train_score,user_attrs_split5_test_score,user_attrs_split5_train_score,user_attrs_split6_test_score,user_attrs_split6_train_score,user_attrs_split7_test_score,user_attrs_split7_train_score,user_attrs_split8_test_score,user_attrs_split8_train_score,user_attrs_split9_test_score,user_attrs_split9_train_score,user_attrs_std_fit_time,user_attrs_std_score_time,user_attrs_std_test_score,user_attrs_std_train_score,state
307,307,0.7364280841165842,2022-09-13 16:41:23.165537,2022-09-13 16:41:25.450758,0 days 00:00:02.285221,0.8594326739655158,10,49,54,3.4252262934097457,13.500820795621891,0.5112634566809269,0.13365352153778076,0.03532576560974121,0.7364280841165842,0.7916193398504712,0.7339023659778376,0.7869766798573996,0.7255166217430369,0.792073587363319,0.7350206262257388,0.7950313669150139,0.7855041590586326,0.7881478312689938,0.75,0.7898774930656453,0.7508169934640523,0.7909083591995774,0.6944444444444444,0.7958536273279619,0.7268907563025211,0.7891508304715361,0.7347105508870215,0.7927717606656981,0.7274743230625583,0.7954018623695681,0.0074254047880051,0.004398392701510493,0.02205408199176326,0.0029774441418968993,COMPLETE
308,308,0.7316472977910986,2022-09-13 16:41:25.462308,2022-09-13 16:41:27.678303,0 days 00:00:02.215995,0.8975355610584286,9,49,76,3.1378920097144416,14.680595261805697,0.48033975001096063,0.1327118158340454,0.033382534980773926,0.7316472977910986,0.787817645920051,0.7249176400119797,0.7863454238064864,0.7213237496256364,0.7882524033350466,0.7287313180496382,0.7901155271793021,0.8026814093460473,0.781748131626472,0.7468487394957983,0.7888967771760665,0.7216386554621849,0.7888488971073835,0.69234360410831,0.791593333113195,0.7162698412698413,0.7862959813763043,0.7357609710550888,0.7862272569673756,0.7259570494864613,0.789852727512878,0.008296529193873097,0.0016635765972616884,0.02714409028432637,0.0026447284956427237,COMPLETE
309,309,0.7299187538679501,2022-09-13 16:41:27.687277,2022-09-13 16:41:29.985784,0 days 00:00:02.298507,0.9137731366729147,11,51,70,3.331969587730124,14.19148740308707,0.4934801483014249,0.13880255222320556,0.03355472087860108,0.7299187538679501,0.7909039453066316,0.7261156034740941,0.7935068152120736,0.7234201856843365,0.7907016685554805,0.7339724081963888,0.7959320684360063,0.7753432068709001,0.7857482272397197,0.7436974789915967,0.7879307142385418,0.7386788048552755,0.7895361411966715,0.6754201680672269,0.7912913997490425,0.7299253034547153,0.7911454893673227,0.7342436974789917,0.7902211151102893,0.7183706816059757,0.7930258139611677,0.006013686637371852,0.0036626624271672223,0.02350586980331282,0.002730702067750399,COMPLETE
310,310,0.7287105753236577,2022-09-13 16:41:29.995704,2022-09-13 16:41:32.362959,0 days 00:00:02.367255,0.8739125540768127,11,45,50,2.807142245726943,13.775457226675156,0.5370198023554478,0.1435232639312744,0.03394937515258789,0.7287105753236577,0.7969535829143214,0.727613057801737,0.8001475958392423,0.7223719676549865,0.796711193131736,0.7178433759383243,0.7981480703021131,0.7714715628592683,0.7947807942658427,0.7431139122315593,0.7935609562805441,0.7476657329598506,0.7995308991546691,0.6775210084033614,0.7999556283846255,0.7125350140056022,0.7976899930656453,0.7447478991596639,0.7906520357284375,0.7222222222222222,0.7983586629903578,0.007002114499364925,0.0020055330367336464,0.023950051590166672,0.00292914800502694,COMPLETE
311,311,0.7323572104841125,2022-09-13 16:41:32.366928,2022-09-13 16:41:34.606915,0 days 00:00:02.239987,0.5028958092687053,12,29,66,4.059144805078742,12.980160498594385,0.47347358082744745,0.13183534145355225,0.03385610580444336,0.7323572104841125,0.7888194301531308,0.7270140760706798,0.7880468012988433,0.7213237496256364,0.7924439187417815,0.7385710421316021,0.789199783056838,0.7735679989179685,0.7841153837594305,0.7420634920634921,0.7842449808479726,0.7333099906629319,0.7851654338924845,0.7065826330532212,0.7955308496235636,0.715219421101774,0.789485990952318,0.7315592903828197,0.7866102975168405,0.7343604108309991,0.7933508618412363,0.009471958164433266,0.0028108883215642276,0.017161086731027505,0.0037574654164112668,COMPLETE
312,312,0.7310021492873879,2022-09-13 16:41:34.610898,2022-09-13 16:41:36.735739,0 days 00:00:02.124841,0.5974517519330769,10,47,68,3.550242459360555,14.67912625189996,0.5125517072983682,0.1181417465209961,0.03434066772460938,0.7310021492873879,0.7834886065731361,0.7303084755914945,0.7875658246478858,0.7223719676549865,0.784012790263216,0.7146987218502738,0.7826984943386242,0.77429498884155,0.7763484558872621,0.7378618113912232,0.7814943534539691,0.7354108309990663,0.780088908334434,0.69234360410831,0.7871415186236956,0.7305088702147525,0.7860836167613261,0.7363445378151261,0.7831746962092194,0.7358776844070962,0.786277407211729,0.004658937671644388,0.002148904411227985,0.019566713462329566,0.003346539878620738,COMPLETE
313,313,0.727136266354787,2022-09-13 16:41:36.739501,2022-09-13 16:41:39.055023,0 days 00:00:02.315522,0.8907131547367385,12,51,78,3.819444853895907,13.979862865295138,0.4918176731328995,0.13803200721740722,0.03379313945770264,0.727136266354787,0.7897517209979457,0.7202755315962863,0.7885674120772618,0.7244684037136867,0.7880672376458153,0.7118752958679921,0.7939320206293824,0.7763914249002501,0.7827481555297839,0.7447478991596639,0.7918203506802273,0.7407796451914099,0.7914705372473914,0.6854575163398693,0.7927802222295601,0.7045985060690942,0.7890674531105535,0.7326097105508871,0.7847592788271034,0.7301587301587302,0.7943045420023775,0.007246975299165342,0.0015608606461925939,0.023438492170966465,0.003650906247763904,COMPLETE
314,314,0.7336864214137674,2022-09-13 16:41:39.058904,2022-09-13 16:41:41.369513,0 days 00:00:02.310609,0.825037706329522,11,47,66,2.994570427642472,13.332015860685065,0.45877361779372056,0.1368622064590454,0.035196685791015626,0.7336864214137674,0.7938478422180882,0.7133872416891285,0.7967448408545283,0.7234201856843365,0.7944062209065894,0.7353418543315074,0.7950787614128011,0.794616893217015,0.7890312234951422,0.75,0.7905771199313169,0.757703081232493,0.7956621070532295,0.6833566760037348,0.7980691124025888,0.7268907563025211,0.7930196225729758,0.7278244631185808,0.7928675208030642,0.7243230625583567,0.7930218927486461,0.007067503644347781,0.004030058041305614,0.02788717863543587,0.0025991698553307044,COMPLETE
315,315,0.7301042307773181,2022-09-13 16:41:41.373533,2022-09-13 16:41:43.723354,0 days 00:00:02.349821,0.961927359461049,8,37,68,4.968801529907164,14.992396708212707,0.5277783507103755,0.1382284164428711,0.0369910478591919,0.7301042307773181,0.7854821218881319,0.7386942198262954,0.7872303795586988,0.7202755315962863,0.786715755184949,0.7297795360789883,0.7886489765673361,0.8030026374518158,0.7796788466404719,0.7516339869281046,0.7855901631224409,0.7316760037348272,0.7849113805970149,0.6907096171802054,0.7877160794478932,0.6905929038281979,0.7826164393739268,0.7294584500466853,0.779736824725928,0.715219421101774,0.7919763736626602,0.008410645215075938,0.0077550225991445286,0.030472496388543442,0.0037014739621769165,COMPLETE
316,316,0.7262497137219668,2022-09-13 16:41:43.727418,2022-09-13 16:41:45.974456,0 days 00:00:02.247038,0.6750355103849166,11,55,64,3.2437632250273793,5.317538850751308,0.5043368645320827,0.12611827850341797,0.03512582778930664,0.7262497137219668,0.797588716690335,0.7006588799041629,0.8005660248828006,0.7255166217430369,0.7993179627232774,0.7248596740380064,0.7984483041424439,0.769375126800568,0.794264606366029,0.7399626517273576,0.7949810543521332,0.7401960784313726,0.8014861395456347,0.6770541549953315,0.799201930062079,0.7379785247432307,0.7928551380266807,0.7257236227824464,0.7941022899881125,0.721171802054155,0.8006637168141593,0.004455609312202005,0.0031408788112928816,0.02341695408286812,0.0030373192949327086,COMPLETE
317,317,0.734771003146643,2022-09-13 16:41:45.978580,2022-09-13 16:41:48.573951,0 days 00:00:02.595371,0.9045580979785034,13,27,72,5.297998600134388,14.431801828304867,0.48262280662577156,0.16109960079193114,0.03470923900604248,0.734771003146643,0.794960532945268,0.7497753818508535,0.7952707403118298,0.7244684037136867,0.7974109831947171,0.7339724081963888,0.7932149212715573,0.7998579833637656,0.7895474113949561,0.7420634920634921,0.7949810543521332,0.746031746031746,0.7944273378681812,0.6775210084033614,0.8014714865935808,0.7124183006535947,0.7948830240390965,0.7326097105508871,0.7891840575881653,0.7289915966386555,0.7992143128384626,0.006194466719679823,0.001790073573959069,0.02926344193716504,0.0036413669707883634,COMPLETE
318,318,0.7319387757131661,2022-09-13 16:41:48.577980,2022-09-13 16:41:50.714373,0 days 00:00:02.136393,0.5373670742247278,10,49,64,3.7030337715092894,14.152461931992233,0.5169100073936791,0.11639244556427002,0.03761708736419678,0.7319387757131661,0.779882742578079,0.7330038933812518,0.78362800894245,0.7213237496256364,0.7812412913294153,0.7276831000202881,0.7787653692113803,0.7805842970176506,0.7710654118252157,0.7474323062558357,0.7800348368775591,0.7354108309990663,0.7793892814687624,0.696078431372549,0.7844866513670585,0.723155929038282,0.7802595842689208,0.740546218487395,0.7794225085853916,0.7141690009337068,0.780534481904636,0.003926983043846951,0.005990445000811479,0.021221147679673886,0.0034221005466407673,COMPLETE
319,319,0.7349323630852218,2022-09-13 16:41:50.718497,2022-09-13 16:41:53.186221,0 days 00:00:02.467724,0.8647078377951981,11,45,70,2.6441658298926027,14.487934862434464,0.49355267235593536,0.15038118362426758,0.03512837886810303,0.7349323630852218,0.7971645021412332,0.7359988020365379,0.796670320437792,0.7234201856843365,0.7975276148718806,0.7280043281260566,0.7980314386249496,0.7876005951173328,0.7943639287483484,0.7510504201680672,0.7943084632148989,0.7386788048552755,0.7991332056531502,0.6875583566760037,0.8003054418174613,0.73109243697479,0.8003803576145819,0.7436974789915967,0.7909331247523445,0.7222222222222222,0.7999911256769251,0.011647578417331302,0.0028494010920952074,0.023930841810926737,0.002966996827162621,COMPLETE
320,320,0.7313265811498063,2022-09-13 16:41:53.190096,2022-09-13 16:41:55.607104,0 days 00:00:02.417008,0.8438540759739578,11,33,68,3.411214638968649,13.902638356645282,0.4719592866807246,0.1476909875869751,0.034493327140808105,0.7313265811498063,0.7997799110895392,0.7380952380952381,0.8017467915967392,0.7154836777478286,0.8006285724901998,0.720666801920606,0.7986319063056113,0.789697031176033,0.7975476026214514,0.7473155929038282,0.7992683842953374,0.7449813258636788,0.7982482499009378,0.6770541549953315,0.8034622242768459,0.7162698412698413,0.7968258816536785,0.7336601307189543,0.796290739334302,0.7300420168067228,0.8051487584202879,0.007048601282614887,0.0024674080554461793,0.027274439316417078,0.0027709595514338243,COMPLETE
321,321,0.7311173211422933,2022-09-13 16:41:55.611190,2022-09-13 16:41:57.857050,0 days 00:00:02.245860,0.8840406357439519,12,67,66,5.085745442712301,13.170929448370098,0.42384991634451585,0.13171820640563964,0.03395602703094482,0.7311173211422933,0.7807761214415625,0.7535190176699611,0.7818244497152329,0.7213237496256364,0.7816116227078779,0.7115540677622236,0.7841996635402784,0.7784878609589504,0.7703656217622346,0.746265172735761,0.7771028018095364,0.7476657329598506,0.7830333261788402,0.6802054154995332,0.781102851340642,0.7147525676937441,0.7851530511161009,0.7225723622782446,0.7776047170122837,0.734827264239029,0.7857631092325981,0.00565501537555079,0.0017542060379901268,0.02583477038540019,0.004412216767568996,COMPLETE
322,322,0.7337095154556039,2022-09-13 16:41:57.864612,2022-09-13 16:42:00.142718,0 days 00:00:02.278106,0.9225398227248699,10,59,74,3.108255482335403,14.73000369327317,0.5003289577031085,0.1339186906814575,0.03384239673614502,0.7337095154556039,0.7867778746510953,0.7349505840071877,0.7892131180704786,0.7213237496256364,0.7851310093697554,0.7136505038209238,0.789649000470648,0.7925204571583148,0.7830483893701148,0.7410130718954249,0.787455834764232,0.7375116713352008,0.7855422830537577,0.6902427637721755,0.7887739813102628,0.7396125116713352,0.7856318518029322,0.7357609710550888,0.7819399270241711,0.7305088702147525,0.7913933512746005,0.006288980569076164,0.0014966980796391268,0.02454076822418772,0.002877281496064804,COMPLETE
323,323,0.7365319966493393,2022-09-13 16:42:00.146780,2022-09-13 16:42:02.461555,0 days 00:00:02.314775,0.8760298529348832,12,49,66,3.8746914795816805,13.564009221403664,0.44682524582240346,0.1385715961456299,0.03344426155090332,0.7365319966493393,0.7912311543638101,0.7428870919436957,0.7921697826935106,0.7223719676549865,0.7907221049024525,0.7280043281260566,0.7913984756281007,0.7865523770879828,0.7894480890126365,0.7447478991596639,0.787416416259411,0.7587535014005602,0.7896527456742835,0.6933940242763772,0.7951810361907278,0.73062558356676,0.7941586316206577,0.7357609710550888,0.7898149600449083,0.7222222222222222,0.792349301611412,0.0067092596374044525,0.001300764783062466,0.02340530725077762,0.002209493672676536,COMPLETE
324,324,0.7330683094905643,2022-09-13 16:42:02.465697,2022-09-13 16:42:04.820860,0 days 00:00:02.355163,0.872842160578176,12,49,66,3.989113578004241,13.61336943432675,0.44362193122998256,0.14326870441436768,0.03356502056121826,0.7330683094905643,0.7901418779143142,0.7144354597184785,0.7936438832362092,0.7244684037136867,0.7887874640557686,0.74550280651924,0.7903119052505685,0.7935686751876648,0.7840484132734267,0.75,0.7918806135252938,0.7407796451914099,0.7897214700832123,0.6902427637721755,0.7909894663848898,0.7226890756302521,0.787916061286488,0.7288748832866481,0.7881137729494122,0.7201213818860878,0.7960057290978735,0.01458771076267038,0.0013575686101819048,0.02590205184336926,0.003140513801859689,COMPLETE
325,325,0.7274051474921475,2022-09-13 16:42:04.830517,2022-09-13 16:42:06.993298,0 days 00:00:02.162781,0.5605305164842089,13,47,68,3.686419249032842,14.199830170868712,0.441294643078359,0.1214266300201416,0.035099244117736815,0.7274051474921475,0.7822030030272202,0.7334531296795448,0.7855349884710103,0.7133872416891285,0.7805895989315299,0.7126022857915737,0.7819317337896393,0.7714715628592683,0.7729488279546761,0.7399626517273576,0.7807947265882975,0.7364612511671336,0.7809051396777176,0.6933940242763772,0.7877724210804385,0.7183706816059757,0.7870851769911504,0.7258403361344539,0.7800410282657508,0.729108309990663,0.7844263885219918,0.003962121042855666,0.0034907858577082956,0.019691330196797197,0.004093383109870907,COMPLETE
326,326,0.7341397849462366,2022-09-13 16:42:06.997797,2022-09-13 16:42:09.324601,0 days 00:00:02.326804,0.8554346817617627,12,51,70,3.8416953647965952,13.794617260264783,0.4578005793666719,0.13804125785827637,0.03497855663299561,0.7341397849462366,0.7901074501723265,0.7577118897873615,0.7886984936967287,0.7234201856843365,0.7926567457491366,0.7227632379793061,0.7920982656910818,0.7763914249002501,0.7833313139156015,0.75,0.7884573949940563,0.7376283846872083,0.791889075089156,0.6912931839402428,0.7910103107251354,0.7337768440709618,0.7902689951789723,0.7246732026143792,0.7884844307224937,0.7237394957983193,0.7941794759609034,0.007674548373479386,0.0036236939974728247,0.022096702748662104,0.002903741463137817,COMPLETE
327,327,0.733502322617016,2022-09-13 16:42:09.328685,2022-09-13 16:42:11.661005,0 days 00:00:02.332320,0.8861636935644643,12,49,66,3.5752384197190237,14.367857723935439,0.46494866668268675,0.14138493537902833,0.03292233943939209,0.733502322617016,0.791092052814324,0.7250673854447439,0.7916407083774573,0.7223719676549865,0.7928900091034636,0.7259078920673565,0.7905647445931121,0.7967133292757151,0.7869145440113549,0.7441643323996265,0.7895964040417383,0.753968253968254,0.7898859546295073,0.6870915032679739,0.797103049465064,0.7327264239028946,0.7927385335490689,0.7179038281979458,0.7871685543521332,0.729108309990663,0.7924180260203407,0.007602298094929679,0.0010223748687042732,0.026829198739628884,0.002845170755104055,COMPLETE
328,328,0.732158577571828,2022-09-13 16:42:11.665082,2022-09-13 16:42:14.018466,0 days 00:00:02.353384,0.8982763624654804,12,51,64,3.3903599601529244,13.626197520266947,0.48685808330411956,0.14123954772949218,0.033007121086120604,0.732158577571828,0.7910242934619857,0.7318059299191375,0.7897481787912004,0.7202755315962863,0.7933084381470219,0.7339724081963888,0.7957981274639987,0.7834077229999323,0.7826984943386242,0.7468487394957983,0.7898172302205786,0.7407796451914099,0.7912581726324132,0.6865079365079365,0.7925261689340906,0.7210550887021475,0.7911539509311848,0.7267740429505136,0.7912350581164971,0.7301587301587302,0.7926991150442477,0.014057643303798708,0.0010924335311250364,0.023024944717220105,0.003249427625238994,COMPLETE
329,329,0.7280485342848846,2022-09-13 16:42:14.022510,2022-09-13 16:42:16.255841,0 days 00:00:02.233331,0.8758207874313626,9,47,70,4.159482263912198,14.739702640004532,0.42561102978960047,0.1306290626525879,0.03425981998443604,0.7280485342848846,0.7860436180490482,0.7397424378556454,0.786413957818554,0.7223719676549865,0.7867842891970167,0.7311489822141071,0.7895624539964277,0.8058260634340975,0.7793289516089814,0.7268907563025211,0.7844472328622375,0.7364612511671336,0.7863106343283582,0.6891923436041083,0.7911956396116762,0.694327731092437,0.7833160662395984,0.7188375350140056,0.7806696605468234,0.7156862745098038,0.7924072942808084,0.005394741194433405,0.0035489122623556,0.030306114826914175,0.004051334347492548,COMPLETE
330,330,0.7362882767227402,2022-09-13 16:42:16.259959,2022-09-13 16:42:18.649401,0 days 00:00:02.389442,0.8601431474584321,11,49,68,2.9236684699860453,14.037644062497447,0.5494287676053418,0.14300835132598877,0.034522628784179686,0.7362882767227402,0.7937618607401762,0.7476789457921533,0.7918884216740878,0.7255166217430369,0.7931232724577907,0.7339724081963888,0.796214992981493,0.8009062013931156,0.7857783124426629,0.75,0.7896234397701757,0.7428804855275444,0.7964991827367587,0.679154995331466,0.8004783879276185,0.7279411764705883,0.7953246763967772,0.7347105508870215,0.7930528496896051,0.7201213818860878,0.7956350713247919,0.012084329809924467,0.003580967707967566,0.028732955875392756,0.0038711454994496465,COMPLETE
331,331,0.7323320492733512,2022-09-13 16:42:18.653343,2022-09-13 16:42:21.058422,0 days 00:00:02.405079,0.907817630287252,13,45,66,3.9933719460653823,13.40261048550389,0.6608534784092488,0.1459036350250244,0.03407223224639892,0.7323320492733512,0.793428732962898,0.7223719676549865,0.7973760969054416,0.7223719676549865,0.7915180902956251,0.7269561100967066,0.7965648880129836,0.7784878609589504,0.7899815862072945,0.7457983193277311,0.7892133634922731,0.7439309056956116,0.7944752179368644,0.6854575163398693,0.7939254226654339,0.733076563958917,0.7950142814687624,0.7336601307189543,0.7873933017434949,0.7312091503267975,0.7988250809008057,0.011134330789256451,0.003181588743615161,0.022077909474806673,0.0035794226227216764,COMPLETE
332,332,0.7322288542115973,2022-09-13 16:42:21.062601,2022-09-13 16:42:23.449087,0 days 00:00:02.386486,0.9283335372099002,11,53,64,3.222088764019188,14.398461514977607,0.5947444646265905,0.1414487838745117,0.03475584983825684,0.7322288542115973,0.7894682344052084,0.7349505840071877,0.7878616356096121,0.7213237496256364,0.7888836593859601,0.7388922702373706,0.7885323448901725,0.7865523770879828,0.7850980983678983,0.7293417366946778,0.7924636359133537,0.7418300653594772,0.7911894482234844,0.6833566760037348,0.7946458938713512,0.7300420168067228,0.7892674349491481,0.7268907563025211,0.7865376518953903,0.729108309990663,0.7902025409457138,0.009320088847595257,0.002068229059557704,0.02377771902253336,0.0026609748387853506,COMPLETE
333,333,0.7371750495694321,2022-09-13 16:42:23.453369,2022-09-13 16:42:25.874154,0 days 00:00:02.420785,0.8908242304587785,12,47,68,3.527657226285935,13.944897773272082,0.44943804336908194,0.14433505535125732,0.03385782241821289,0.7371750495694321,0.7917367361392398,0.7349505840071877,0.7908663978977398,0.7234201856843365,0.7916551583197606,0.7199398119970244,0.7954482324325082,0.8016331913166971,0.7867309418481876,0.7552521008403361,0.7901585820895523,0.7508169934640523,0.7910728437458724,0.6833566760037348,0.7920597510236429,0.7417133520074697,0.7901523907013605,0.7315592903828197,0.7926343118478405,0.729108309990663,0.7965887514859331,0.008649242579808718,0.0031723986402338207,0.02858768083641546,0.002636111383995995,COMPLETE
334,334,0.7331129844918289,2022-09-13 16:42:25.878489,2022-09-13 16:42:28.210735,0 days 00:00:02.332246,0.8964718626504625,12,49,70,3.55833763022866,13.828249541419467,0.45013884291364753,0.14130306243896484,0.03327817916870117,0.7331129844918289,0.7912329840433763,0.7238694219826296,0.7909830295749034,0.727613057801737,0.7916551583197606,0.7280043281260566,0.7944482085291963,0.794616893217015,0.7853313617222254,0.7426470588235294,0.7893508123101307,0.7566526610644257,0.7961972493726059,0.6770541549953315,0.7916288304054946,0.7258403361344539,0.7884990836745476,0.7236227824463118,0.7899315645225202,0.7312091503267975,0.7943045420023775,0.009257927270285748,0.0013100951482876812,0.0280333891000399,0.00303896512316194,COMPLETE
