,number,value,datetime_start,datetime_complete,duration,params_colsample_bytree,params_max_depth,params_min_child_samples,params_num_leaves,params_reg_alpha,params_reg_lambda,params_subsample,user_attrs_mean_fit_time,user_attrs_mean_score_time,user_attrs_mean_test_score,user_attrs_mean_train_score,user_attrs_split0_test_score,user_attrs_split0_train_score,user_attrs_split1_test_score,user_attrs_split1_train_score,user_attrs_split2_test_score,user_attrs_split2_train_score,user_attrs_split3_test_score,user_attrs_split3_train_score,user_attrs_split4_test_score,user_attrs_split4_train_score,user_attrs_split5_test_score,user_attrs_split5_train_score,user_attrs_split6_test_score,user_attrs_split6_train_score,user_attrs_split7_test_score,user_attrs_split7_train_score,user_attrs_split8_test_score,user_attrs_split8_train_score,user_attrs_split9_test_score,user_attrs_split9_train_score,user_attrs_std_fit_time,user_attrs_std_score_time,user_attrs_std_test_score,user_attrs_std_train_score,state
55,55,0.7338456076283222,2022-09-13 16:31:30.892109,2022-09-13 16:31:33.453774,0 days 00:00:02.561665,0.7973263253096083,13,27,66,3.923454437591656,12.123904798809743,0.6951369450222189,0.15997672080993652,0.03562252521514893,0.7338456076283222,0.8032495110666004,0.7337526205450733,0.806796840004046,0.7165318957771788,0.8045182905305399,0.7248596740380064,0.8036147165273269,0.7823595049705823,0.7997809137824023,0.746265172735761,0.800084615638621,0.7518674136321195,0.8025355798441421,0.6933940242763772,0.8064584434024568,0.73109243697479,0.8040367851010435,0.7267740429505136,0.7964552238805971,0.7315592903828197,0.8082137019548277,0.0059570697491859005,0.003892756405372735,0.022163696463924378,0.0034439326882148807,COMPLETE
56,56,0.7313041761642779,2022-09-13 16:31:33.461328,2022-09-13 16:31:35.835510,0 days 00:00:02.374182,0.995752950061013,9,37,58,5.509674599062556,12.8742223675446,0.9053593877080939,0.1450188398361206,0.035178518295288085,0.7313041761642779,0.7889208136541883,0.7412398921832883,0.7875742881855208,0.7234201856843365,0.788650396031633,0.7297795360789883,0.7890658420848304,0.7998579833637656,0.7844780546990202,0.7362278244631186,0.7892257462686567,0.7396125116713352,0.7861940298507463,0.6944444444444444,0.7930613112534672,0.7027310924369747,0.787815760797781,0.7198879551820728,0.7847237815348038,0.7258403361344539,0.7984189258354246,0.007990368195280992,0.004351079368443029,0.027002481561205733,0.00394167231668797,COMPLETE
57,57,0.7297742083240275,2022-09-13 16:31:35.843827,2022-09-13 16:31:37.995001,0 days 00:00:02.151174,0.6674082183979886,15,51,68,5.947095839224679,14.493742472383339,0.6735405425610413,0.12093126773834229,0.0349700927734375,0.7297742083240275,0.7773833539522634,0.7487271638215034,0.7801026358759039,0.709194369571728,0.7756020981316225,0.7094576317035234,0.7727825350863528,0.7725197808886184,0.7740955687380947,0.7436974789915967,0.7769259344868578,0.7476657329598506,0.7771405692775062,0.6912931839402428,0.7869561897371549,0.717203548085901,0.7770132330603619,0.7236227824463118,0.7722594852067097,0.7343604108309991,0.7809552899220711,0.005313621697458932,0.0038759176682145726,0.022878679364639824,0.004166551826499316,COMPLETE
58,58,0.731419923416719,2022-09-13 16:31:38.003013,2022-09-13 16:31:40.554790,0 days 00:00:02.551777,0.8279646746759597,14,33,64,3.64554136553444,9.92741802082997,0.8077055117702766,0.1600135326385498,0.0370164155960083,0.731419923416719,0.8050257327947797,0.7244684037136867,0.8070216398207382,0.7075471698113207,0.8035852371132317,0.7139717319266923,0.807947397877221,0.7967133292757151,0.7985972877159231,0.7573529411764706,0.8049070879012019,0.742296918767507,0.8064252162858274,0.6986461251167133,0.8062252344472329,0.715219421101774,0.8031309850085854,0.7284080298786181,0.8023147536653018,0.7295751633986928,0.8101024881125347,0.010592956341828186,0.006607781233728733,0.027066184504450464,0.003099097644274757,COMPLETE
59,59,0.7307887904603918,2022-09-13 16:31:40.562237,2022-09-13 16:31:42.598912,0 days 00:00:02.036675,0.4732552180331612,13,63,72,4.223883450735929,10.940127558601837,0.7685008213391008,0.11123054027557373,0.03569951057434082,0.7307887904603918,0.7750071567667813,0.7497753818508535,0.7734618552487351,0.7165318957771788,0.7757872638208538,0.7238114560086563,0.7727132979069765,0.7805842970176506,0.7757652975014444,0.7457983193277311,0.7731320581825386,0.7322595704948647,0.7713289195614845,0.6891923436041083,0.779081156716418,0.7113678804855275,0.7755660992603355,0.7294584500466853,0.7720950006604147,0.729108309990663,0.7811406188086119,0.005474552306872574,0.004389542150769993,0.023305588330390082,0.0029814160291038393,COMPLETE
60,60,0.7296437351568746,2022-09-13 16:31:42.606437,2022-09-13 16:31:45.095051,0 days 00:00:02.488614,0.8779045678011457,11,41,78,1.6764830576779008,11.789992177483267,0.7173700121501292,0.14855237007141114,0.03581831455230713,0.7296437351568746,0.8053694361975957,0.7333033842467804,0.8069194580858781,0.7165318957771788,0.8045387268775119,0.7381652803137891,0.8035650553361671,0.7917934672347333,0.8028479559783419,0.7288748832866481,0.8005803394531765,0.7401960784313726,0.8054715361246862,0.6785714285714286,0.8114662445515783,0.7141690009337068,0.805086225399551,0.7257236227824464,0.8069851241579712,0.729108309990663,0.806233696011095,0.0072380535844124485,0.0038074437850166187,0.02663825113393251,0.002761536596030885,COMPLETE
61,61,0.7358905136410419,2022-09-13 16:31:45.105209,2022-09-13 16:31:47.478386,0 days 00:00:02.373177,0.7850810729472317,15,37,66,4.726801241887919,12.376168814471763,0.7336072359433083,0.14335460662841798,0.03578176498413086,0.7358905136410419,0.7934294095690052,0.7380952380952381,0.7952226426467339,0.7223719676549865,0.7942895892294258,0.721715019949956,0.7923811902365686,0.7876005951173328,0.7889145918179787,0.7542016806722689,0.7943293075551446,0.7439309056956116,0.7926095462950733,0.6929271708683473,0.7935632264562145,0.7459150326797386,0.7964428411042135,0.7288748832866481,0.7898149600449083,0.7232726423902894,0.7967262003037907,0.010622428047739458,0.0035094470023979817,0.023700644155665192,0.002448503221857013,COMPLETE
62,62,0.7298561847136906,2022-09-13 16:31:47.486621,2022-09-13 16:31:49.760697,0 days 00:00:02.274076,0.6151364466128925,15,37,66,4.616663506272667,13.586355873038759,0.7425202503278977,0.13169145584106445,0.03696408271789551,0.7298561847136906,0.7861905812166163,0.7391434561245882,0.7859955287749958,0.7154836777478286,0.78499394134562,0.7175221478325556,0.7823312900122896,0.7774396429296002,0.7828647872069474,0.7468487394957983,0.7853839898956545,0.7518674136321195,0.7893716566503765,0.6918767507002801,0.7872040516444327,0.7104341736694677,0.787784803856822,0.7246732026143792,0.7836056168273675,0.7232726423902894,0.7923701459516577,0.008121272951545001,0.00656374368296441,0.0231780838267165,0.0029433414115178766,COMPLETE
63,63,0.7364284961296347,2022-09-13 16:31:49.768400,2022-09-13 16:31:52.115551,0 days 00:00:02.347151,0.7854181233230623,14,43,62,5.103463350447723,12.853460806166204,0.7815133765526754,0.13907158374786377,0.03609809875488281,0.7364284961296347,0.7887536108880838,0.7587601078167117,0.791545751613749,0.7123390236597784,0.7878135379445164,0.7146987218502738,0.7897656321478115,0.794616893217015,0.7840807651697423,0.7489495798319328,0.7855693187821953,0.7497665732959851,0.7867167893937392,0.69234360410831,0.7918744221371021,0.7337768440709618,0.7893361593580768,0.7278244631185808,0.7876473550389644,0.7312091503267975,0.7931863772949412,0.005568993788972391,0.0033419762745801555,0.02706203607946282,0.002770917983584529,COMPLETE
64,64,0.7319345916496036,2022-09-13 16:31:52.124474,2022-09-13 16:31:54.414827,0 days 00:00:02.290353,0.7861664991497487,14,43,58,5.455226319152487,13.235727175130696,0.5084590348521151,0.13510725498199463,0.035095620155334475,0.7319345916496036,0.786686172025237,0.7339023659778376,0.7880948989639391,0.7154836777478286,0.786393521471582,0.7167951579089742,0.7920486044999222,0.7925204571583148,0.7795148204655211,0.7478991596638656,0.7836828028001586,0.7566526610644257,0.7869499983489632,0.69234360410831,0.7885886524237221,0.6995798319327731,0.7841801776515651,0.7357609710550888,0.7836619584599128,0.7284080298786181,0.7937462851670849,0.0048932788019347175,0.004335419195825093,0.027715625977096352,0.004002929638853224,COMPLETE
65,65,0.7289733757166896,2022-09-13 16:31:54.422842,2022-09-13 16:31:56.840717,0 days 00:00:02.417875,0.7023434668908297,13,29,64,3.3774105924560236,14.577596776759764,0.7807393970475102,0.1477808475494385,0.035117721557617186,0.7289733757166896,0.7989065525452758,0.7044025157232704,0.8036874188480918,0.7154836777478286,0.802069025310106,0.7297795360789883,0.7955821734045158,0.7774396429296002,0.7938650501433786,0.7383286647992531,0.7947957254655924,0.7470821661998133,0.7950790846651697,0.688608776844071,0.8005386507726853,0.73109243697479,0.8029186203936072,0.7221055088702147,0.7976505745608242,0.7354108309990663,0.8028792018887861,0.0051200551462418035,0.0032452444997127998,0.022963400181738758,0.00370127580616873,COMPLETE
66,66,0.7358716320774608,2022-09-13 16:31:56.848797,2022-09-13 16:31:59.166503,0 days 00:00:02.317706,0.858265958886519,12,47,62,4.094711015716742,13.88736837889423,0.8308446722752673,0.14187469482421874,0.03294892311096191,0.7358716320774608,0.7912278275812727,0.7223719676549865,0.7964430434881336,0.7244684037136867,0.7922383167055783,0.7339724081963888,0.7962646541726528,0.794616893217015,0.784681232850404,0.7510504201680672,0.7901585820895523,0.7428804855275444,0.7906751502443534,0.6854575163398693,0.7886365324924052,0.734827264239029,0.7919701822744684,0.7389122315592904,0.7851569723286224,0.7301587301587302,0.7960536091665567,0.0065328840705894935,0.0007828786015847562,0.02575065671444536,0.004065773975558536,COMPLETE
67,67,0.7294458694413045,2022-09-13 16:31:59.175020,2022-09-13 16:32:01.306635,0 days 00:00:02.131615,0.63620851020958,14,53,68,6.404903987274698,10.61166493338519,0.5599837346741381,0.12177653312683105,0.03449015617370606,0.7294458694413045,0.7786715028934041,0.7428870919436957,0.7815226523488381,0.7234201856843365,0.7800545382108082,0.7055859876918915,0.7782318720167225,0.7753432068709001,0.7752491096016307,0.769140989729225,0.7783815298507463,0.7333099906629319,0.7773653166688681,0.6860410830999066,0.7825877526086382,0.7124183006535947,0.7786665400871747,0.72093837535014,0.7725614185708625,0.7253734827264239,0.782094298969753,0.009737715783930815,0.002726513646979314,0.025973725647733193,0.0029685652720920124,COMPLETE
68,68,0.7330664909502045,2022-09-13 16:32:01.314248,2022-09-13 16:32:03.776900,0 days 00:00:02.462652,0.7608713253329862,13,25,58,4.4851926528571795,11.637708589279516,0.7632763560371513,0.1525799036026001,0.0342616081237793,0.7330664909502045,0.8026658489517388,0.718628331835879,0.8057386913719395,0.7244684037136867,0.79864583397842,0.7360688442550889,0.8007312764945546,0.7805842970176506,0.7997312525912427,0.7372782446311859,0.8020877360982697,0.7587535014005602,0.8041201624620262,0.6965452847805789,0.806108629969621,0.7183706816059757,0.8015317494386475,0.7288748832866481,0.7992475399550918,0.73109243697479,0.808715617157575,0.0055877491032365134,0.001799361709809446,0.021904649535619877,0.003191081386573589,COMPLETE
69,69,0.7298925200025232,2022-09-13 16:32:03.784600,2022-09-13 16:32:06.065099,0 days 00:00:02.280499,0.6702756177890604,15,43,70,5.839979437926563,12.1603272806479,0.6482452389427336,0.13178842067718505,0.038302278518676756,0.7298925200025232,0.7841295152799967,0.7318059299191375,0.7865101531487456,0.7213237496256364,0.7823871717540785,0.7287313180496382,0.7851823781487461,0.769375126800568,0.7761648537240948,0.7489495798319328,0.7856859232598071,0.7354108309990663,0.7877515767401928,0.6912931839402428,0.7841847180029058,0.7182539682539683,0.7852589238541804,0.7267740429505136,0.777802428675208,0.7270074696545286,0.790367025492009,0.007489592110799648,0.008267505165803964,0.019168583474812373,0.004111039481487002,COMPLETE
70,70,0.7323439408224235,2022-09-13 16:32:06.074717,2022-09-13 16:32:08.321038,0 days 00:00:02.246321,0.7221520414132075,14,57,62,4.817841070795624,6.662602208918191,0.8132075595830122,0.1285790205001831,0.03664588928222656,0.7323439408224235,0.788194879802417,0.7439353099730459,0.7872099432117268,0.7133872416891285,0.7917717899969242,0.7175221478325556,0.791348814436941,0.77429498884155,0.7816314999493086,0.7468487394957983,0.7853839898956545,0.753968253968254,0.7905377014264958,0.69234360410831,0.7917786619997358,0.719421101774043,0.7877639595165764,0.740546218487395,0.7843886210540219,0.721171802054155,0.790133816536785,0.007140624544049379,0.006790888051237057,0.022606222841513,0.003338500098587164,COMPLETE
71,71,0.7344655380918852,2022-09-13 16:32:08.332483,2022-09-13 16:32:10.689430,0 days 00:00:02.356947,0.8909454646865631,12,47,62,4.048345311337814,13.96302921505095,0.8514712460739681,0.1433938980102539,0.0353508710861206,0.7344655380918852,0.789811805871768,0.7259658580413297,0.7893982837597099,0.7255166217430369,0.7884652303424018,0.715746939879624,0.7919146635279146,0.8131635896395483,0.786244839151317,0.7521008403361344,0.790460515453705,0.7508169934640523,0.7884179764892352,0.69234360410831,0.7921971998415005,0.7141690009337068,0.7901856178179897,0.7257236227824464,0.7872288171971998,0.729108309990663,0.7936049151367058,0.008189775875985997,0.0027754065671126847,0.03092862525005129,0.0021996013438861043,COMPLETE
72,72,0.7377592769710846,2022-09-13 16:32:10.697099,2022-09-13 16:32:13.053441,0 days 00:00:02.356342,0.8655874690441253,11,47,60,2.925053558750399,13.139770676955587,0.8954129228141137,0.14062376022338868,0.03649845123291016,0.7377592769710846,0.7963168614270036,0.7339023659778376,0.7955244400131288,0.7244684037136867,0.7971777198403901,0.7227632379793061,0.7989818013371018,0.7956651112463651,0.7938477408485346,0.7547852474323062,0.7925115159820366,0.7508169934640523,0.7943586134592524,0.7013305322128851,0.7986042547219654,0.7369281045751634,0.7975610058116498,0.7336601307189543,0.7938899253731344,0.7232726423902894,0.8007115968828424,0.0068347896822734434,0.005111504775418367,0.02405054553799971,0.0025468930246736257,COMPLETE
73,73,0.7334260433733242,2022-09-13 16:32:13.062951,2022-09-13 16:32:15.314768,0 days 00:00:02.251817,0.7873260353155879,10,51,60,2.7199833908922484,12.990392227383534,0.9644378345314295,0.13306951522827148,0.03420898914337158,0.7334260433733242,0.790787227566103,0.7259658580413297,0.7891445840584108,0.7234201856843365,0.7910034659218754,0.715746939879624,0.7938650501433786,0.7784878609589504,0.7872644390428454,0.7468487394957983,0.7878743726059966,0.7502334267040149,0.7934590047549861,0.6975957049486461,0.7917578176594902,0.7379785247432307,0.7926698091401401,0.736811391223156,0.787160092788271,0.721171802054155,0.7936736395456347,0.013156729699717136,0.003697921084926435,0.021042128723076852,0.0025734184309345004,COMPLETE
74,74,0.7235082996477146,2022-09-13 16:32:15.318759,2022-09-13 16:32:17.526429,0 days 00:00:02.207670,0.5239115630167025,8,33,40,1.754332934475657,12.356752926548294,0.9006528976518454,0.12404110431671142,0.03702116012573242,0.7235082996477146,0.7942962295916228,0.7270140760706798,0.7921216850284147,0.7255166217430369,0.7950783496514467,0.7284100899438697,0.7946491199872077,0.7623588287008859,0.7888152694356593,0.7394957983193278,0.7936381422533351,0.7058823529411764,0.7930759642055211,0.7076330532212884,0.7978482862237485,0.7120681605975724,0.7966428229428081,0.7188375350140056,0.7928173705587108,0.7078664799253034,0.7982752856293752,0.004708940400719091,0.004501320900247658,0.01662940735546516,0.002712405868038549,COMPLETE
75,75,0.727003235865253,2022-09-13 16:32:17.529608,2022-09-13 16:32:19.710185,0 days 00:00:02.180577,0.9086789992451371,7,41,56,3.5663363324915207,10.885606032670733,0.9541714296189533,0.12370343208312988,0.034777259826660155,0.727003235865253,0.7853606711046675,0.7529200359389039,0.7851658956590308,0.7202755315962863,0.7883209373471145,0.7438121322783526,0.7890831513796744,0.7925204571583148,0.7765990285364333,0.7383286647992531,0.785115283648131,0.7312091503267975,0.7856735404834236,0.688608776844071,0.7871060213313961,0.6841736694677871,0.781627261920486,0.7119514472455649,0.7842218663320565,0.7062324929971988,0.7906937244089288,0.005933860148338295,0.004967393841835775,0.03066664183382699,0.0038249886437789495,COMPLETE
76,76,0.7326811166747079,2022-09-13 16:32:19.718190,2022-09-13 16:32:21.966082,0 days 00:00:02.247892,0.8736902577128024,9,49,66,5.300994052750853,13.180997152925812,0.4308295222863273,0.13200442790985106,0.03347878456115723,0.7326811166747079,0.7836300817217061,0.7318059299191375,0.7819410813923964,0.7202755315962863,0.7847811143382648,0.7220362480557246,0.7829294909995788,0.794616893217015,0.7795321297603652,0.7489495798319328,0.7833538337075683,0.7333099906629319,0.7802533928807291,0.6912931839402428,0.7881222345132743,0.7203548085901027,0.7835577367586845,0.7357609710550888,0.7807175406155065,0.7284080298786181,0.7911122622506934,0.009784706187320722,0.0010775974342164662,0.025023429288569998,0.0034291481156170645,COMPLETE
77,77,0.7326169491939604,2022-09-13 16:32:21.977629,2022-09-13 16:32:24.403107,0 days 00:00:02.425478,0.8565207622363451,11,39,50,3.0996695943299732,11.438126157300342,0.7118209038609037,0.1474287748336792,0.03592119216918945,0.7326169491939604,0.8006902164570329,0.744983528002396,0.803029740045538,0.7244684037136867,0.8028169130381829,0.7220362480557246,0.8027809854923382,0.7725197808886184,0.7977808659757786,0.7478991596638656,0.7975193171311583,0.7359943977591037,0.7992976901994453,0.6833566760037348,0.8033580025756175,0.7331932773109244,0.8010799844802536,0.740546218487395,0.7945687078985604,0.721171802054155,0.8046699577334566,0.00841618009089641,0.0046282313347810675,0.021884338618766912,0.00308878270212194,COMPLETE
78,78,0.7188511030299723,2022-09-13 16:32:24.410629,2022-09-13 16:32:26.880497,0 days 00:00:02.469868,0.8297646783669933,14,53,64,0.8799117971492754,13.50347790088976,0.692268702136728,0.14917306900024413,0.03541312217712402,0.7188511030299723,0.801057767942287,0.7255166217430369,0.8051555329861219,0.7198262952979935,0.7995644374534248,0.7220362480557246,0.8016643299118626,0.7396192601609521,0.7948996926363787,0.7410130718954249,0.7976421129969621,0.7165032679738562,0.8030853751155727,0.6781045751633987,0.8036267088231409,0.7078664799253034,0.8000181614053625,0.7147525676937441,0.8024398197067759,0.7232726423902894,0.8024815083872672,0.008531952871679724,0.003655149945881794,0.016735579800891902,0.0029104425039782724,COMPLETE
79,79,0.7255864579550628,2022-09-13 16:32:26.889417,2022-09-13 16:32:29.188288,0 days 00:00:02.298871,0.5662201938643152,15,45,60,2.2751312873178886,14.603100930997662,0.8859871015844245,0.13397536277770997,0.034610438346862796,0.7255864579550628,0.7903201292730297,0.7144354597184785,0.798261052657654,0.7255166217430369,0.784225617270571,0.7066342057212416,0.7916814001735875,0.7935686751876648,0.7875150116920165,0.7410130718954249,0.7898358043851539,0.7418300653594772,0.7928906353189804,0.6664332399626518,0.787572439241844,0.7258403361344539,0.7943918405758816,0.7173202614379085,0.7806843134988772,0.7232726423902894,0.7961431779157311,0.009197124709117833,0.0020668612205254613,0.030298194604387367,0.005173496210067297,COMPLETE
80,80,0.7320172002661888,2022-09-13 16:32:29.194491,2022-09-13 16:32:31.712125,0 days 00:00:02.517634,0.9690810236577307,13,29,68,7.197903184372671,12.73426772400392,0.6071488680733031,0.15725767612457275,0.03575541973114014,0.7320172002661888,0.7905993459022946,0.7397424378556454,0.79035177352399,0.7244684037136867,0.793987791863031,0.7175221478325556,0.7879988476955146,0.8019544194224657,0.7851281835708417,0.736811391223156,0.7917724706115441,0.7476657329598506,0.7923763373398494,0.6854575163398693,0.7922929599788667,0.7166199813258637,0.7892922005019152,0.7219887955182073,0.7854234084004755,0.7279411764705883,0.7973694855369171,0.011267609803599877,0.0040105483461177985,0.02829824557486681,0.0036052054570803608,COMPLETE
81,81,0.7345252444658124,2022-09-13 16:32:31.716084,2022-09-13 16:32:34.056816,0 days 00:00:02.340732,0.8625153784591674,12,47,62,5.046914328166187,13.883026471777075,0.7813216622672967,0.14012575149536133,0.03518509864807129,0.7345252444658124,0.7863209701140524,0.729559748427673,0.7921156986237463,0.7223719676549865,0.7877173426143249,0.7339724081963888,0.7860981222712102,0.7935686751876648,0.7799143766881713,0.7489495798319328,0.7819816157046625,0.7343604108309991,0.7811862287016247,0.6849906629318394,0.7900442477876106,0.734827264239029,0.7865168075551446,0.736811391223156,0.7832225762779025,0.7258403361344539,0.7944126849161273,0.006990591814357098,0.002517716530093031,0.025300789180939073,0.0045912464859635925,COMPLETE
82,82,0.7315875630024783,2022-09-13 16:32:34.060526,2022-09-13 16:32:36.468735,0 days 00:00:02.408209,0.9267895897484846,10,43,62,4.125847108985007,14.044905422017221,0.8269111412189791,0.1457350254058838,0.03470170497894287,0.7315875630024783,0.791734232510275,0.7324049116501947,0.7945084026414495,0.7261156034740941,0.793075174792695,0.721715019949956,0.793281891757561,0.8009062013931156,0.7902449347645648,0.7521008403361344,0.7894381108836349,0.7327264239028946,0.788245030379078,0.6933940242763772,0.7933632446176199,0.6965452847805789,0.7875222889974904,0.7336601307189543,0.7900481690001321,0.7263071895424836,0.7976150772685247,0.012915859626337496,0.003676554472570736,0.028415010522408076,0.0029895719243877676,COMPLETE
