,number,value,datetime_start,datetime_complete,duration,params_colsample_bytree,params_max_depth,params_min_child_samples,params_num_leaves,params_reg_alpha,params_reg_lambda,params_subsample,user_attrs_mean_fit_time,user_attrs_mean_score_time,user_attrs_mean_test_score,user_attrs_mean_train_score,user_attrs_split0_test_score,user_attrs_split0_train_score,user_attrs_split1_test_score,user_attrs_split1_train_score,user_attrs_split2_test_score,user_attrs_split2_train_score,user_attrs_split3_test_score,user_attrs_split3_train_score,user_attrs_split4_test_score,user_attrs_split4_train_score,user_attrs_split5_test_score,user_attrs_split5_train_score,user_attrs_split6_test_score,user_attrs_split6_train_score,user_attrs_split7_test_score,user_attrs_split7_train_score,user_attrs_split8_test_score,user_attrs_split8_train_score,user_attrs_split9_test_score,user_attrs_split9_train_score,user_attrs_std_fit_time,user_attrs_std_score_time,user_attrs_std_test_score,user_attrs_std_train_score,state
391,391,0.728722743915988,2022-09-13 16:44:44.211537,2022-09-13 16:44:46.462940,0 days 00:00:02.251403,0.8392043224358658,10,53,68,3.2622883987886815,8.330064560037455,0.8168865380985657,0.1318077564239502,0.03385481834411621,0.728722743915988,0.7952063227751246,0.7249176400119797,0.7945228525837529,0.7213237496256364,0.7950783496514467,0.7188915939676743,0.7966318584989873,0.7907452492053831,0.7894781742155799,0.7399626517273576,0.7943501518953903,0.7205882352941176,0.7957702499669792,0.6912931839402428,0.7973694855369171,0.7114845938375349,0.7981293752476555,0.7447478991596639,0.7922844984150046,0.7232726423902894,0.7984482317395324,0.007324050881683579,0.0017211025683334694,0.024879323438078294,0.0026200940691546147,COMPLETE
392,392,0.7278846383349444,2022-09-13 16:44:46.470583,2022-09-13 16:44:48.601958,0 days 00:00:02.131375,0.8477402013037096,12,59,70,9.687458387490373,12.519376792252388,0.8486238032457764,0.12088794708251953,0.03354072570800781,0.7278846383349444,0.7716835557695456,0.7433363282419886,0.7741352225600756,0.709194369571728,0.7721993431469084,0.7164739298032055,0.7690826733134359,0.789697031176033,0.7674129445500861,0.7495331465919701,0.7674184387795535,0.7343604108309991,0.770512688218201,0.6865079365079365,0.7785105171047417,0.7103174603174602,0.7731444409589221,0.7236227824463118,0.7651528034605732,0.7158029878618113,0.7792664856029586,0.010131616173172823,0.0019265325763638847,0.026896872449946232,0.004469168908849087,COMPLETE
393,393,0.7322299268662629,2022-09-13 16:44:48.612645,2022-09-13 16:44:50.885202,0 days 00:00:02.272557,0.8300142914953399,11,51,68,3.1278637139595986,12.688441872361773,0.8103018396158586,0.13390963077545165,0.03491075038909912,0.7322299268662629,0.7928607107779424,0.7234201856843365,0.7946935683306808,0.7213237496256364,0.7910034659218754,0.7329241901670387,0.7952819395641849,0.7855041590586326,0.7879815384006705,0.7436974789915967,0.7899338346981905,0.7529178338001867,0.7953122936203936,0.6854575163398693,0.7971362765816933,0.7258403361344539,0.7938566982565052,0.7279411764705883,0.7869145010566636,0.7232726423902894,0.7964929913485669,0.009098453309896434,0.004617017304590573,0.02433472392544691,0.0034478628945903453,COMPLETE
394,394,0.735187811176408,2022-09-13 16:44:50.899552,2022-09-13 16:44:53.136479,0 days 00:00:02.236927,0.8631512050809729,11,49,70,3.7409010682814876,13.055504615231804,0.8294676392155608,0.13357338905334473,0.032977628707885745,0.735187811176408,0.7919332834981542,0.737047020065888,0.7914014586184617,0.7255166217430369,0.7895353517838454,0.7259078920673565,0.7945151790152001,0.7928416852640834,0.7850612130848378,0.7510504201680672,0.7908790532954695,0.7529178338001867,0.7917724706115441,0.6944444444444444,0.7967656188086119,0.7321428571428572,0.7939045783251881,0.7141690009337068,0.792388720116233,0.7258403361344539,0.7931091913221503,0.008662016376539607,0.0032811540010522586,0.025042983201689968,0.0029981554681475387,COMPLETE
395,395,0.730710863164499,2022-09-13 16:44:53.140511,2022-09-13 16:44:55.595617,0 days 00:00:02.455106,0.8748284241262568,12,29,68,3.3762244762408766,13.162677162747599,0.8378786274262037,0.15224695205688477,0.03244621753692627,0.730710863164499,0.8045935810586698,0.7282120395327942,0.8059238570611708,0.7144354597184785,0.8041683954990494,0.7360688442550889,0.8061979227197682,0.7795360789883006,0.8014310665575357,0.7351774042950514,0.7996181977281733,0.746031746031746,0.8068916341962753,0.6775210084033614,0.8076453325188218,0.7300420168067228,0.8042221139875843,0.7278244631185808,0.7992475399550918,0.7322595704948647,0.8105897503632281,0.00734634145835841,0.001367907481589794,0.024039051113896474,0.003443061010445691,COMPLETE
396,396,0.7342962220392315,2022-09-13 16:44:55.604707,2022-09-13 16:44:57.950619,0 days 00:00:02.345912,0.916811449490275,13,47,68,4.041456474598025,12.844453805501105,0.8001957890483034,0.14167487621307373,0.03272686004638672,0.7342962220392315,0.7924863831141378,0.7234201856843365,0.793156920180583,0.7202755315962863,0.7901870441817307,0.7259078920673565,0.7949817057238541,0.8047778454047474,0.7874977023971725,0.7531512605042017,0.7922783070268129,0.7428804855275444,0.792170164113063,0.6854575163398693,0.7948791028265751,0.734827264239029,0.7931362270505877,0.7300420168067228,0.7900357862237485,0.7222222222222222,0.79654087141725,0.008280592381775633,0.0013312620633388326,0.02886429318092857,0.002560959685430178,COMPLETE
397,397,0.7359612875379408,2022-09-13 16:44:57.954787,2022-09-13 16:45:00.280328,0 days 00:00:02.325541,0.8534565321666642,10,49,70,2.9856830091332136,12.411961837600744,0.8744578473202429,0.13307554721832277,0.03933219909667969,0.7359612875379408,0.7928687607982745,0.7380952380952381,0.7948246499501477,0.726564839772387,0.7931918064698584,0.7409887062960709,0.7973986190479723,0.8009062013931156,0.7866120434776516,0.7478991596638656,0.7904126353850218,0.7337768440709618,0.7901315463611148,0.6833566760037348,0.7945647866860388,0.7327264239028946,0.7921431283846255,0.7299253034547153,0.7928196407343813,0.7253734827264239,0.7965887514859331,0.005776836784397429,0.009498477590468709,0.027220383073635463,0.0030718833458019137,COMPLETE
398,398,0.7393215025917043,2022-09-13 16:45:00.292386,2022-09-13 16:45:02.570948,0 days 00:00:02.278562,0.8845707918622505,11,47,30,4.773322373760288,13.245617659712847,0.9998855281302106,0.13110029697418213,0.036124014854431154,0.7393215025917043,0.787173144393165,0.7428870919436957,0.7899333444804317,0.7234201856843365,0.7851310093697554,0.7301007641847569,0.7864457506093283,0.810018935551498,0.7807781929261033,0.7510504201680672,0.7852195053493594,0.7327264239028946,0.786893656716418,0.6912931839402428,0.7907083773609827,0.7457983193277311,0.7882095330867785,0.7347105508870215,0.7864125858539163,0.7312091503267975,0.7919994881785761,0.0037055242373095483,0.004293410412319781,0.028223246807419975,0.0030749367818046778,COMPLETE
399,399,0.7336141628491527,2022-09-13 16:45:02.580965,2022-09-13 16:45:04.898160,0 days 00:00:02.317195,0.8846916472423251,11,51,30,4.825182087346291,13.327010908845443,0.9727710958495476,0.1333749771118164,0.03497612476348877,0.7336141628491527,0.7863878420272109,0.7476789457921533,0.7870452138694675,0.7213237496256364,0.785480904401246,0.7248596740380064,0.7877482750463436,0.7938899032934335,0.7800784028631222,0.7654061624649859,0.7859275937788932,0.7195378151260504,0.7857276119402985,0.6912931839402428,0.7892403992207107,0.7183706816059757,0.7866666391493858,0.7336601307189543,0.7845260698718795,0.7201213818860878,0.7914373101307621,0.008904190450422336,0.0033108898416389174,0.02733686040690465,0.0028414844789946994,COMPLETE
400,400,0.7314773708225429,2022-09-13 16:45:04.908736,2022-09-13 16:45:07.215400,0 days 00:00:02.306664,0.8987771659444606,11,53,32,4.734844278509625,6.091925289763504,0.9999357406542393,0.1369077444076538,0.03343410491943359,0.7314773708225429,0.7936879495832907,0.7349505840071877,0.7924511437129333,0.7202755315962863,0.7937064308436083,0.7118752958679921,0.7949320445326944,0.7823595049705823,0.7876813045603397,0.7478991596638656,0.7937671295073305,0.7418300653594772,0.794612666754722,0.6933940242763772,0.7968343432175407,0.7300420168067228,0.7954891609430723,0.7299253034547153,0.7909810048210276,0.7222222222222222,0.7964242669396381,0.008659874158840775,0.0016677224960864431,0.022423422969783682,0.0026072609417771065,COMPLETE
401,401,0.7343523481618252,2022-09-13 16:45:07.220195,2022-09-13 16:45:09.608128,0 days 00:00:02.387933,0.8822201072883656,11,39,72,4.998301384764032,13.555534552788743,0.9812490334558132,0.14212172031402587,0.03432044982910156,0.7343523481618252,0.790468821805064,0.7328541479484876,0.7901666078347587,0.7192273135669363,0.7914218949654337,0.7350206262257388,0.7950486762098579,0.7844559410292825,0.7855149638853927,0.753734827264239,0.7860357366926429,0.7497665732959851,0.7907917547219654,0.6912931839402428,0.7944605649848104,0.7214052287581699,0.7901084318451987,0.7288748832866481,0.7843052436930392,0.7268907563025211,0.7968343432175407,0.008692078921567726,0.003958552994294929,0.023372000814358793,0.004010554054055454,COMPLETE
402,402,0.7317249764584268,2022-09-13 16:45:09.612228,2022-09-13 16:45:11.899302,0 days 00:00:02.287074,0.9173489152920677,9,49,66,4.601052459554165,13.1691949248675,0.9525800528322226,0.13526637554168702,0.03479223251342774,0.7317249764584268,0.7860265975897798,0.7318059299191375,0.7864620554836499,0.7202755315962863,0.7864343941655261,0.7301007641847569,0.7882125350616251,0.7956651112463651,0.7832816527244418,0.7478991596638656,0.7873600746268656,0.7333099906629319,0.7823731178179897,0.6902427637721755,0.7891237947430987,0.7062324929971988,0.7861314968300093,0.7326097105508871,0.7818233225465592,0.729108309990663,0.7890635318980319,0.011074074070065023,0.003997109779991966,0.02620011850336078,0.0025355308548532635,COMPLETE
403,403,0.7297186078732568,2022-09-13 16:45:11.903589,2022-09-13 16:45:14.065851,0 days 00:00:02.162262,0.8949956015727766,8,47,30,5.146635019195158,13.721482065116163,0.9826081832146808,0.12230353355407715,0.03407611846923828,0.7297186078732568,0.7812077227366924,0.7386942198262954,0.7798212748564811,0.7213237496256364,0.7814264570186467,0.737117062284439,0.7831627543539058,0.7834077229999323,0.7789986325657073,0.7591036414565826,0.7773529338924845,0.7333099906629319,0.780322117289658,0.69234360410831,0.7873060031699908,0.6985294117647058,0.7798449676396777,0.7155695611577964,0.7764904735173689,0.7177871148459384,0.7873516130630036,0.004963286734199296,0.0029207806103384885,0.025839668349010903,0.0035406490746228464,COMPLETE
404,404,0.7279416737277179,2022-09-13 16:45:14.070117,2022-09-13 16:45:16.113019,0 days 00:00:02.042902,0.8711287841709224,6,51,30,5.304893335940323,14.68700188894838,0.47538505508246603,0.11585817337036133,0.03325364589691162,0.7279416737277179,0.7737387159338821,0.7454327643006888,0.7678515619355492,0.7192273135669363,0.7777423410145099,0.7318759721376885,0.7703979736585502,0.7763914249002501,0.771015750634056,0.7701914098972922,0.7690925901466121,0.7349439775910365,0.7764741695284638,0.6975957049486461,0.7822148246598863,0.7016806722689075,0.774391592920354,0.7028478057889822,0.770583063663981,0.6992296918767507,0.777623291176859,0.006457963145975149,0.001201483856026158,0.027646710490748405,0.004423241116208816,COMPLETE
405,405,0.7342457930626095,2022-09-13 16:45:16.118221,2022-09-13 16:45:18.434979,0 days 00:00:02.316758,0.9085185933613917,11,49,30,4.972945777526799,13.99112033559171,0.4907542747022368,0.13551850318908693,0.033351778984069824,0.7342457930626095,0.7867309729506652,0.7386942198262954,0.7884652303424018,0.7234201856843365,0.7877173426143249,0.7321972002434571,0.78704621828999,0.8058260634340975,0.7817112463434115,0.7436974789915967,0.7856943848236693,0.7354108309990663,0.7857276119402985,0.6844070961718021,0.7914080042266544,0.7182539682539683,0.7851214750363228,0.7357609710550888,0.7849446077136442,0.7247899159663866,0.7894736081759345,0.007328482872053321,0.0015374739739684935,0.028612845610948606,0.0025794788377431883,COMPLETE
406,406,0.7290859050051346,2022-09-13 16:45:18.441351,2022-09-13 16:45:20.758923,0 days 00:00:02.317572,0.8886855144515016,10,45,32,4.836126865639221,14.26506371336139,0.9929490912646732,0.13724150657653808,0.0339066743850708,0.7290859050051346,0.7877862956641692,0.7359988020365379,0.7855566633844655,0.7213237496256364,0.7876007109371613,0.7248596740380064,0.7902321588564656,0.7886488131466829,0.7873314095288493,0.7426470588235294,0.7871623629639414,0.7285247432306255,0.785356954167217,0.69234360410831,0.7934111246863029,0.7049486461251167,0.785333839651301,0.7347105508870215,0.78018239829613,0.7168534080298786,0.7956953341698587,0.007168829422744085,0.0023193599298384797,0.024437132844038197,0.004189406274877188,COMPLETE
407,407,0.7366163953915915,2022-09-13 16:45:20.763031,2022-09-13 16:45:23.191265,0 days 00:00:02.428234,0.932226882204251,11,35,66,4.228461834176376,14.992071182110902,0.6681312145183,0.1473228693008423,0.03507752418518066,0.7366163953915915,0.7945957345724959,0.7397424378556454,0.793754528508704,0.7192273135669363,0.7918884216740878,0.7329241901670387,0.7972646780759647,0.8019544194224657,0.7894112037295761,0.7420634920634921,0.7973339882446177,0.7560690943043884,0.7960119204860653,0.6844070961718021,0.7949748629639414,0.7245564892623717,0.7946976951525557,0.7326097105508871,0.7904667068418967,0.7326097105508871,0.8001533400475499,0.008202180246104364,0.005015281276364055,0.02811810757627272,0.0031564757069509767,COMPLETE
408,408,0.7361713431568611,2022-09-13 16:45:23.195427,2022-09-13 16:45:25.483643,0 days 00:00:02.288216,0.8653833633687236,11,47,30,4.509232176867328,13.348104813258384,0.4527607733641973,0.13462905883789061,0.033912372589111325,0.7361713431568611,0.7879291794066056,0.7407906558849955,0.792286414370674,0.7213237496256364,0.7885337643544694,0.7321972002434571,0.7863787801233246,0.8068742814634476,0.7846443475673435,0.7521008403361344,0.7858025277374191,0.7195378151260504,0.7855901631224409,0.6912931839402428,0.7904751684057588,0.734827264239029,0.7874496433760402,0.7347105508870215,0.7862481013076212,0.7280578898225958,0.7918828837009642,0.005126695494524213,0.0035432043204853512,0.02805482004547273,0.002602082591911479,COMPLETE
409,409,0.7319460143562395,2022-09-13 16:45:25.488351,2022-09-13 16:45:27.753447,0 days 00:00:02.265096,0.8789246225525074,10,55,32,3.877470145019358,9.611859546687494,0.9994407082963488,0.13290619850158691,0.03391714096069336,0.7319460143562395,0.7897940450042513,0.7418388739143456,0.7892816520825463,0.7223719676549865,0.7866676575198532,0.715746939879624,0.7932992010524051,0.7823595049705823,0.7845149399820808,0.7547852474323062,0.7905771199313169,0.7195378151260504,0.790968622044644,0.6891923436041083,0.7910103107251354,0.7399626517273576,0.7883261375643904,0.7326097105508871,0.786995608241976,0.7210550887021475,0.796299200898164,0.012269322082673673,0.0014866812592074779,0.02383327643799297,0.003255258939061584,COMPLETE
410,410,0.7358896327855549,2022-09-13 16:45:27.757612,2022-09-13 16:45:30.138772,0 days 00:00:02.381160,0.9036765403944101,11,49,76,3.5585898624464636,14.497314207344633,0.5212769994699487,0.13890445232391357,0.03479874134063721,0.7358896327855549,0.7906207155338482,0.7476789457921533,0.7890002910631235,0.7213237496256364,0.7906535708903848,0.7188915939676743,0.7938650501433786,0.8019544194224657,0.7835946624728718,0.7436974789915967,0.7908875148593317,0.7508169934640523,0.7876017451459516,0.6912931839402428,0.7921763555012549,0.7114845938375349,0.7931215740985338,0.7426470588235294,0.7903501023642847,0.729108309990663,0.794956288799366,0.00636630532233518,0.003405579695484152,0.028221497286302785,0.003150366391295973,COMPLETE
411,411,0.7318650040661426,2022-09-13 16:45:30.142940,2022-09-13 16:45:32.606146,0 days 00:00:02.463206,0.8923769934701377,11,33,48,4.666896833465623,13.749698528598081,0.6897344881592038,0.15040547847747804,0.034203505516052245,0.7318650040661426,0.7937259192272565,0.7439353099730459,0.7945709502488487,0.7192273135669363,0.7932399041349542,0.7227632379793061,0.7986319063056113,0.7865523770879828,0.7870808368796782,0.7420634920634921,0.7902751865671642,0.7550186741363212,0.7958953160084533,0.6823062558356676,0.7946937739400344,0.7167366946778712,0.7912829381851803,0.7288748832866481,0.7894088049795271,0.721171802054155,0.8021795750231144,0.009932912441248321,0.0025960292035198387,0.02612905791945838,0.0042754722062241825,COMPLETE
412,412,0.7278015608759227,2022-09-13 16:45:32.610335,2022-09-13 16:45:34.880950,0 days 00:00:02.270615,0.8689485574600667,10,51,70,4.1791593142034875,13.085137701019868,0.5344633857814816,0.13202073574066162,0.035375452041625975,0.7278015608759227,0.788949081065417,0.7397424378556454,0.7904684052011535,0.7192273135669363,0.7881357716578832,0.7259078920673565,0.7920486044999222,0.769375126800568,0.7839144723014191,0.7447478991596639,0.787299811781799,0.7274743230625583,0.7912018309998679,0.6912931839402428,0.7929447067758553,0.7065826330532212,0.7857732218333113,0.7336601307189543,0.7852256967375512,0.7200046685340803,0.7924782888654074,0.0038066045951440424,0.005432865926074784,0.020281898200711013,0.0031319183516658957,COMPLETE
413,413,0.7340812364710543,2022-09-13 16:45:34.885745,2022-09-13 16:45:37.256592,0 days 00:00:02.370847,0.9159747029672275,11,47,66,5.391599980425101,10.306046084148157,0.49034679840062395,0.14102632999420167,0.03455929756164551,0.7340812364710543,0.7905690547646135,0.7339023659778376,0.7909349319098076,0.7213237496256364,0.7878339742914884,0.7188915939676743,0.7923984995314126,0.7967133292757151,0.7865646489798643,0.7478991596638656,0.7902751865671642,0.7466153127917834,0.7913060527010962,0.6933940242763772,0.7931779157310791,0.7125350140056022,0.7933547830537577,0.7336601307189543,0.7878805639941884,0.7358776844070962,0.7919639908862766,0.007535088509663736,0.002142950471018168,0.026052679935583557,0.002266416922123255,COMPLETE
414,414,0.7326665825591749,2022-09-13 16:45:37.262362,2022-09-13 16:45:39.582007,0 days 00:00:02.319645,0.8789087257598277,10,45,52,5.896387177648707,14.08070276486177,0.468098822131884,0.13650956153869628,0.0352130651473999,0.7326665825591749,0.7846574306175184,0.7364480383348309,0.7820998243299871,0.7223719676549865,0.7834777295424942,0.7248596740380064,0.7921155749859259,0.7907452492053831,0.7839317815962632,0.7664565826330532,0.7813862105402193,0.7274743230625583,0.783655767071721,0.6902427637721755,0.7890550703341699,0.7139355742296919,0.7833994436005811,0.7257236227824464,0.7753120459648659,0.7284080298786181,0.7921408582089553,0.008655690825321803,0.00423998578361077,0.02634397946865018,0.00489946332120324,COMPLETE
415,415,0.7221596530679628,2022-09-13 16:45:39.588284,2022-09-13 16:45:41.732201,0 days 00:00:02.143917,0.8502691037242266,7,49,68,3.7483752290739853,14.542405260399986,0.504544727072191,0.12091238498687744,0.03375918865203857,0.7221596530679628,0.7801490952884056,0.7353998203054807,0.782655321397681,0.7192273135669363,0.779862147550425,0.7118752958679921,0.781946776391111,0.7805842970176506,0.7742490856983187,0.7526844070961718,0.7805553262448818,0.729108309990663,0.7762679963016774,0.682889822595705,0.7861275756174878,0.7106676003734828,0.7786789228635582,0.7061157796451913,0.7742271083740588,0.6930438842203548,0.7869206924448553,0.009360007535190729,0.002483458261546857,0.027317527045926004,0.004224468284021143,COMPLETE
416,416,0.7286637265983691,2022-09-13 16:45:41.742068,2022-09-13 16:45:44.258370,0 days 00:00:02.516302,0.9037835885109271,11,17,34,3.4275518747995983,13.594972267659454,0.4821924059976571,0.15498521327972412,0.03645656108856201,0.7286637265983691,0.8035310905778547,0.7349505840071877,0.8035648007662598,0.7244684037136867,0.8012321672229894,0.7248596740380064,0.80184793207503,0.7826807330763508,0.8016643299118626,0.7435807656395892,0.8046654173821159,0.7439309056956116,0.807076963082816,0.6779878618113913,0.8106207073041871,0.7096171802054155,0.799998968101968,0.7215219421101774,0.8006738294148725,0.7230392156862745,0.8039657905164443,0.005492384846676265,0.0036928470534184875,0.025413563969536968,0.0031073360281667567,COMPLETE
417,417,0.7291411502722412,2022-09-13 16:45:44.269248,2022-09-13 16:45:46.699909,0 days 00:00:02.430661,0.8605248522981916,9,25,72,1.3224016006055699,14.236984302116674,0.9879889807541592,0.14978957176208496,0.03353903293609619,0.7291411502722412,0.8089785183028475,0.7412398921832883,0.8132788776936241,0.7223719676549865,0.8076120231777075,0.7248596740380064,0.8067314199144262,0.783728951105701,0.804081243235981,0.7362278244631186,0.8091673821159688,0.7247899159663866,0.8076036438383305,0.6875583566760037,0.8164261656320169,0.71171802054155,0.8082446588957866,0.7266573295985062,0.8047944046361115,0.7322595704948647,0.8118453638885219,0.008370282242527602,0.0026182423934750874,0.023039320088686813,0.0036476117468151738,COMPLETE
418,418,0.7322953019714683,2022-09-13 16:45:46.706815,2022-09-13 16:45:49.343950,0 days 00:00:02.637135,0.8886506033121992,13,47,50,5.113333646752467,12.924805979527367,0.5146629810356067,0.1415379524230957,0.037830567359924315,0.7322953019714683,0.7882696585271002,0.7339023659778376,0.7853438363771104,0.7234201856843365,0.7844107829598024,0.7188915939676743,0.7902645107527813,0.7956651112463651,0.7831477117524343,0.7420634920634921,0.7868728123761722,0.7487161531279178,0.7879036785101043,0.6749533146591971,0.7940983687755911,0.7237394957983193,0.7884512036058644,0.7357609710550888,0.7882095330867785,0.7258403361344539,0.7939941470743627,0.008347315086750925,0.00454551055258129,0.028384480133238278,0.0035004350669177865,COMPLETE
