,number,value,datetime_start,datetime_complete,duration,params_colsample_bytree,params_max_depth,params_min_child_samples,params_num_leaves,params_reg_alpha,params_reg_lambda,params_subsample,user_attrs_mean_fit_time,user_attrs_mean_score_time,user_attrs_mean_test_score,user_attrs_mean_train_score,user_attrs_split0_test_score,user_attrs_split0_train_score,user_attrs_split1_test_score,user_attrs_split1_train_score,user_attrs_split2_test_score,user_attrs_split2_train_score,user_attrs_split3_test_score,user_attrs_split3_train_score,user_attrs_split4_test_score,user_attrs_split4_train_score,user_attrs_split5_test_score,user_attrs_split5_train_score,user_attrs_split6_test_score,user_attrs_split6_train_score,user_attrs_split7_test_score,user_attrs_split7_train_score,user_attrs_split8_test_score,user_attrs_split8_train_score,user_attrs_split9_test_score,user_attrs_split9_train_score,user_attrs_std_fit_time,user_attrs_std_score_time,user_attrs_std_test_score,user_attrs_std_train_score,state
111,111,0.73346463763026,2022-09-13 16:33:42.979684,2022-09-13 16:33:45.305530,0 days 00:00:02.325846,0.8556937626517005,12,47,62,4.091989655230548,13.722505172633692,0.8717387285149418,0.13772692680358886,0.03723831176757812,0.73346463763026,0.791170307507602,0.7144354597184785,0.7984462183468852,0.7223719676549865,0.7896315471140369,0.721715019949956,0.7925647923997359,0.7949381213227835,0.7849445814076743,0.7431139122315593,0.7868040879672433,0.7529178338001867,0.7949624801875578,0.69234360410831,0.7931779157310791,0.7327264239028946,0.7897338528595959,0.736811391223156,0.7887176396777176,0.7232726423902894,0.7927199593844935,0.007026439250243648,0.006506389371679397,0.02584627028735001,0.003794288543890429,COMPLETE
112,112,0.7343737089073812,2022-09-13 16:33:45.309636,2022-09-13 16:33:47.592984,0 days 00:00:02.283348,0.830357532816462,12,51,68,4.665375804214035,13.112302711208395,0.8943456941269654,0.1345285177230835,0.03366715908050537,0.7343737089073812,0.7883546864909693,0.7374962563641809,0.7859210083582595,0.7213237496256364,0.788650396031633,0.7318759721376885,0.791115551082614,0.7823595049705823,0.7831650210472783,0.7489495798319328,0.7871268656716418,0.7466153127917834,0.7920265239070137,0.6833566760037348,0.7891237947430987,0.7258403361344539,0.7872164344208163,0.7457983193277311,0.7864125858539163,0.7201213818860878,0.7927886837934223,0.007957456427539429,0.0012701440594372032,0.02420835925354895,0.002843842476517435,COMPLETE
113,113,0.7305260753114392,2022-09-13 16:33:47.603546,2022-09-13 16:33:49.633540,0 days 00:00:02.029994,0.4305346571877975,13,49,60,2.8118989044496807,13.948756049492262,0.8027409162055744,0.10967917442321777,0.03541474342346192,0.7305260753114392,0.7782455875126669,0.7261156034740941,0.7798068249141776,0.7244684037136867,0.7790733871284042,0.7192973557854873,0.7753160800876344,0.7735679989179685,0.7751324779244672,0.7547852474323062,0.7780919792629771,0.7222222222222222,0.7762201162329943,0.7082166199813258,0.7847885847312112,0.7189542483660131,0.7779962191256109,0.7396125116713352,0.7741899600449083,0.7180205415499533,0.7818402456742835,0.004873738825365896,0.005633521401238961,0.01887556902834322,0.003126739316584606,COMPLETE
114,114,0.7312224199884864,2022-09-13 16:33:49.641628,2022-09-13 16:33:51.888386,0 days 00:00:02.246758,0.7321333813087949,11,41,66,4.529609687334922,13.368945800050422,0.7743083163958856,0.1334681034088135,0.03447821140289307,0.7312224199884864,0.7892966007173114,0.7401916741539383,0.7943376868945216,0.7213237496256364,0.7878616356096121,0.721715019949956,0.7917483706595914,0.7844559410292825,0.7850484371767386,0.7547852474323062,0.7845677585523709,0.7285247432306255,0.7850488294148725,0.6912931839402428,0.7934111246863029,0.7162698412698413,0.7914203870030379,0.7347105508870215,0.7850403678510105,0.7189542483660131,0.7944814093250561,0.012384996394647135,0.0038305456432829077,0.023760708120813483,0.0039796078635011825,COMPLETE
115,115,0.7300685277154074,2022-09-13 16:33:51.892146,2022-09-13 16:33:54.186466,0 days 00:00:02.294320,0.776055618269206,12,31,64,4.936299264370153,14.747982984593298,0.7824715306790962,0.13928489685058593,0.03332717418670654,0.7300685277154074,0.7911985121996364,0.7349505840071877,0.7934046334772135,0.7181790955375861,0.7904684052011535,0.7196185838912559,0.7895150594986404,0.8009062013931156,0.7861951779601573,0.7441643323996265,0.7891361775194823,0.7337768440709618,0.7933694360058117,0.69234360410831,0.7926636177519482,0.7104341736694677,0.790164773477744,0.7188375350140056,0.7886612980451724,0.7274743230625583,0.798406543059041,0.007184344149549764,0.0014908758136163327,0.027288013016406126,0.003222450044524013,COMPLETE
116,116,0.7337804243222953,2022-09-13 16:33:54.190104,2022-09-13 16:33:56.484254,0 days 00:00:02.294150,0.8028192022214476,15,37,54,4.090401706193026,12.792038593813611,0.8203391117072947,0.13924355506896974,0.032897424697875974,0.7337804243222953,0.7952415334538272,0.7223719676549865,0.7973279992403459,0.7234201856843365,0.7974590808598128,0.7126022857915737,0.7960810520094855,0.7998579833637656,0.7925474831048919,0.75,0.7955640767401928,0.746031746031746,0.7934257776383569,0.6944444444444444,0.7953455207370228,0.7242063492063492,0.7949061385550126,0.7326097105508871,0.79186596057324,0.7322595704948647,0.7978922450799102,0.0071909098229027335,0.0026543153170719026,0.026660982918563666,0.001979359126258249,COMPLETE
117,117,0.7307804507479599,2022-09-13 16:33:56.487899,2022-09-13 16:33:58.925071,0 days 00:00:02.437172,0.8880318079838186,14,47,62,3.1228839139939506,12.42508777620352,0.7305526677164875,0.14716994762420654,0.036502647399902347,0.7307804507479599,0.7976593583547349,0.7213237496256364,0.7991664447568385,0.718628331835879,0.7972462538524578,0.7259078920673565,0.7999645159455697,0.7865523770879828,0.7961307132006452,0.7456816059757236,0.7946019350151896,0.7386788048552755,0.7978297120591731,0.679154995331466,0.7999911256769251,0.734827264239029,0.7981440281997094,0.7268907563025211,0.795393400805706,0.7301587301587302,0.798125454035134,0.009260140461072491,0.006923496164869925,0.025204884083112698,0.001746229728342583,COMPLETE
118,118,0.7340232918081009,2022-09-13 16:33:58.933219,2022-09-13 16:34:01.295628,0 days 00:00:02.362409,0.8652323137623176,13,45,56,4.782800909260656,14.312098224411695,0.8413976389551331,0.14170303344726562,0.034731721878051756,0.7340232918081009,0.7896073249852434,0.717580113806529,0.790666782266205,0.7223719676549865,0.7866472211728812,0.7167951579089742,0.7896986616618077,0.7907452492053831,0.7889145918179787,0.7531512605042017,0.7878326839255052,0.7428804855275444,0.7922597328622375,0.6865079365079365,0.7912435196803593,0.7369281045751634,0.7923199957073042,0.740546218487395,0.780869642385418,0.7327264239028946,0.795620418372738,0.008197764875617004,0.0020405124960420438,0.025836073498695537,0.003782824463349853,COMPLETE
119,119,0.726246382099198,2022-09-13 16:34:01.299459,2022-09-13 16:34:03.423993,0 days 00:00:02.124534,0.6053162719242009,11,43,72,5.569595834499545,10.002804802033566,0.7033253417636546,0.12082395553588868,0.0341322660446167,0.726246382099198,0.7845427211860023,0.7190775681341719,0.7917994513150479,0.7123390236597784,0.7814745546837424,0.715746939879624,0.7837654887279399,0.7756644349766687,0.7784282500879889,0.7410130718954249,0.7827291226390174,0.7343604108309991,0.7864959632148989,0.6902427637721755,0.7883554434684983,0.7144024276377217,0.7817106392814688,0.7315592903828197,0.7811445400211332,0.7280578898225958,0.7895237584202879,0.002564229670537388,0.006322809671043805,0.02132868885781387,0.004075350602620678,COMPLETE
120,120,0.7267987353188384,2022-09-13 16:34:03.427662,2022-09-13 16:34:05.640133,0 days 00:00:02.212471,0.8461884678788075,15,33,68,9.421573371348718,11.768324346308717,0.681070873460973,0.13170695304870605,0.03460693359375,0.7267987353188384,0.7793195341516451,0.746031746031746,0.7804525309073944,0.7102425876010782,0.7773720096360472,0.7196185838912559,0.7787157080202205,0.7795360789883006,0.7739315425631439,0.7410130718954249,0.7785105171047417,0.7433473389355743,0.7783877212389381,0.6823062558356676,0.7854882115968829,0.7085667600373483,0.7823145060097741,0.719421101774043,0.773165285299168,0.7179038281979458,0.7848573091401401,0.009014934791341087,0.004042977263539128,0.02529473239388244,0.0038930520834481374,COMPLETE
121,121,0.7312935774837425,2022-09-13 16:34:05.644251,2022-09-13 16:34:08.015694,0 days 00:00:02.371443,0.7862351905060581,15,39,64,5.125707115388894,12.217026453966326,0.7458613919763695,0.1386248826980591,0.03706374168395996,0.7312935774837425,0.7906108555544795,0.7418388739143456,0.7937064308436083,0.7213237496256364,0.7906331345434128,0.7259078920673565,0.7936814479802115,0.794616893217015,0.7876813045603397,0.7521008403361344,0.7873871103553032,0.7216386554621849,0.7900836662924317,0.6770541549953315,0.7903732168802007,0.7321428571428572,0.7932736758684453,0.7230392156862745,0.7840511903975698,0.7232726423902894,0.7952373778232731,0.007464250402645062,0.004728790306810261,0.028019126485515307,0.003314292543845097,COMPLETE
122,122,0.7318052976922155,2022-09-13 16:34:08.020154,2022-09-13 16:34:10.568495,0 days 00:00:02.548341,0.8159342168956819,15,37,66,4.369591028770754,12.638974796407362,0.7599574688369586,0.15960001945495605,0.03426516056060791,0.7318052976922155,0.7956373709436813,0.7328541479484876,0.8008618358445269,0.7234201856843365,0.79570960570236,0.7055859876918915,0.7952149690781811,0.7956651112463651,0.7921975880734013,0.7452147525676938,0.7922574626865672,0.7439309056956116,0.7970822051248183,0.6860410830999066,0.7966157872143707,0.7252567693744164,0.7957910943072249,0.7357609710550888,0.7924698273015454,0.7243230625583567,0.7981733341038172,0.016880497078858994,0.001648171952774607,0.027152642226034127,0.0026508013443922807,COMPLETE
123,123,0.7350268348361865,2022-09-13 16:34:10.572119,2022-09-13 16:34:12.870853,0 days 00:00:02.298734,0.823172315746416,14,43,62,5.059333229791057,13.126894318882785,0.7676138220785831,0.13908286094665528,0.03256292343139648,0.7350268348361865,0.7889943699111139,0.744983528002396,0.7914976539486531,0.7223719676549865,0.7881153353109112,0.7167951579089742,0.790098217884458,0.7935686751876648,0.7823312900122896,0.7435807656395892,0.7853755283317924,0.7397292250233427,0.7889531188086119,0.6833566760037348,0.7925948933430194,0.736811391223156,0.7890944888389909,0.7347105508870215,0.7872975416061286,0.7343604108309991,0.7945856310262844,0.007679759139310262,0.0015731201301102421,0.02605309738767732,0.0033595711460697626,COMPLETE
124,124,0.733776652271783,2022-09-13 16:34:12.876012,2022-09-13 16:34:15.418828,0 days 00:00:02.542816,0.7558739195168999,14,29,60,5.360358363704934,13.550106703941434,0.7915112855308956,0.14457643032073975,0.053337836265563966,0.733776652271783,0.7920411438760537,0.7439353099730459,0.7892816520825463,0.7234201856843365,0.7929585431155315,0.7227632379793061,0.7929319967260706,0.7805842970176506,0.7886813284636517,0.7420634920634921,0.7883886705851275,0.7619047619047619,0.7939130398890504,0.6844070961718021,0.7945292893937392,0.7235060690943044,0.7932297170122837,0.7246732026143792,0.7888821242240127,0.7305088702147525,0.7976150772685247,0.007047119298046423,0.06356543879807197,0.02453356279938066,0.0029331666061827902,COMPLETE
125,125,0.7346311105087195,2022-09-13 16:34:15.425822,2022-09-13 16:34:17.821540,0 days 00:00:02.395718,0.9020198248087,15,47,70,4.750324348887805,13.874765431101048,0.7197882840251257,0.14391014575958253,0.03536844253540039,0.7346311105087195,0.7883666963185229,0.7249176400119797,0.7870933115345632,0.7223719676549865,0.7862287921293228,0.7238114560086563,0.7906317150791158,0.7855041590586326,0.7850807890730542,0.75,0.787572439241844,0.7497665732959851,0.7887199098533879,0.69234360410831,0.7907083773609827,0.734827264239029,0.7891029504028529,0.7315592903828197,0.7846426743494914,0.7312091503267975,0.7938860041606128,0.00671620123364282,0.0019684627982850095,0.022857105343994998,0.0027061389932861828,COMPLETE
126,126,0.7329598506069095,2022-09-13 16:34:17.828987,2022-09-13 16:34:20.189887,0 days 00:00:02.360900,0.6842397500266039,14,53,66,3.9218082485263857,7.852801036047307,0.7424283154590313,0.13775479793548584,0.03743367195129395,0.7329598506069095,0.7914088008980583,0.7270140760706798,0.7942006188703861,0.7244684037136867,0.7924234823948095,0.7308277541083383,0.7926814240768995,0.7581659565834855,0.7843313378189134,0.7505835667600373,0.7901585820895523,0.7529178338001867,0.7943107333905692,0.6844070961718021,0.7926427734117025,0.7289915966386555,0.7937400937788932,0.736811391223156,0.7881616530180954,0.7354108309990663,0.7914373101307621,0.019513771748790182,0.0035881885607602997,0.019621991887014422,0.002966825501677436,COMPLETE
127,127,0.7288284465744098,2022-09-13 16:34:20.193622,2022-09-13 16:34:22.518801,0 days 00:00:02.325179,0.8402631786135861,15,41,68,5.871793912773481,11.499742646887597,0.65856852422865,0.13838582038879393,0.03315587043762207,0.7288284465744098,0.7877063584000136,0.7339023659778376,0.7902147054998545,0.7202755315962863,0.788650396031633,0.7167951579089742,0.789080884686302,0.789697031176033,0.7814652070809853,0.7468487394957983,0.7809800554748383,0.738562091503268,0.7845824115044248,0.69234360410831,0.7927802222295601,0.7062324929971988,0.7904396711134593,0.7267740429505136,0.7865770704002113,0.7168534080298786,0.7922929599788667,0.007938092097943062,0.0029197530484196513,0.025214082198351702,0.003981881436575942,COMPLETE
128,128,0.7284012316632881,2022-09-13 16:34:22.525771,2022-09-13 16:34:24.653585,0 days 00:00:02.127814,0.546392968405332,13,37,64,4.556553277690934,12.843659802222373,0.4956470585055346,0.12096495628356933,0.03525259494781494,0.7284012316632881,0.7845612811939506,0.7223719676549865,0.7845334010416345,0.7255166217430369,0.7868323868621125,0.7213937918441875,0.7819987042756431,0.769375126800568,0.7824155697931374,0.7457983193277311,0.7815151977942147,0.7343604108309991,0.7865646876238277,0.7040149393090569,0.7873747275789196,0.7242063492063492,0.7880867372209748,0.7137021475256768,0.7759930986659622,0.7232726423902894,0.7902983010830802,0.005643627845893741,0.005584410808262179,0.01722051557300011,0.003953394836578578,COMPLETE
129,129,0.728688774150358,2022-09-13 16:34:24.661218,2022-09-13 16:34:26.858667,0 days 00:00:02.197449,0.6482885633667298,15,49,70,4.242825362419635,13.362110194525187,0.5135507087159712,0.1277930498123169,0.03384976387023926,0.728688774150358,0.7840984872832182,0.7223719676549865,0.7874010953056265,0.7223719676549865,0.786249228476295,0.6996179076215594,0.784465278790921,0.7876005951173328,0.7779316381763917,0.7447478991596639,0.782633362501651,0.7375116713352008,0.7840264248448026,0.6749533146591971,0.7861067312772421,0.7438141923436041,0.7856318518029322,0.7247899159663866,0.7802950815612204,0.729108309990663,0.7862441800950997,0.005279840269026804,0.001758351134550704,0.02804089160045678,0.0028513750785417857,COMPLETE
130,130,0.731228806190766,2022-09-13 16:34:26.868397,2022-09-13 16:34:29.643244,0 days 00:00:02.774847,0.8147861930016305,14,9,58,4.928099959024985,14.49290674458515,0.828696651573861,0.18117616176605225,0.037168455123901364,0.731228806190766,0.8072152394355522,0.7306079664570231,0.8102332427115523,0.7286612758310871,0.8071250601220814,0.7178433759383243,0.809431257784031,0.7998579833637656,0.8034807755553193,0.7435807656395892,0.8049549679698851,0.746031746031746,0.8064043719455818,0.6758870214752568,0.8103959599128252,0.7215219421101774,0.8060522883370758,0.7240896358543417,0.8029101588297451,0.7242063492063492,0.8111643111874257,0.01027511735715839,0.006978136087533241,0.02919765108315584,0.0028167018265485098,COMPLETE
131,131,0.7336729883675929,2022-09-13 16:34:29.652354,2022-09-13 16:34:31.966936,0 days 00:00:02.314582,0.713664061878737,15,35,66,4.7438392187295,12.515064172538034,0.7378860894839965,0.13736484050750733,0.03513138294219971,0.7336729883675929,0.7926101873667045,0.7312069481880803,0.7928491364095196,0.7133872416891285,0.7902832395119223,0.721715019949956,0.7960983613043295,0.8009062013931156,0.7878453307352906,0.7573529411764706,0.7892527819970941,0.7587535014005602,0.794214973253203,0.6770541549953315,0.7980567296262053,0.7279411764705883,0.7923408400475499,0.7204715219421102,0.7874620261524237,0.7279411764705883,0.7976984546295073,0.007912467710484082,0.0029536263655227536,0.031171046593552437,0.0036921796522811127,COMPLETE
132,132,0.7362518846045215,2022-09-13 16:34:31.970761,2022-09-13 16:34:34.317387,0 days 00:00:02.346626,0.7830738916124639,15,39,68,5.181933863686414,11.921877902032461,0.753094547450152,0.13972201347351074,0.03486170768737793,0.7362518846045215,0.790563561330694,0.744983528002396,0.7909830295749034,0.7223719676549865,0.7907497662205762,0.7196185838912559,0.7877979362375033,0.7928416852640834,0.7857286512515032,0.7468487394957983,0.7884658565579183,0.7598039215686274,0.7946605468234051,0.682889822595705,0.7914643458591997,0.7390289449112979,0.7926906534803857,0.7336601307189543,0.787112212719588,0.7204715219421102,0.7959826145819575,0.0067929504559243615,0.002015997055698598,0.02743340383683135,0.0031469858292589017,COMPLETE
133,133,0.7359526707822508,2022-09-13 16:34:34.321820,2022-09-13 16:34:36.631453,0 days 00:00:02.309633,0.7821606202877346,15,39,72,5.226947530912364,11.191494368065332,0.7741648816517337,0.14035227298736572,0.03272881507873535,0.7359526707822508,0.7918517837287405,0.7529200359389039,0.7895149154368735,0.7223719676549865,0.7945913865958207,0.7266348819909381,0.7855646250765524,0.7925204571583148,0.7903314812387849,0.7521008403361344,0.7891570218597279,0.7205882352941176,0.7936713693699644,0.6912931839402428,0.7946458938713512,0.7420634920634921,0.7937524765552767,0.736811391223156,0.7875786306300356,0.7222222222222222,0.7997100366530181,0.00944384926212816,0.0013392893404794903,0.025449884870516755,0.003959928729596064,COMPLETE
134,134,0.7344701909978842,2022-09-13 16:34:36.635286,2022-09-13 16:34:38.903314,0 days 00:00:02.268028,0.781840280545472,15,41,72,5.685134771889368,11.04763702929166,0.8051632937576925,0.13213737010955812,0.035580992698669434,0.7344701909978842,0.7890528094628403,0.7418388739143456,0.7906535708903848,0.7133872416891285,0.7917513536499522,0.7346993981199703,0.7870311756885184,0.789697031176033,0.7853313617222254,0.7410130718954249,0.7898087686567165,0.7587535014005602,0.7886928741249505,0.6912931839402428,0.7908728619072778,0.7214052287581699,0.787892946770572,0.7336601307189543,0.7841762564390438,0.7189542483660131,0.794316924778761,0.0041641367261985585,0.00471006187698636,0.02541196756685799,0.0029091465045647546,COMPLETE
135,135,0.7315826614679144,2022-09-13 16:34:38.907223,2022-09-13 16:34:41.199301,0 days 00:00:02.292078,0.7410092190644832,14,39,38,5.456810314352569,11.187711061502446,0.7644518318734724,0.1372364044189453,0.033687424659729,0.7315826614679144,0.789444494833969,0.744983528002396,0.7883485986652382,0.7223719676549865,0.7887465913618245,0.7238114560086563,0.7889815623039825,0.7784878609589504,0.7858151977257235,0.7478991596638656,0.788807208426892,0.7529178338001867,0.7936798309338264,0.6839402427637722,0.7906272701756702,0.7224556489262371,0.788057431316867,0.7156862745098038,0.7853068039228636,0.7232726423902894,0.7960744535068023,0.011397485159808445,0.0019857206745562124,0.024333477193179423,0.0031275886610685143,COMPLETE
136,136,0.7339046533606342,2022-09-13 16:34:41.205757,2022-09-13 16:34:43.434813,0 days 00:00:02.229056,0.7927496515067417,15,45,72,5.2430921132515484,11.995680858953472,0.41678760731208575,0.13391225337982177,0.032689023017883304,0.7339046533606342,0.7884824865552613,0.7327044025157232,0.793865173781199,0.7234201856843365,0.7879782672867757,0.7248596740380064,0.7899988955021385,0.794616893217015,0.7822319676299702,0.7404295051353875,0.7860751551974641,0.7428804855275444,0.7898380745608242,0.69234360410831,0.7901045106326774,0.7214052287581699,0.7897107383436799,0.7369281045751634,0.7806927750627395,0.7294584500466853,0.7943293075551446,0.008569725825930772,0.0016727231145884543,0.024320275592897747,0.00420990962354908,COMPLETE
137,137,0.7323464484190917,2022-09-13 16:34:43.445845,2022-09-13 16:34:45.712802,0 days 00:00:02.266957,0.8754294534659042,13,39,74,6.566606935721078,11.633068756300444,0.777110749688994,0.1369492530822754,0.03403363227844238,0.7323464484190917,0.7859975905036252,0.7487271638215034,0.785693731408601,0.7112908056304283,0.786413957818554,0.7287313180496382,0.7881327886675222,0.7967133292757151,0.7792815571111941,0.7585200746965453,0.7849260335490689,0.73062558356676,0.7860503896446969,0.6881419234360411,0.7881701145819575,0.7134687208216619,0.7868435064720645,0.7188375350140056,0.7814380118214239,0.7284080298786181,0.7930258139611677,0.004721885371283339,0.0038360132890063532,0.028397646113182108,0.0035595225424066928,COMPLETE
138,138,0.7302633601624866,2022-09-13 16:34:45.720498,2022-09-13 16:34:48.110901,0 days 00:00:02.390403,0.9162361906002161,14,43,68,3.557729853213452,10.768146592733636,0.7901945684360808,0.14553117752075195,0.03328218460083008,0.7302633601624866,0.7987659013207523,0.7270140760706798,0.8011431968639497,0.7234201856843365,0.7952430789937059,0.7199398119970244,0.8021481659153609,0.7855041590586326,0.7967808420724667,0.7457983193277311,0.7949895159159952,0.7449813258636788,0.7994830190859861,0.6875583566760037,0.8001679929996037,0.7125350140056022,0.798273015453705,0.7258403361344539,0.7986312904504028,0.7300420168067228,0.8007988954563465,0.006225759642258875,0.001769681162904425,0.02414764083461684,0.002336178774513673,COMPLETE
