,number,value,datetime_start,datetime_complete,duration,params_learning_rate,params_n_estimators,user_attrs_mean_fit_time,user_attrs_mean_score_time,user_attrs_mean_test_score,user_attrs_mean_train_score,user_attrs_split0_test_score,user_attrs_split0_train_score,user_attrs_split1_test_score,user_attrs_split1_train_score,user_attrs_split2_test_score,user_attrs_split2_train_score,user_attrs_split3_test_score,user_attrs_split3_train_score,user_attrs_split4_test_score,user_attrs_split4_train_score,user_attrs_split5_test_score,user_attrs_split5_train_score,user_attrs_split6_test_score,user_attrs_split6_train_score,user_attrs_split7_test_score,user_attrs_split7_train_score,user_attrs_split8_test_score,user_attrs_split8_train_score,user_attrs_split9_test_score,user_attrs_split9_train_score,user_attrs_std_fit_time,user_attrs_std_score_time,user_attrs_std_test_score,user_attrs_std_train_score,state
136,136,0.7288455095976308,2022-09-13 16:21:45.497211,2022-09-13 16:21:47.553903,0 days 00:00:02.056692,0.11009302282540635,70,0.16933920383453369,0.03374102115631104,0.7288455095976308,,0.7217729859239294,,0.7286612758310871,,0.7150199499560425,,0.7634070467302361,,0.7441643323996265,,0.7507002801120448,,0.6896591970121382,,0.7300420168067228,,0.7161531279178338,,0.7288748832866481,,0.009359257644134984,0.002235686982012917,0.019611460799523875,,COMPLETE
137,137,0.7274335266669054,2022-09-13 16:21:47.562233,2022-09-13 16:21:50.200329,0 days 00:00:02.638096,0.07205675718945007,90,0.19664533138275148,0.06453306674957275,0.7274335266669054,,0.7301587301587302,,0.7196765498652291,,0.7139717319266923,,0.769375126800568,,0.7542016806722689,,0.7247899159663866,,0.6854575163398693,,0.7135854341736694,,0.7378618113912232,,0.7252567693744164,,0.004942210425966204,0.088870395731179,0.021905890559944224,,COMPLETE
138,138,0.7221407928154016,2022-09-13 16:21:50.209595,2022-09-13 16:21:52.139118,0 days 00:00:01.929523,0.13810060667752094,60,0.15424032211303712,0.03609445095062256,0.7221407928154016,,0.7253668763102725,,0.7286612758310871,,0.7027625617096098,,0.7493744505308717,,0.7420634920634921,,0.7190709617180205,,0.6928104575163399,,0.7197712418300654,,0.715219421101774,,0.7263071895424836,,0.01305109922338607,0.006649778583678772,0.01583539599705683,,COMPLETE
139,139,0.7313018887814813,2022-09-13 16:21:52.147834,2022-09-13 16:21:54.382139,0 days 00:00:02.234305,0.09560029098838202,80,0.18537096977233886,0.03547613620758057,0.7313018887814813,,0.7165318957771788,,0.726564839772387,,0.7259078920673565,,0.7879218232231013,,0.7351774042950514,,0.7401960784313726,,0.688608776844071,,0.7252567693744164,,0.7289915966386555,,0.7378618113912232,,0.011075685552926193,0.0027222698803649453,0.023403516922437383,,COMPLETE
140,140,0.7242398217148495,2022-09-13 17:03:21.817933,2022-09-13 17:03:25.972161,0 days 00:00:04.154228,0.010437731327363628,70,0.31337120532989504,0.03828184604644776,0.7242398217148495,0.7661616787730113,0.7403414195867026,0.7653938331774803,0.7103923330338424,0.7678286484556108,0.7161527016974369,0.7693851738471391,0.7571177385541354,0.7603157215379556,0.72093837535014,0.7673497143706247,0.7338935574229692,0.7606283433496235,0.6824229691876751,0.7718663320565315,0.7230392156862745,0.768303394531766,0.7415966386554622,0.761669322084269,0.7165032679738562,0.7688763043191125,0.3284601426805767,0.013652145291002421,0.019526063228665225,0.0038032120202288714,COMPLETE
141,141,0.7340400848917372,2022-09-13 17:03:25.975614,2022-09-13 17:03:28.713418,0 days 00:00:02.737804,0.0359235587027105,80,0.1784045934677124,0.034462261199951175,0.7340400848917372,0.7770553261881064,0.7376460017969453,0.7786068604197501,0.7181790955375861,0.7779275067037411,0.7245384459322377,0.776216781608627,0.7855041590586326,0.7698990950535805,0.7447478991596639,0.7760139430062079,0.7535014005602241,0.7768116001849161,0.6776377217553688,0.782889685972791,0.7279411764705883,0.7787104989433364,0.7394957983193278,0.7731529025227843,0.7312091503267975,0.7803243874653282,0.009972373937862824,0.004251457567966017,0.02598655043969542,0.003448502033161892,COMPLETE
142,142,0.7364300376267366,2022-09-13 17:03:28.721994,2022-09-13 17:03:31.242441,0 days 00:00:02.520447,0.05630503907046074,70,0.1634315013885498,0.032398533821105954,0.7364300376267366,0.78336659546906,0.7535190176699611,0.785480904401246,0.7202755315962863,0.7862011308111991,0.7196185838912559,0.7837158275367802,0.7876005951173328,0.7782988425027262,0.7521008403361344,0.7809530197464007,0.7545518207282913,0.7813800191520275,0.6902427637721755,0.7869083096684718,0.7337768440709618,0.7844658070268129,0.7288748832866481,0.7767884856690002,0.7237394957983193,0.7894736081759345,0.006907324837136564,0.002276522832908012,0.025271444806545706,0.003773591757549477,COMPLETE
143,143,0.7351349882618903,2022-09-13 17:03:31.249622,2022-09-13 17:03:33.806942,0 days 00:00:02.557320,0.05729233899289427,70,0.16710546016693115,0.03157639503479004,0.7351349882618903,0.783810064974338,0.752470799640611,0.7858993334448043,0.7213237496256364,0.7852680773938909,0.7287313180496382,0.7838324592139436,0.789697031176033,0.7782318720167225,0.7468487394957983,0.7829561402060494,0.7466153127917834,0.786504424778761,0.6902427637721755,0.785021793686435,0.7226890756302521,0.7833955223880598,0.7267740429505136,0.7783730682868841,0.7259570494864613,0.7886179583278299,0.012472936607387254,0.0005281193472372566,0.02470357572254346,0.0031609056756362643,COMPLETE
144,144,0.7081806327724841,2022-09-13 17:03:33.810201,2022-09-13 17:03:36.420564,0 days 00:00:02.610363,0.3828678602000961,70,0.16803975105285646,0.032749056816101074,0.7081806327724841,0.8458156727007105,0.6982629529799341,0.8475264795192711,0.7048517520215634,0.8447333056720152,0.7192128220734428,0.8420429995854011,0.7146141881382295,0.8419067919200212,0.7096171802054155,0.8459958228767666,0.6898926237161531,0.8499147652225598,0.6889589169000934,0.8497271661603487,0.7166199813258637,0.847341005151235,0.7088001867413632,0.8463602892616563,0.7309757236227825,0.8426081016378285,0.00840499288741306,0.0022981419930695438,0.012528980715873383,0.0028045916427848283,COMPLETE
145,145,0.7331616233427841,2022-09-13 17:03:36.423898,2022-09-13 17:03:38.759898,0 days 00:00:02.336000,0.05985066046066097,60,0.14660561084747314,0.03207528591156006,0.7331616233427841,0.7813088977211342,0.7376460017969453,0.7806581329435978,0.7192273135669363,0.7802805765939835,0.7266348819909381,0.7805991241496809,0.783728951105701,0.7766291137393764,0.7478991596638656,0.7801846684718003,0.7455648926237162,0.7835205884295338,0.6818394024276377,0.7869438069607714,0.7337768440709618,0.7832518821820103,0.7347105508870215,0.7769529702152952,0.7205882352941176,0.7840681135252938,0.011262181046743792,0.0019410939808822071,0.02445363329700356,0.0030357096371978515,COMPLETE
146,146,0.7308298070699165,2022-09-13 17:03:38.764996,2022-09-13 17:03:41.353720,0 days 00:00:02.588724,0.08046539705202344,70,0.16363370418548584,0.03233485221862793,0.7308298070699165,0.79311568568271,0.7213237496256364,0.796580111512269,0.7234201856843365,0.7893020884295183,0.7248596740380064,0.7941479746888654,0.7914722391289646,0.7902645107527813,0.7489495798319328,0.7955640767401928,0.7529178338001867,0.7910519994056266,0.6854575163398693,0.7975818501518954,0.7141690009337068,0.7922033912296922,0.7267740429505136,0.7887655197464007,0.7189542483660131,0.7956953341698587,0.004888511764743146,0.0015486509511240495,0.026773731726775007,0.003038938062176158,COMPLETE
147,147,0.7300950599351121,2022-09-13 17:03:41.359461,2022-09-13 17:03:44.040508,0 days 00:00:02.681047,0.12741791456564835,70,0.1729567289352417,0.034499192237854005,0.7300950599351121,0.8105892539234496,0.7117400419287212,0.8154804296174274,0.7228212039532794,0.8111386348107368,0.7209880300263745,0.81156297986929,0.7809055251234192,0.8051933654297114,0.7521008403361344,0.8072955190859861,0.7401960784313726,0.8116724177783647,0.6907096171802054,0.8129612584202879,0.733076563958917,0.8091589205521067,0.7221055088702147,0.8110060180293224,0.7263071895424836,0.8104229956412627,0.006565543309340778,0.0036327558894448087,0.02297612964483781,0.002723686839961376,COMPLETE
148,148,0.7165224194770219,2022-09-13 17:03:44.043859,2022-09-13 17:03:48.344569,0 days 00:00:04.300710,0.10323126825611735,140,0.30035326480865476,0.035542535781860354,0.7165224194770219,0.8287436826209233,0.6877807726864331,0.8335860008958964,0.7207247678945792,0.8265327776298379,0.7181646040440928,0.8309953421511826,0.726229120173125,0.8253774456591174,0.7281746031746031,0.8273036091665567,0.7205882352941176,0.8296171245542201,0.6853408029878618,0.8308017434949149,0.7225723622782446,0.8282032178708228,0.719421101774043,0.8255483506141856,0.7362278244631186,0.8294712141725004,0.006724571089900371,0.0006285728732970325,0.015806844731617257,0.0025068216319230176,COMPLETE
149,149,0.7004598776008679,2022-09-13 17:03:48.352524,2022-09-13 17:03:50.716726,0 days 00:00:02.364202,0.5391365919425641,60,0.14733049869537354,0.032691669464111325,0.7004598776008679,0.8491302258928497,0.672806229410003,0.8519993559454287,0.720125786163522,0.8497003701249507,0.7325184283492256,0.8489761964225808,0.6893724217217827,0.8508227272689807,0.7196545284780579,0.8480947034737816,0.6898926237161531,0.8424250429269581,0.6741363211951448,0.8528963313961168,0.7038982259570494,0.8496939390437195,0.6918767507002801,0.8485155114912164,0.7103174603174602,0.8481780808347643,0.007764574033456756,0.004469042640476899,0.01912550630557401,0.0027067105527155367,COMPLETE
150,150,0.7327885242147173,2022-09-13 17:03:50.724935,2022-09-13 17:03:52.789544,0 days 00:00:02.064609,0.05314379294152425,50,0.12645151615142822,0.03090658187866211,0.7327885242147173,0.775999526509274,0.7365977837675951,0.775718729808786,0.7160826594788858,0.7779479430507131,0.7063129776154731,0.7747005698055012,0.7795360789883006,0.7688494099591089,0.7384453781512605,0.7762679963016774,0.7603874883286648,0.7757142798177254,0.6839402427637722,0.7790687739400344,0.7337768440709618,0.7778734232598071,0.7426470588235294,0.7734339915466913,0.7301587301587302,0.7804201476026945,0.007247548290758084,0.0014335225371616244,0.025426021188602044,0.003096703085999184,COMPLETE
151,151,0.7308315687808904,2022-09-13 17:03:52.796977,2022-09-13 17:03:55.397930,0 days 00:00:02.600953,0.028152017895989194,80,0.1701969861984253,0.0327662467956543,0.7308315687808904,0.7748618271820136,0.7386942198262954,0.7756020981316225,0.7160826594788858,0.7758281365147978,0.7263136538851693,0.7727848017797252,0.7795360789883006,0.7661992332806636,0.7315592903828197,0.7741753070928543,0.7572362278244631,0.7757351241579712,0.6676003734827265,0.7793707073041871,0.7247899159663866,0.7781962009642055,0.7394957983193278,0.7722200667018888,0.7270074696545286,0.7785065958922204,0.005559170705067884,0.0034818188127589324,0.027375182756896845,0.0036576162418808394,COMPLETE
152,152,0.7329863615155943,2022-09-13 17:03:55.404877,2022-09-13 17:03:58.191372,0 days 00:00:02.786495,0.07421299850052987,80,0.18289732933044434,0.033773946762084964,0.7329863615155943,0.7963520574399944,0.7133872416891285,0.8017527780014078,0.7244684037136867,0.7941729575522622,0.737117062284439,0.795964420332322,0.7907452492053831,0.7920613804080213,0.7420634920634921,0.7979170106326774,0.7518674136321195,0.7998328325188218,0.6865079365079365,0.7941107515519746,0.7379785247432307,0.7976088858803329,0.7267740429505136,0.7910497292299564,0.7189542483660131,0.7990498282921674,0.006254102144002839,0.004230812869367279,0.025825143007119376,0.0033020755033421347,COMPLETE
153,153,0.7324144376760645,2022-09-13 17:03:58.196822,2022-09-13 17:04:00.787981,0 days 00:00:02.591159,0.05382474884292242,70,0.16507062911987305,0.03432800769805908,0.7324144376760645,0.7817447250127446,0.7401916741539383,0.781400034267006,0.7181790955375861,0.7819819540863404,0.7175221478325556,0.7816661185389966,0.7844559410292825,0.7758322679874483,0.7468487394957983,0.7803012729494122,0.7545518207282913,0.7810989301281205,0.6881419234360411,0.7857214205521067,0.7247899159663866,0.7823939621582354,0.7257236227824464,0.7776255613525294,0.7237394957983193,0.7894257281072514,0.009840802483640596,0.0035796297148106234,0.024555756977661925,0.003603331172272699,COMPLETE
154,154,0.7402939670491853,2022-09-13 17:04:00.795232,2022-09-13 17:04:03.232092,0 days 00:00:02.436860,0.08745022009149095,60,0.1518465280532837,0.03313465118408203,0.7402939670491853,0.7908133842199518,0.7461814914645104,0.7932939882047185,0.7223719676549865,0.7888355617208642,0.7413099344018395,0.7891952496700931,0.794616893217015,0.7900312473984542,0.7510504201680672,0.7909269333641527,0.7587535014005602,0.7917245905428609,0.6912931839402428,0.7941794759609034,0.7379785247432307,0.7903647553163387,0.7299253034547153,0.787160092788271,0.7294584500466853,0.7924219472328622,0.008750551611367544,0.0032386681862088857,0.02528969123398056,0.0020397137181511517,COMPLETE
155,155,0.7308538387966264,2022-09-13 17:04:03.235497,2022-09-13 17:04:05.678670,0 days 00:00:02.443173,0.0903697476086348,60,0.15283148288726806,0.03473727703094483,0.7308538387966264,0.7926999302386154,0.7213237496256364,0.7926903934719289,0.7244684037136867,0.7937064308436083,0.7238114560086563,0.7943315768520327,0.8016331913166971,0.7899146157212906,0.7345938375350141,0.7914536141196671,0.7508169934640523,0.7920535596354511,0.6860410830999066,0.7944481822084268,0.7258403361344539,0.792786413617752,0.7210550887021475,0.7892195548804649,0.7189542483660131,0.7963949610355303,0.006415941222825884,0.004195196414791728,0.028061285523020493,0.00205510609027463,COMPLETE
156,156,0.7324668485775321,2022-09-13 17:04:05.686869,2022-09-13 17:04:08.377783,0 days 00:00:02.690914,0.11091522990124114,60,0.1556992530822754,0.03381149768829346,0.7324668485775321,0.8007911176762148,0.7258161126085654,0.803627348373659,0.7255166217430369,0.8020485889631341,0.7269561100967066,0.800830598876874,0.7865523770879828,0.7960637427146415,0.7378618113912232,0.7986729791308942,0.7386788048552755,0.801465295205389,0.688608776844071,0.8028228602562408,0.7369281045751634,0.7992413485669,0.7299253034547153,0.7996722691850482,0.7278244631185808,0.8034661454893672,0.008542636013849213,0.0028480991091712243,0.022555019518969592,0.0022771353843828723,COMPLETE
157,157,0.732204325227758,2022-09-13 17:04:08.385120,2022-09-13 17:04:10.707295,0 days 00:00:02.322175,0.06816088533825812,50,0.1399780511856079,0.03647549152374267,0.732204325227758,0.7793289449539497,0.7328541479484876,0.7775163026313345,0.7192273135669363,0.7798140498853294,0.7164739298032055,0.7775493912485854,0.7784878609589504,0.773948851857988,0.7426470588235294,0.7782502724210805,0.7535014005602241,0.778862600713248,0.6807889822595705,0.7833561038832386,0.7327264239028946,0.7813653661999735,0.7415966386554622,0.775039418504821,0.7237394957983193,0.7875870921938977,0.009510441152003129,0.0073838290762101915,0.02434077071958171,0.003794420601450512,COMPLETE
158,158,0.7293335319520382,2022-09-13 17:04:10.715262,2022-09-13 17:04:13.391110,0 days 00:00:02.675848,0.12697117851093187,70,0.17351126670837402,0.03235163688659668,0.7293335319520382,0.8105762438233926,0.7222222222222222,0.814239592429056,0.7238694219826296,0.8130732756574208,0.7188915939676743,0.8107465581291455,0.7717927909650368,0.8072430744274951,0.7584033613445378,0.8095921113459252,0.7301587301587302,0.8088530659754325,0.6844070961718021,0.8144855781931053,0.7341269841269842,0.8095774583938713,0.715219421101774,0.8081866662263901,0.7342436974789917,0.8097650574560824,0.007752199259474305,0.0004280922299076524,0.022589080476831135,0.002395427869154307,COMPLETE
159,159,0.7288768936261865,2022-09-13 17:04:13.399349,2022-09-13 17:04:16.110104,0 days 00:00:02.710755,0.0949155670122446,70,0.17617430686950683,0.03328349590301514,0.7288768936261865,0.8007654035330688,0.7075471698113207,0.8019175073436671,0.7244684037136867,0.801348798900153,0.7301007641847569,0.7991977553965848,0.77429498884155,0.7957138476831509,0.738795518207283,0.8017086167613261,0.7449813258636788,0.8028853932769779,0.6844070961718021,0.8030352248712191,0.7300420168067228,0.8004969620921939,0.7230392156862745,0.7990413667283054,0.73109243697479,0.80230856227711,0.009477385044610244,0.0012003703437128898,0.022168293796445443,0.0021355380999978136,COMPLETE
160,160,0.7215680165350783,2022-09-13 17:04:16.118601,2022-09-13 17:04:18.655776,0 days 00:00:02.537175,0.15051262165534945,60,0.16023476123809816,0.034270429611206056,0.7215680165350783,0.8116572665409025,0.6921233902365977,0.814108510809589,0.7217729859239294,0.8110701007986689,0.70590721579766,0.8132627938355832,0.7588084127950226,0.8085260228762938,0.7467320261437909,0.8127404322414475,0.7148692810457515,0.8130114086646414,0.6917600373482726,0.8109581379606392,0.7321428571428572,0.810402151301017,0.715219421101774,0.8088384130233788,0.7363445378151261,0.8136546938977678,0.01133233177584453,0.00350856962492964,0.021062358326127982,0.0018905676903301475,COMPLETE
161,161,0.7360926983899667,2022-09-13 17:04:18.664122,2022-09-13 17:04:21.488540,0 days 00:00:02.824418,0.04045507637447956,80,0.18631856441497802,0.033987236022949216,0.7360926983899667,0.7792869611311488,0.7397424378556454,0.7777700023326335,0.7192273135669363,0.7807952009677332,0.7266348819909381,0.7808000356076923,0.7876005951173328,0.7740158223439917,0.7468487394957983,0.7782502724210805,0.7624883286647992,0.7791436897371549,0.6807889822595705,0.7844742685906749,0.7268907563025211,0.7812757974507991,0.740546218487395,0.7735027159556201,0.7301587301587302,0.7828418059041078,0.012706518819670085,0.001925330581046785,0.026553568147852837,0.0033571348238712263,COMPLETE
162,162,0.7343181865970166,2022-09-13 17:04:21.492176,2022-09-13 17:04:24.438197,0 days 00:00:02.946021,0.05453084347760071,80,0.19343647956848145,0.03444316387176514,0.7343181865970166,0.7853017085769846,0.7466307277628033,0.7854123703891782,0.7192273135669363,0.7846163849960057,0.7196185838912559,0.7876986138551838,0.7844559410292825,0.7783981648850457,0.7489495798319328,0.783888976026945,0.7497665732959851,0.7834310196803593,0.6881419234360411,0.7892403992207107,0.7337768440709618,0.7860295453044512,0.7278244631185808,0.7831268161405363,0.7247899159663866,0.7911747952714305,0.008118544898309205,0.0011871122619086282,0.02414007641795965,0.003385965295034993,COMPLETE
163,163,0.7308872544757403,2022-09-13 17:04:24.442252,2022-09-13 17:04:27.360462,0 days 00:00:02.918210,0.051522384723192635,80,0.19230196475982667,0.03540127277374268,0.7308872544757403,0.7851712000911519,0.7386942198262954,0.7845274146369658,0.7181790955375861,0.7856179724253816,0.7185703658619058,0.7836661663456205,0.7844559410292825,0.7809317098863273,0.7489495798319328,0.7850550208030642,0.7476657329598506,0.78657314918769,0.682889822595705,0.7878287627129837,0.7168534080298786,0.7859129408268393,0.7267740429505136,0.780540673292828,0.7258403361344539,0.7910581907938186,0.009461773625642189,0.0038381542671122367,0.025287572205005465,0.0029418137988174347,COMPLETE
164,164,0.7334230456231996,2022-09-13 17:04:27.364259,2022-09-13 17:04:30.080782,0 days 00:00:02.716523,0.02485010747298158,80,0.17698049545288086,0.034128427505493164,0.7334230456231996,0.7729676279082414,0.7514225816112609,0.7749023080686414,0.7150344414495358,0.7708201993679182,0.7192973557854873,0.7749511424546723,0.7886488131466829,0.7646830214775379,0.7315592903828197,0.7747104494122308,0.7551353874883286,0.7720308166028266,0.6718020541549954,0.7779506092325981,0.7337768440709618,0.7721389595165764,0.740546218487395,0.7696339238541804,0.7270074696545286,0.7778548490952318,0.00952688442090363,0.002022411008006812,0.028767368516400115,0.0038125296113732813,COMPLETE
165,165,0.7343382260593423,2022-09-13 17:04:30.085867,2022-09-13 17:04:33.322172,0 days 00:00:03.236305,0.06791856844724323,90,0.21525247097015382,0.036389923095703124,0.7343382260593423,0.7975845139754086,0.7428870919436957,0.7993937217064969,0.7234201856843365,0.7963612981002455,0.7339724081963888,0.7984483041424439,0.7774396429296002,0.7946641625886792,0.7542016806722689,0.7952829877162858,0.7359943977591037,0.7959431960771364,0.6865079365079365,0.8011216731607449,0.7300420168067228,0.7979586993131687,0.7299253034547153,0.7952204546955488,0.7289915966386555,0.8014506422533351,0.011036962625254432,0.0035834295532339326,0.021912797062266162,0.002349941634173451,COMPLETE
166,166,0.7269017385814134,2022-09-13 17:04:33.325957,2022-09-13 17:04:36.552780,0 days 00:00:03.226823,0.06764633480089446,90,0.21156916618347169,0.03719539642333984,0.7269017385814134,0.7972966312996779,0.7213237496256364,0.8006826565599642,0.726564839772387,0.7968963588209672,0.7280043281260566,0.7982647019792766,0.7623588287008859,0.7927310852680591,0.75,0.7956328011491216,0.7449813258636788,0.7995517434949149,0.679154995331466,0.8016235883634922,0.7125350140056022,0.7929841252806762,0.7219887955182073,0.7936837521463479,0.7221055088702147,0.8009154999339585,0.007364852232606581,0.003230263844558619,0.02164103661310977,0.003236201320619753,COMPLETE
167,167,0.7338308817136105,2022-09-13 17:04:36.556562,2022-09-13 17:04:39.178932,0 days 00:00:02.622370,0.043767328015514605,70,0.16706931591033936,0.03498950004577637,0.7338308817136105,0.7781890121143543,0.727613057801737,0.7784216947305189,0.7150344414495358,0.7776461456843182,0.7245384459322377,0.7794501166728898,0.7865523770879828,0.7728991667635163,0.7468487394957983,0.7775506455554089,0.7535014005602241,0.7789313251221768,0.6797385620915033,0.7815383123101307,0.7327264239028946,0.7789915879672433,0.740546218487395,0.7745042761854444,0.7312091503267975,0.7819568501518954,0.006673767245462237,0.00328324415399844,0.02606421869843586,0.0026554859501273682,COMPLETE
